{"D:\\brief-gen\\app\\layout.tsx": {"path":"D:\\brief-gen\\app\\layout.tsx","statementMap":{"0":{"start":{"line":10,"column":0},"end":{"line":10,"column":24}},"1":{"start":{"line":2,"column":0},"end":{"line":2,"column":22}},"2":{"start":{"line":4,"column":13},"end":{"line":8,"column":null}},"3":{"start":{"line":15,"column":2},"end":{"line":19,"column":null}}},"fnMap":{"0":{"name":"RootLayout","decl":{"start":{"line":10,"column":24},"end":{"line":10,"column":34}},"loc":{"start":{"line":14,"column":2},"end":{"line":20,"column":1}}}},"branchMap":{},"s":{"0":0,"1":0,"2":0,"3":0},"f":{"0":0},"b":{}}
,"D:\\brief-gen\\app\\page.tsx": {"path":"D:\\brief-gen\\app\\page.tsx","statementMap":{"0":{"start":{"line":4,"column":0},"end":{"line":4,"column":24}},"1":{"start":{"line":1,"column":0},"end":{"line":1,"column":65}},"2":{"start":{"line":2,"column":0},"end":{"line":2,"column":63}},"3":{"start":{"line":5,"column":16},"end":{"line":33,"column":null}},"4":{"start":{"line":35,"column":2},"end":{"line":72,"column":null}},"5":{"start":{"line":57,"column":14},"end":{"line":58,"column":null}}},"fnMap":{"0":{"name":"Home","decl":{"start":{"line":4,"column":24},"end":{"line":4,"column":28}},"loc":{"start":{"line":4,"column":28},"end":{"line":73,"column":1}}},"1":{"name":"(anonymous_1)","decl":{"start":{"line":56,"column":23},"end":{"line":56,"column":24}},"loc":{"start":{"line":57,"column":14},"end":{"line":58,"column":null}}}},"branchMap":{},"s":{"0":0,"1":0,"2":0,"3":0,"4":0,"5":0},"f":{"0":0,"1":0},"b":{}}
,"D:\\brief-gen\\app\\briefs\\page.tsx": {"path":"D:\\brief-gen\\app\\briefs\\page.tsx","statementMap":{"0":{"start":{"line":15,"column":0},"end":{"line":15,"column":24}},"1":{"start":{"line":3,"column":0},"end":{"line":3,"column":56}},"2":{"start":{"line":4,"column":0},"end":{"line":4,"column":51}},"3":{"start":{"line":5,"column":0},"end":{"line":5,"column":102}},"4":{"start":{"line":6,"column":0},"end":{"line":6,"column":58}},"5":{"start":{"line":8,"column":19},"end":{"line":13,"column":null}},"6":{"start":{"line":16,"column":34},"end":{"line":16,"column":54}},"7":{"start":{"line":17,"column":42},"end":{"line":17,"column":54}},"8":{"start":{"line":18,"column":52},"end":{"line":18,"column":63}},"9":{"start":{"line":19,"column":30},"end":{"line":19,"column":86}},"10":{"start":{"line":20,"column":46},"end":{"line":20,"column":61}},"11":{"start":{"line":23,"column":2},"end":{"line":47,"column":null}},"12":{"start":{"line":24,"column":4},"end":{"line":30,"column":5}},"13":{"start":{"line":25,"column":6},"end":{"line":25,"column":null}},"14":{"start":{"line":26,"column":6},"end":{"line":26,"column":null}},"15":{"start":{"line":27,"column":6},"end":{"line":27,"column":null}},"16":{"start":{"line":28,"column":6},"end":{"line":28,"column":null}},"17":{"start":{"line":29,"column":6},"end":{"line":29,"column":12}},"18":{"start":{"line":33,"column":22},"end":{"line":33,"column":76}},"19":{"start":{"line":35,"column":4},"end":{"line":41,"column":5}},"20":{"start":{"line":36,"column":6},"end":{"line":36,"column":null}},"21":{"start":{"line":37,"column":6},"end":{"line":37,"column":null}},"22":{"start":{"line":38,"column":6},"end":{"line":38,"column":null}},"23":{"start":{"line":39,"column":6},"end":{"line":39,"column":null}},"24":{"start":{"line":40,"column":6},"end":{"line":40,"column":12}},"25":{"start":{"line":43,"column":4},"end":{"line":43,"column":null}},"26":{"start":{"line":44,"column":4},"end":{"line":44,"column":null}},"27":{"start":{"line":45,"column":4},"end":{"line":45,"column":null}},"28":{"start":{"line":46,"column":4},"end":{"line":46,"column":null}},"29":{"start":{"line":49,"column":27},"end":{"line":56,"column":33}},"30":{"start":{"line":50,"column":4},"end":{"line":50,"column":35}},"31":{"start":{"line":50,"column":29},"end":{"line":50,"column":35}},"32":{"start":{"line":52,"column":22},"end":{"line":52,"column":61}},"33":{"start":{"line":53,"column":4},"end":{"line":53,"column":null}},"34":{"start":{"line":54,"column":4},"end":{"line":54,"column":null}},"35":{"start":{"line":55,"column":4},"end":{"line":55,"column":null}},"36":{"start":{"line":58,"column":29},"end":{"line":63,"column":49}},"37":{"start":{"line":59,"column":4},"end":{"line":59,"column":35}},"38":{"start":{"line":59,"column":29},"end":{"line":59,"column":35}},"39":{"start":{"line":61,"column":4},"end":{"line":61,"column":null}},"40":{"start":{"line":62,"column":4},"end":{"line":62,"column":null}},"41":{"start":{"line":65,"column":2},"end":{"line":111,"column":null}},"42":{"start":{"line":93,"column":18},"end":{"line":93,"column":46}}},"fnMap":{"0":{"name":"BriefsPage","decl":{"start":{"line":15,"column":24},"end":{"line":15,"column":34}},"loc":{"start":{"line":15,"column":34},"end":{"line":112,"column":1}}},"1":{"name":"(anonymous_1)","decl":{"start":{"line":23,"column":12},"end":{"line":23,"column":15}},"loc":{"start":{"line":23,"column":17},"end":{"line":47,"column":3}}},"2":{"name":"(anonymous_2)","decl":{"start":{"line":49,"column":39},"end":{"line":49,"column":42}},"loc":{"start":{"line":49,"column":44},"end":{"line":56,"column":3}}},"3":{"name":"(anonymous_3)","decl":{"start":{"line":58,"column":41},"end":{"line":58,"column":44}},"loc":{"start":{"line":58,"column":46},"end":{"line":63,"column":3}}},"4":{"name":"(anonymous_4)","decl":{"start":{"line":92,"column":32},"end":{"line":92,"column":33}},"loc":{"start":{"line":93,"column":18},"end":{"line":93,"column":46}}}},"branchMap":{"0":{"loc":{"start":{"line":24,"column":4},"end":{"line":30,"column":5}},"type":"if","locations":[{"start":{"line":24,"column":4},"end":{"line":30,"column":5}}]},"1":{"loc":{"start":{"line":33,"column":36},"end":{"line":33,"column":68}},"type":"binary-expr","locations":[{"start":{"line":33,"column":36},"end":{"line":33,"column":62}},{"start":{"line":33,"column":66},"end":{"line":33,"column":68}}]},"2":{"loc":{"start":{"line":35,"column":4},"end":{"line":41,"column":5}},"type":"if","locations":[{"start":{"line":35,"column":4},"end":{"line":41,"column":5}}]},"3":{"loc":{"start":{"line":50,"column":4},"end":{"line":50,"column":35}},"type":"if","locations":[{"start":{"line":50,"column":4},"end":{"line":50,"column":35}}]},"4":{"loc":{"start":{"line":59,"column":4},"end":{"line":59,"column":35}},"type":"if","locations":[{"start":{"line":59,"column":4},"end":{"line":59,"column":35}}]},"5":{"loc":{"start":{"line":62,"column":20},"end":{"line":62,"column":105}},"type":"cond-expr","locations":[{"start":{"line":62,"column":37},"end":{"line":62,"column":68}},{"start":{"line":62,"column":71},"end":{"line":62,"column":105}}]}},"s":{"0":0,"1":0,"2":0,"3":0,"4":0,"5":0,"6":0,"7":0,"8":0,"9":0,"10":0,"11":0,"12":0,"13":0,"14":0,"15":0,"16":0,"17":0,"18":0,"19":0,"20":0,"21":0,"22":0,"23":0,"24":0,"25":0,"26":0,"27":0,"28":0,"29":0,"30":0,"31":0,"32":0,"33":0,"34":0,"35":0,"36":0,"37":0,"38":0,"39":0,"40":0,"41":0,"42":0},"f":{"0":0,"1":0,"2":0,"3":0,"4":0},"b":{"0":[0],"1":[0,0],"2":[0],"3":[0],"4":[0],"5":[0,0]}}
,"D:\\brief-gen\\app\\chat\\page.tsx": {"path":"D:\\brief-gen\\app\\chat\\page.tsx","statementMap":{"0":{"start":{"line":79,"column":0},"end":{"line":79,"column":24}},"1":{"start":{"line":3,"column":0},"end":{"line":3,"column":51}},"2":{"start":{"line":4,"column":0},"end":{"line":4,"column":64}},"3":{"start":{"line":5,"column":0},"end":{"line":5,"column":56}},"4":{"start":{"line":6,"column":0},"end":{"line":6,"column":51}},"5":{"start":{"line":7,"column":0},"end":{"line":7,"column":71}},"6":{"start":{"line":8,"column":0},"end":{"line":8,"column":74}},"7":{"start":{"line":9,"column":0},"end":{"line":9,"column":46}},"8":{"start":{"line":10,"column":0},"end":{"line":10,"column":73}},"9":{"start":{"line":14,"column":30},"end":{"line":55,"column":1}},"10":{"start":{"line":15,"column":19},"end":{"line":15,"column":21}},"11":{"start":{"line":16,"column":16},"end":{"line":16,"column":36}},"12":{"start":{"line":17,"column":66},"end":{"line":17,"column":70}},"13":{"start":{"line":19,"column":2},"end":{"line":39,"column":3}},"14":{"start":{"line":19,"column":15},"end":{"line":19,"column":16}},"15":{"start":{"line":20,"column":17},"end":{"line":20,"column":32}},"16":{"start":{"line":23,"column":4},"end":{"line":38,"column":5}},"17":{"start":{"line":25,"column":6},"end":{"line":27,"column":7}},"18":{"start":{"line":26,"column":8},"end":{"line":26,"column":38}},"19":{"start":{"line":30,"column":20},"end":{"line":30,"column":53}},"20":{"start":{"line":31,"column":6},"end":{"line":31,"column":46}},"21":{"start":{"line":34,"column":9},"end":{"line":38,"column":5}},"22":{"start":{"line":35,"column":6},"end":{"line":37,"column":7}},"23":{"start":{"line":36,"column":8},"end":{"line":36,"column":78}},"24":{"start":{"line":42,"column":2},"end":{"line":44,"column":3}},"25":{"start":{"line":43,"column":4},"end":{"line":43,"column":34}},"26":{"start":{"line":47,"column":2},"end":{"line":52,"column":3}},"27":{"start":{"line":48,"column":4},"end":{"line":51,"column":7}},"28":{"start":{"line":54,"column":2},"end":{"line":54,"column":18}},"29":{"start":{"line":80,"column":34},"end":{"line":91,"column":4}},"30":{"start":{"line":93,"column":38},"end":{"line":93,"column":49}},"31":{"start":{"line":94,"column":23},"end":{"line":94,"column":34}},"32":{"start":{"line":95,"column":25},"end":{"line":95,"column":40}},"33":{"start":{"line":96,"column":36},"end":{"line":96,"column":51}},"34":{"start":{"line":97,"column":25},"end":{"line":97,"column":53}},"35":{"start":{"line":100,"column":19},"end":{"line":103,"column":null}},"36":{"start":{"line":107,"column":2},"end":{"line":109,"column":null}},"37":{"start":{"line":108,"column":4},"end":{"line":108,"column":null}},"38":{"start":{"line":111,"column":27},"end":{"line":113,"column":3}},"39":{"start":{"line":112,"column":4},"end":{"line":112,"column":null}},"40":{"start":{"line":116,"column":28},"end":{"line":225,"column":3}},"41":{"start":{"line":117,"column":4},"end":{"line":117,"column":37}},"42":{"start":{"line":117,"column":31},"end":{"line":117,"column":37}},"43":{"start":{"line":120,"column":40},"end":{"line":125,"column":null}},"44":{"start":{"line":127,"column":4},"end":{"line":127,"column":null}},"45":{"start":{"line":127,"column":26},"end":{"line":127,"column":51}},"46":{"start":{"line":128,"column":4},"end":{"line":128,"column":null}},"47":{"start":{"line":130,"column":4},"end":{"line":224,"column":5}},"48":{"start":{"line":131,"column":27},"end":{"line":131,"column":48}},"49":{"start":{"line":134,"column":24},"end":{"line":134,"column":96}},"50":{"start":{"line":135,"column":30},"end":{"line":135,"column":86}},"51":{"start":{"line":137,"column":6},"end":{"line":150,"column":7}},"52":{"start":{"line":137,"column":37},"end":{"line":137,"column":68}},"53":{"start":{"line":138,"column":40},"end":{"line":147,"column":null}},"54":{"start":{"line":148,"column":8},"end":{"line":148,"column":null}},"55":{"start":{"line":148,"column":30},"end":{"line":148,"column":51}},"56":{"start":{"line":149,"column":8},"end":{"line":149,"column":14}},"57":{"start":{"line":152,"column":6},"end":{"line":165,"column":7}},"58":{"start":{"line":152,"column":38},"end":{"line":152,"column":58}},"59":{"start":{"line":153,"column":40},"end":{"line":162,"column":null}},"60":{"start":{"line":163,"column":8},"end":{"line":163,"column":null}},"61":{"start":{"line":163,"column":30},"end":{"line":163,"column":51}},"62":{"start":{"line":164,"column":8},"end":{"line":164,"column":14}},"63":{"start":{"line":168,"column":26},"end":{"line":168,"column":148}},"64":{"start":{"line":169,"column":30},"end":{"line":169,"column":83}},"65":{"start":{"line":169,"column":55},"end":{"line":169,"column":82}},"66":{"start":{"line":171,"column":6},"end":{"line":184,"column":7}},"67":{"start":{"line":172,"column":40},"end":{"line":181,"column":null}},"68":{"start":{"line":182,"column":8},"end":{"line":182,"column":null}},"69":{"start":{"line":182,"column":30},"end":{"line":182,"column":51}},"70":{"start":{"line":183,"column":8},"end":{"line":183,"column":14}},"71":{"start":{"line":187,"column":6},"end":{"line":212,"column":7}},"72":{"start":{"line":188,"column":40},"end":{"line":199,"column":null}},"73":{"start":{"line":200,"column":8},"end":{"line":200,"column":null}},"74":{"start":{"line":200,"column":30},"end":{"line":200,"column":51}},"75":{"start":{"line":203,"column":27},"end":{"line":203,"column":67}},"76":{"start":{"line":204,"column":42},"end":{"line":209,"column":null}},"77":{"start":{"line":210,"column":8},"end":{"line":210,"column":null}},"78":{"start":{"line":210,"column":30},"end":{"line":210,"column":53}},"79":{"start":{"line":211,"column":8},"end":{"line":211,"column":null}},"80":{"start":{"line":211,"column":32},"end":{"line":211,"column":40}},"81":{"start":{"line":214,"column":6},"end":{"line":214,"column":null}},"82":{"start":{"line":215,"column":40},"end":{"line":220,"column":null}},"83":{"start":{"line":221,"column":6},"end":{"line":221,"column":null}},"84":{"start":{"line":221,"column":28},"end":{"line":221,"column":51}},"85":{"start":{"line":223,"column":6},"end":{"line":223,"column":null}},"86":{"start":{"line":228,"column":27},"end":{"line":325,"column":3}},"87":{"start":{"line":229,"column":4},"end":{"line":232,"column":5}},"88":{"start":{"line":230,"column":6},"end":{"line":230,"column":null}},"89":{"start":{"line":231,"column":6},"end":{"line":231,"column":12}},"90":{"start":{"line":235,"column":21},"end":{"line":235,"column":46}},"91":{"start":{"line":238,"column":40},"end":{"line":244,"column":null}},"92":{"start":{"line":246,"column":4},"end":{"line":246,"column":null}},"93":{"start":{"line":246,"column":26},"end":{"line":246,"column":51}},"94":{"start":{"line":247,"column":4},"end":{"line":247,"column":null}},"95":{"start":{"line":250,"column":40},"end":{"line":255,"column":null}},"96":{"start":{"line":256,"column":4},"end":{"line":256,"column":null}},"97":{"start":{"line":256,"column":26},"end":{"line":256,"column":51}},"98":{"start":{"line":258,"column":4},"end":{"line":324,"column":5}},"99":{"start":{"line":260,"column":24},"end":{"line":260,"column":46}},"100":{"start":{"line":261,"column":6},"end":{"line":261,"column":null}},"101":{"start":{"line":264,"column":18},"end":{"line":264,"column":29}},"102":{"start":{"line":265,"column":6},"end":{"line":265,"column":null}},"103":{"start":{"line":266,"column":6},"end":{"line":269,"column":null}},"104":{"start":{"line":267,"column":8},"end":{"line":267,"column":null}},"105":{"start":{"line":268,"column":8},"end":{"line":268,"column":null}},"106":{"start":{"line":272,"column":28},"end":{"line":272,"column":64}},"107":{"start":{"line":275,"column":6},"end":{"line":275,"column":null}},"108":{"start":{"line":275,"column":28},"end":{"line":275,"column":76}},"109":{"start":{"line":275,"column":47},"end":{"line":275,"column":75}},"110":{"start":{"line":278,"column":42},"end":{"line":285,"column":null}},"111":{"start":{"line":286,"column":6},"end":{"line":286,"column":null}},"112":{"start":{"line":286,"column":28},"end":{"line":286,"column":53}},"113":{"start":{"line":289,"column":29},"end":{"line":297,"column":null}},"114":{"start":{"line":299,"column":25},"end":{"line":299,"column":72}},"115":{"start":{"line":300,"column":43},"end":{"line":305,"column":null}},"116":{"start":{"line":307,"column":6},"end":{"line":307,"column":null}},"117":{"start":{"line":307,"column":28},"end":{"line":307,"column":54}},"118":{"start":{"line":308,"column":6},"end":{"line":308,"column":null}},"119":{"start":{"line":308,"column":30},"end":{"line":308,"column":38}},"120":{"start":{"line":311,"column":6},"end":{"line":311,"column":null}},"121":{"start":{"line":313,"column":6},"end":{"line":313,"column":null}},"122":{"start":{"line":313,"column":28},"end":{"line":313,"column":76}},"123":{"start":{"line":313,"column":47},"end":{"line":313,"column":75}},"124":{"start":{"line":315,"column":40},"end":{"line":320,"column":null}},"125":{"start":{"line":321,"column":6},"end":{"line":321,"column":null}},"126":{"start":{"line":321,"column":28},"end":{"line":321,"column":51}},"127":{"start":{"line":323,"column":6},"end":{"line":323,"column":null}},"128":{"start":{"line":328,"column":27},"end":{"line":390,"column":3}},"129":{"start":{"line":329,"column":4},"end":{"line":332,"column":5}},"130":{"start":{"line":330,"column":6},"end":{"line":330,"column":null}},"131":{"start":{"line":331,"column":6},"end":{"line":331,"column":12}},"132":{"start":{"line":334,"column":20},"end":{"line":334,"column":45}},"133":{"start":{"line":335,"column":4},"end":{"line":335,"column":null}},"134":{"start":{"line":337,"column":4},"end":{"line":389,"column":5}},"135":{"start":{"line":339,"column":6},"end":{"line":349,"column":7}},"136":{"start":{"line":341,"column":40},"end":{"line":346,"column":null}},"137":{"start":{"line":347,"column":8},"end":{"line":347,"column":null}},"138":{"start":{"line":347,"column":30},"end":{"line":347,"column":51}},"139":{"start":{"line":348,"column":8},"end":{"line":348,"column":14}},"140":{"start":{"line":352,"column":6},"end":{"line":377,"column":7}},"141":{"start":{"line":353,"column":40},"end":{"line":364,"column":null}},"142":{"start":{"line":365,"column":8},"end":{"line":365,"column":null}},"143":{"start":{"line":365,"column":30},"end":{"line":365,"column":51}},"144":{"start":{"line":368,"column":27},"end":{"line":368,"column":71}},"145":{"start":{"line":369,"column":42},"end":{"line":374,"column":null}},"146":{"start":{"line":375,"column":8},"end":{"line":375,"column":null}},"147":{"start":{"line":375,"column":30},"end":{"line":375,"column":53}},"148":{"start":{"line":376,"column":8},"end":{"line":376,"column":null}},"149":{"start":{"line":376,"column":32},"end":{"line":376,"column":40}},"150":{"start":{"line":379,"column":6},"end":{"line":379,"column":null}},"151":{"start":{"line":380,"column":40},"end":{"line":385,"column":null}},"152":{"start":{"line":386,"column":6},"end":{"line":386,"column":null}},"153":{"start":{"line":386,"column":28},"end":{"line":386,"column":51}},"154":{"start":{"line":388,"column":6},"end":{"line":388,"column":null}},"155":{"start":{"line":393,"column":29},"end":{"line":484,"column":3}},"156":{"start":{"line":394,"column":4},"end":{"line":397,"column":5}},"157":{"start":{"line":395,"column":6},"end":{"line":395,"column":null}},"158":{"start":{"line":396,"column":6},"end":{"line":396,"column":12}},"159":{"start":{"line":400,"column":27},"end":{"line":400,"column":100}},"160":{"start":{"line":400,"column":80},"end":{"line":400,"column":99}},"161":{"start":{"line":402,"column":4},"end":{"line":483,"column":5}},"162":{"start":{"line":403,"column":48},"end":{"line":408,"column":null}},"163":{"start":{"line":410,"column":6},"end":{"line":410,"column":null}},"164":{"start":{"line":410,"column":28},"end":{"line":410,"column":59}},"165":{"start":{"line":412,"column":6},"end":{"line":482,"column":7}},"166":{"start":{"line":413,"column":8},"end":{"line":470,"column":9}},"167":{"start":{"line":414,"column":10},"end":{"line":414,"column":null}},"168":{"start":{"line":416,"column":25},"end":{"line":416,"column":156}},"169":{"start":{"line":417,"column":34},"end":{"line":417,"column":73}},"170":{"start":{"line":420,"column":31},"end":{"line":420,"column":110}},"171":{"start":{"line":422,"column":47},"end":{"line":433,"column":null}},"172":{"start":{"line":435,"column":10},"end":{"line":435,"column":null}},"173":{"start":{"line":435,"column":32},"end":{"line":435,"column":58}},"174":{"start":{"line":436,"column":15},"end":{"line":470,"column":9}},"175":{"start":{"line":437,"column":10},"end":{"line":437,"column":null}},"176":{"start":{"line":439,"column":25},"end":{"line":439,"column":145}},"177":{"start":{"line":440,"column":34},"end":{"line":440,"column":73}},"178":{"start":{"line":443,"column":30},"end":{"line":443,"column":145}},"179":{"start":{"line":445,"column":44},"end":{"line":450,"column":null}},"180":{"start":{"line":452,"column":10},"end":{"line":452,"column":null}},"181":{"start":{"line":452,"column":32},"end":{"line":452,"column":55}},"182":{"start":{"line":453,"column":15},"end":{"line":470,"column":9}},"183":{"start":{"line":455,"column":46},"end":{"line":460,"column":null}},"184":{"start":{"line":461,"column":10},"end":{"line":461,"column":null}},"185":{"start":{"line":461,"column":32},"end":{"line":461,"column":57}},"186":{"start":{"line":462,"column":10},"end":{"line":462,"column":null}},"187":{"start":{"line":465,"column":10},"end":{"line":465,"column":null}},"188":{"start":{"line":466,"column":10},"end":{"line":466,"column":null}},"189":{"start":{"line":466,"column":34},"end":{"line":466,"column":42}},"190":{"start":{"line":469,"column":10},"end":{"line":469,"column":null}},"191":{"start":{"line":469,"column":32},"end":{"line":469,"column":101}},"192":{"start":{"line":469,"column":51},"end":{"line":469,"column":100}},"193":{"start":{"line":472,"column":8},"end":{"line":472,"column":null}},"194":{"start":{"line":473,"column":42},"end":{"line":478,"column":null}},"195":{"start":{"line":479,"column":8},"end":{"line":479,"column":null}},"196":{"start":{"line":479,"column":30},"end":{"line":479,"column":53}},"197":{"start":{"line":481,"column":8},"end":{"line":481,"column":null}},"198":{"start":{"line":487,"column":24},"end":{"line":547,"column":3}},"199":{"start":{"line":489,"column":4},"end":{"line":489,"column":null}},"200":{"start":{"line":491,"column":4},"end":{"line":546,"column":5}},"201":{"start":{"line":493,"column":21},"end":{"line":515,"column":null}},"202":{"start":{"line":518,"column":27},"end":{"line":518,"column":66}},"203":{"start":{"line":521,"column":23},"end":{"line":521,"column":58}},"204":{"start":{"line":523,"column":38},"end":{"line":531,"column":null}},"205":{"start":{"line":533,"column":6},"end":{"line":533,"column":null}},"206":{"start":{"line":533,"column":28},"end":{"line":533,"column":49}},"207":{"start":{"line":534,"column":6},"end":{"line":534,"column":null}},"208":{"start":{"line":534,"column":30},"end":{"line":534,"column":38}},"209":{"start":{"line":536,"column":6},"end":{"line":536,"column":null}},"210":{"start":{"line":537,"column":40},"end":{"line":542,"column":null}},"211":{"start":{"line":543,"column":6},"end":{"line":543,"column":null}},"212":{"start":{"line":543,"column":28},"end":{"line":543,"column":51}},"213":{"start":{"line":545,"column":6},"end":{"line":545,"column":null}},"214":{"start":{"line":550,"column":29},"end":{"line":559,"column":3}},"215":{"start":{"line":551,"column":38},"end":{"line":556,"column":null}},"216":{"start":{"line":558,"column":4},"end":{"line":558,"column":null}},"217":{"start":{"line":558,"column":26},"end":{"line":558,"column":49}},"218":{"start":{"line":561,"column":31},"end":{"line":610,"column":3}},"219":{"start":{"line":571,"column":19},"end":{"line":594,"column":null}},"220":{"start":{"line":597,"column":4},"end":{"line":607,"column":null}},"221":{"start":{"line":597,"column":24},"end":{"line":607,"column":6}},"222":{"start":{"line":609,"column":4},"end":{"line":609,"column":null}},"223":{"start":{"line":612,"column":2},"end":{"line":653,"column":null}},"224":{"start":{"line":635,"column":14},"end":{"line":635,"column":40}}},"fnMap":{"0":{"name":"(anonymous_0)","decl":{"start":{"line":14,"column":30},"end":{"line":14,"column":31}},"loc":{"start":{"line":14,"column":51},"end":{"line":55,"column":1}}},"1":{"name":"ChatPage","decl":{"start":{"line":79,"column":24},"end":{"line":79,"column":32}},"loc":{"start":{"line":79,"column":32},"end":{"line":654,"column":1}}},"2":{"name":"(anonymous_2)","decl":{"start":{"line":107,"column":12},"end":{"line":107,"column":15}},"loc":{"start":{"line":107,"column":17},"end":{"line":109,"column":3}}},"3":{"name":"(anonymous_3)","decl":{"start":{"line":111,"column":27},"end":{"line":111,"column":30}},"loc":{"start":{"line":111,"column":32},"end":{"line":113,"column":3}}},"4":{"name":"(anonymous_4)","decl":{"start":{"line":116,"column":28},"end":{"line":116,"column":33}},"loc":{"start":{"line":116,"column":54},"end":{"line":225,"column":3}}},"5":{"name":"(anonymous_5)","decl":{"start":{"line":127,"column":16},"end":{"line":127,"column":17}},"loc":{"start":{"line":127,"column":26},"end":{"line":127,"column":51}}},"6":{"name":"(anonymous_6)","decl":{"start":{"line":137,"column":25},"end":{"line":137,"column":33}},"loc":{"start":{"line":137,"column":37},"end":{"line":137,"column":68}}},"7":{"name":"(anonymous_7)","decl":{"start":{"line":148,"column":20},"end":{"line":148,"column":21}},"loc":{"start":{"line":148,"column":30},"end":{"line":148,"column":51}}},"8":{"name":"(anonymous_8)","decl":{"start":{"line":152,"column":31},"end":{"line":152,"column":34}},"loc":{"start":{"line":152,"column":38},"end":{"line":152,"column":58}}},"9":{"name":"(anonymous_9)","decl":{"start":{"line":163,"column":20},"end":{"line":163,"column":21}},"loc":{"start":{"line":163,"column":30},"end":{"line":163,"column":51}}},"10":{"name":"(anonymous_10)","decl":{"start":{"line":169,"column":47},"end":{"line":169,"column":51}},"loc":{"start":{"line":169,"column":55},"end":{"line":169,"column":82}}},"11":{"name":"(anonymous_11)","decl":{"start":{"line":182,"column":20},"end":{"line":182,"column":21}},"loc":{"start":{"line":182,"column":30},"end":{"line":182,"column":51}}},"12":{"name":"(anonymous_12)","decl":{"start":{"line":200,"column":20},"end":{"line":200,"column":21}},"loc":{"start":{"line":200,"column":30},"end":{"line":200,"column":51}}},"13":{"name":"(anonymous_13)","decl":{"start":{"line":210,"column":20},"end":{"line":210,"column":21}},"loc":{"start":{"line":210,"column":30},"end":{"line":210,"column":53}}},"14":{"name":"(anonymous_14)","decl":{"start":{"line":211,"column":22},"end":{"line":211,"column":23}},"loc":{"start":{"line":211,"column":32},"end":{"line":211,"column":40}}},"15":{"name":"(anonymous_15)","decl":{"start":{"line":221,"column":18},"end":{"line":221,"column":19}},"loc":{"start":{"line":221,"column":28},"end":{"line":221,"column":51}}},"16":{"name":"(anonymous_16)","decl":{"start":{"line":228,"column":27},"end":{"line":228,"column":32}},"loc":{"start":{"line":228,"column":48},"end":{"line":325,"column":3}}},"17":{"name":"(anonymous_17)","decl":{"start":{"line":246,"column":16},"end":{"line":246,"column":17}},"loc":{"start":{"line":246,"column":26},"end":{"line":246,"column":51}}},"18":{"name":"(anonymous_18)","decl":{"start":{"line":256,"column":16},"end":{"line":256,"column":17}},"loc":{"start":{"line":256,"column":26},"end":{"line":256,"column":51}}},"19":{"name":"(anonymous_19)","decl":{"start":{"line":266,"column":24},"end":{"line":266,"column":25}},"loc":{"start":{"line":266,"column":44},"end":{"line":269,"column":7}}},"20":{"name":"(anonymous_20)","decl":{"start":{"line":275,"column":18},"end":{"line":275,"column":19}},"loc":{"start":{"line":275,"column":28},"end":{"line":275,"column":76}}},"21":{"name":"(anonymous_21)","decl":{"start":{"line":275,"column":40},"end":{"line":275,"column":43}},"loc":{"start":{"line":275,"column":47},"end":{"line":275,"column":75}}},"22":{"name":"(anonymous_22)","decl":{"start":{"line":286,"column":18},"end":{"line":286,"column":19}},"loc":{"start":{"line":286,"column":28},"end":{"line":286,"column":53}}},"23":{"name":"(anonymous_23)","decl":{"start":{"line":307,"column":18},"end":{"line":307,"column":19}},"loc":{"start":{"line":307,"column":28},"end":{"line":307,"column":54}}},"24":{"name":"(anonymous_24)","decl":{"start":{"line":308,"column":20},"end":{"line":308,"column":21}},"loc":{"start":{"line":308,"column":30},"end":{"line":308,"column":38}}},"25":{"name":"(anonymous_25)","decl":{"start":{"line":313,"column":18},"end":{"line":313,"column":19}},"loc":{"start":{"line":313,"column":28},"end":{"line":313,"column":76}}},"26":{"name":"(anonymous_26)","decl":{"start":{"line":313,"column":40},"end":{"line":313,"column":43}},"loc":{"start":{"line":313,"column":47},"end":{"line":313,"column":75}}},"27":{"name":"(anonymous_27)","decl":{"start":{"line":321,"column":18},"end":{"line":321,"column":19}},"loc":{"start":{"line":321,"column":28},"end":{"line":321,"column":51}}},"28":{"name":"(anonymous_28)","decl":{"start":{"line":328,"column":27},"end":{"line":328,"column":32}},"loc":{"start":{"line":328,"column":57},"end":{"line":390,"column":3}}},"29":{"name":"(anonymous_29)","decl":{"start":{"line":347,"column":20},"end":{"line":347,"column":21}},"loc":{"start":{"line":347,"column":30},"end":{"line":347,"column":51}}},"30":{"name":"(anonymous_30)","decl":{"start":{"line":365,"column":20},"end":{"line":365,"column":21}},"loc":{"start":{"line":365,"column":30},"end":{"line":365,"column":51}}},"31":{"name":"(anonymous_31)","decl":{"start":{"line":375,"column":20},"end":{"line":375,"column":21}},"loc":{"start":{"line":375,"column":30},"end":{"line":375,"column":53}}},"32":{"name":"(anonymous_32)","decl":{"start":{"line":376,"column":22},"end":{"line":376,"column":23}},"loc":{"start":{"line":376,"column":32},"end":{"line":376,"column":40}}},"33":{"name":"(anonymous_33)","decl":{"start":{"line":386,"column":18},"end":{"line":386,"column":19}},"loc":{"start":{"line":386,"column":28},"end":{"line":386,"column":51}}},"34":{"name":"(anonymous_34)","decl":{"start":{"line":393,"column":29},"end":{"line":393,"column":34}},"loc":{"start":{"line":393,"column":56},"end":{"line":484,"column":3}}},"35":{"name":"(anonymous_35)","decl":{"start":{"line":400,"column":71},"end":{"line":400,"column":72}},"loc":{"start":{"line":400,"column":80},"end":{"line":400,"column":99}}},"36":{"name":"(anonymous_36)","decl":{"start":{"line":410,"column":18},"end":{"line":410,"column":19}},"loc":{"start":{"line":410,"column":28},"end":{"line":410,"column":59}}},"37":{"name":"(anonymous_37)","decl":{"start":{"line":435,"column":22},"end":{"line":435,"column":23}},"loc":{"start":{"line":435,"column":32},"end":{"line":435,"column":58}}},"38":{"name":"(anonymous_38)","decl":{"start":{"line":452,"column":22},"end":{"line":452,"column":23}},"loc":{"start":{"line":452,"column":32},"end":{"line":452,"column":55}}},"39":{"name":"(anonymous_39)","decl":{"start":{"line":461,"column":22},"end":{"line":461,"column":23}},"loc":{"start":{"line":461,"column":32},"end":{"line":461,"column":57}}},"40":{"name":"(anonymous_40)","decl":{"start":{"line":466,"column":24},"end":{"line":466,"column":25}},"loc":{"start":{"line":466,"column":34},"end":{"line":466,"column":42}}},"41":{"name":"(anonymous_41)","decl":{"start":{"line":469,"column":22},"end":{"line":469,"column":23}},"loc":{"start":{"line":469,"column":32},"end":{"line":469,"column":101}}},"42":{"name":"(anonymous_42)","decl":{"start":{"line":469,"column":44},"end":{"line":469,"column":47}},"loc":{"start":{"line":469,"column":51},"end":{"line":469,"column":100}}},"43":{"name":"(anonymous_43)","decl":{"start":{"line":479,"column":20},"end":{"line":479,"column":21}},"loc":{"start":{"line":479,"column":30},"end":{"line":479,"column":53}}},"44":{"name":"(anonymous_44)","decl":{"start":{"line":487,"column":24},"end":{"line":487,"column":29}},"loc":{"start":{"line":487,"column":51},"end":{"line":547,"column":3}}},"45":{"name":"(anonymous_45)","decl":{"start":{"line":533,"column":18},"end":{"line":533,"column":19}},"loc":{"start":{"line":533,"column":28},"end":{"line":533,"column":49}}},"46":{"name":"(anonymous_46)","decl":{"start":{"line":534,"column":20},"end":{"line":534,"column":21}},"loc":{"start":{"line":534,"column":30},"end":{"line":534,"column":38}}},"47":{"name":"(anonymous_47)","decl":{"start":{"line":543,"column":18},"end":{"line":543,"column":19}},"loc":{"start":{"line":543,"column":28},"end":{"line":543,"column":51}}},"48":{"name":"(anonymous_48)","decl":{"start":{"line":550,"column":29},"end":{"line":550,"column":32}},"loc":{"start":{"line":550,"column":34},"end":{"line":559,"column":3}}},"49":{"name":"(anonymous_49)","decl":{"start":{"line":558,"column":16},"end":{"line":558,"column":17}},"loc":{"start":{"line":558,"column":26},"end":{"line":558,"column":49}}},"50":{"name":"(anonymous_50)","decl":{"start":{"line":561,"column":31},"end":{"line":561,"column":32}},"loc":{"start":{"line":570,"column":7},"end":{"line":610,"column":3}}},"51":{"name":"(anonymous_51)","decl":{"start":{"line":597,"column":16},"end":{"line":597,"column":20}},"loc":{"start":{"line":597,"column":24},"end":{"line":607,"column":6}}},"52":{"name":"(anonymous_52)","decl":{"start":{"line":634,"column":26},"end":{"line":634,"column":27}},"loc":{"start":{"line":635,"column":14},"end":{"line":635,"column":40}}}},"branchMap":{"0":{"loc":{"start":{"line":23,"column":4},"end":{"line":38,"column":5}},"type":"if","locations":[{"start":{"line":23,"column":4},"end":{"line":38,"column":5}},{"start":{"line":34,"column":9},"end":{"line":38,"column":5}}]},"1":{"loc":{"start":{"line":25,"column":6},"end":{"line":27,"column":7}},"type":"if","locations":[{"start":{"line":25,"column":6},"end":{"line":27,"column":7}}]},"2":{"loc":{"start":{"line":34,"column":9},"end":{"line":38,"column":5}},"type":"if","locations":[{"start":{"line":34,"column":9},"end":{"line":38,"column":5}}]},"3":{"loc":{"start":{"line":35,"column":6},"end":{"line":37,"column":7}},"type":"if","locations":[{"start":{"line":35,"column":6},"end":{"line":37,"column":7}}]},"4":{"loc":{"start":{"line":35,"column":10},"end":{"line":35,"column":40}},"type":"binary-expr","locations":[{"start":{"line":35,"column":10},"end":{"line":35,"column":14}},{"start":{"line":35,"column":18},"end":{"line":35,"column":40}}]},"5":{"loc":{"start":{"line":36,"column":35},"end":{"line":36,"column":69}},"type":"cond-expr","locations":[{"start":{"line":36,"column":60},"end":{"line":36,"column":64}},{"start":{"line":36,"column":67},"end":{"line":36,"column":69}}]},"6":{"loc":{"start":{"line":42,"column":2},"end":{"line":44,"column":3}},"type":"if","locations":[{"start":{"line":42,"column":2},"end":{"line":44,"column":3}}]},"7":{"loc":{"start":{"line":47,"column":2},"end":{"line":52,"column":3}},"type":"if","locations":[{"start":{"line":47,"column":2},"end":{"line":52,"column":3}}]},"8":{"loc":{"start":{"line":47,"column":6},"end":{"line":47,"column":46}},"type":"binary-expr","locations":[{"start":{"line":47,"column":6},"end":{"line":47,"column":27}},{"start":{"line":47,"column":31},"end":{"line":47,"column":46}}]},"9":{"loc":{"start":{"line":101,"column":4},"end":{"line":101,"column":53}},"type":"binary-expr","locations":[{"start":{"line":101,"column":4},"end":{"line":101,"column":47}},{"start":{"line":101,"column":51},"end":{"line":101,"column":53}}]},"10":{"loc":{"start":{"line":102,"column":4},"end":{"line":102,"column":49}},"type":"binary-expr","locations":[{"start":{"line":102,"column":4},"end":{"line":102,"column":43}},{"start":{"line":102,"column":47},"end":{"line":102,"column":49}}]},"11":{"loc":{"start":{"line":103,"column":4},"end":{"line":103,"column":48}},"type":"binary-expr","locations":[{"start":{"line":103,"column":4},"end":{"line":103,"column":42}},{"start":{"line":103,"column":46},"end":{"line":103,"column":48}}]},"12":{"loc":{"start":{"line":108,"column":4},"end":{"line":108,"column":66}},"type":"cond-expr","locations":[{"start":{"line":108,"column":26},"end":{"line":108,"column":28}},{"start":{"line":108,"column":26},"end":{"line":108,"column":66}}]},"13":{"loc":{"start":{"line":108,"column":4},"end":{"line":108,"column":28}},"type":"binary-expr","locations":[{"start":{"line":108,"column":4},"end":{"line":108,"column":28}},{"start":{"line":108,"column":26},"end":{"line":108,"column":28}}]},"14":{"loc":{"start":{"line":117,"column":4},"end":{"line":117,"column":37}},"type":"if","locations":[{"start":{"line":117,"column":4},"end":{"line":117,"column":37}}]},"15":{"loc":{"start":{"line":137,"column":6},"end":{"line":150,"column":7}},"type":"if","locations":[{"start":{"line":137,"column":6},"end":{"line":150,"column":7}}]},"16":{"loc":{"start":{"line":152,"column":6},"end":{"line":165,"column":7}},"type":"if","locations":[{"start":{"line":152,"column":6},"end":{"line":165,"column":7}}]},"17":{"loc":{"start":{"line":171,"column":6},"end":{"line":184,"column":7}},"type":"if","locations":[{"start":{"line":171,"column":6},"end":{"line":184,"column":7}}]},"18":{"loc":{"start":{"line":187,"column":6},"end":{"line":212,"column":7}},"type":"if","locations":[{"start":{"line":187,"column":6},"end":{"line":212,"column":7}},{"start":{"line":201,"column":13},"end":{"line":212,"column":7}}]},"19":{"loc":{"start":{"line":229,"column":4},"end":{"line":232,"column":5}},"type":"if","locations":[{"start":{"line":229,"column":4},"end":{"line":232,"column":5}}]},"20":{"loc":{"start":{"line":229,"column":8},"end":{"line":229,"column":49}},"type":"binary-expr","locations":[{"start":{"line":229,"column":8},"end":{"line":229,"column":32}},{"start":{"line":229,"column":36},"end":{"line":229,"column":49}}]},"21":{"loc":{"start":{"line":329,"column":4},"end":{"line":332,"column":5}},"type":"if","locations":[{"start":{"line":329,"column":4},"end":{"line":332,"column":5}}]},"22":{"loc":{"start":{"line":329,"column":8},"end":{"line":329,"column":49}},"type":"binary-expr","locations":[{"start":{"line":329,"column":8},"end":{"line":329,"column":32}},{"start":{"line":329,"column":36},"end":{"line":329,"column":49}}]},"23":{"loc":{"start":{"line":339,"column":6},"end":{"line":349,"column":7}},"type":"if","locations":[{"start":{"line":339,"column":6},"end":{"line":349,"column":7}}]},"24":{"loc":{"start":{"line":339,"column":10},"end":{"line":340,"column":94}},"type":"binary-expr","locations":[{"start":{"line":339,"column":10},"end":{"line":339,"column":37}},{"start":{"line":339,"column":41},"end":{"line":339,"column":67}},{"start":{"line":339,"column":71},"end":{"line":339,"column":94}},{"start":{"line":340,"column":10},"end":{"line":340,"column":33}},{"start":{"line":340,"column":37},"end":{"line":340,"column":64}},{"start":{"line":340,"column":68},"end":{"line":340,"column":94}}]},"25":{"loc":{"start":{"line":352,"column":6},"end":{"line":377,"column":7}},"type":"if","locations":[{"start":{"line":352,"column":6},"end":{"line":377,"column":7}},{"start":{"line":366,"column":13},"end":{"line":377,"column":7}}]},"26":{"loc":{"start":{"line":394,"column":4},"end":{"line":397,"column":5}},"type":"if","locations":[{"start":{"line":394,"column":4},"end":{"line":397,"column":5}}]},"27":{"loc":{"start":{"line":394,"column":8},"end":{"line":394,"column":49}},"type":"binary-expr","locations":[{"start":{"line":394,"column":8},"end":{"line":394,"column":32}},{"start":{"line":394,"column":36},"end":{"line":394,"column":49}}]},"28":{"loc":{"start":{"line":400,"column":27},"end":{"line":400,"column":100}},"type":"cond-expr","locations":[{"start":{"line":400,"column":64},"end":{"line":400,"column":66}},{"start":{"line":400,"column":64},"end":{"line":400,"column":100}}]},"29":{"loc":{"start":{"line":400,"column":27},"end":{"line":400,"column":66}},"type":"binary-expr","locations":[{"start":{"line":400,"column":27},"end":{"line":400,"column":66}},{"start":{"line":400,"column":64},"end":{"line":400,"column":66}}]},"30":{"loc":{"start":{"line":402,"column":4},"end":{"line":483,"column":5}},"type":"if","locations":[{"start":{"line":402,"column":4},"end":{"line":483,"column":5}}]},"31":{"loc":{"start":{"line":413,"column":8},"end":{"line":470,"column":9}},"type":"if","locations":[{"start":{"line":413,"column":8},"end":{"line":470,"column":9}},{"start":{"line":436,"column":15},"end":{"line":470,"column":9}}]},"32":{"loc":{"start":{"line":420,"column":31},"end":{"line":420,"column":110}},"type":"binary-expr","locations":[{"start":{"line":420,"column":31},"end":{"line":420,"column":63}},{"start":{"line":420,"column":67},"end":{"line":420,"column":110}}]},"33":{"loc":{"start":{"line":436,"column":15},"end":{"line":470,"column":9}},"type":"if","locations":[{"start":{"line":436,"column":15},"end":{"line":470,"column":9}},{"start":{"line":453,"column":15},"end":{"line":470,"column":9}}]},"34":{"loc":{"start":{"line":443,"column":30},"end":{"line":443,"column":145}},"type":"binary-expr","locations":[{"start":{"line":443,"column":30},"end":{"line":443,"column":62}},{"start":{"line":443,"column":66},"end":{"line":443,"column":145}}]},"35":{"loc":{"start":{"line":453,"column":15},"end":{"line":470,"column":9}},"type":"if","locations":[{"start":{"line":453,"column":15},"end":{"line":470,"column":9}}]},"36":{"loc":{"start":{"line":642,"column":11},"end":{"line":642,"column":78}},"type":"binary-expr","locations":[{"start":{"line":642,"column":11},"end":{"line":642,"column":24}},{"start":{"line":642,"column":28},"end":{"line":642,"column":52}},{"start":{"line":642,"column":56},"end":{"line":642,"column":78}}]},"37":{"loc":{"start":{"line":648,"column":22},"end":{"line":648,"column":63}},"type":"binary-expr","locations":[{"start":{"line":648,"column":22},"end":{"line":648,"column":46}},{"start":{"line":648,"column":50},"end":{"line":648,"column":63}}]}},"s":{"0":0,"1":0,"2":0,"3":0,"4":0,"5":0,"6":0,"7":0,"8":0,"9":0,"10":0,"11":0,"12":0,"13":0,"14":0,"15":0,"16":0,"17":0,"18":0,"19":0,"20":0,"21":0,"22":0,"23":0,"24":0,"25":0,"26":0,"27":0,"28":0,"29":0,"30":0,"31":0,"32":0,"33":0,"34":0,"35":0,"36":0,"37":0,"38":0,"39":0,"40":0,"41":0,"42":0,"43":0,"44":0,"45":0,"46":0,"47":0,"48":0,"49":0,"50":0,"51":0,"52":0,"53":0,"54":0,"55":0,"56":0,"57":0,"58":0,"59":0,"60":0,"61":0,"62":0,"63":0,"64":0,"65":0,"66":0,"67":0,"68":0,"69":0,"70":0,"71":0,"72":0,"73":0,"74":0,"75":0,"76":0,"77":0,"78":0,"79":0,"80":0,"81":0,"82":0,"83":0,"84":0,"85":0,"86":0,"87":0,"88":0,"89":0,"90":0,"91":0,"92":0,"93":0,"94":0,"95":0,"96":0,"97":0,"98":0,"99":0,"100":0,"101":0,"102":0,"103":0,"104":0,"105":0,"106":0,"107":0,"108":0,"109":0,"110":0,"111":0,"112":0,"113":0,"114":0,"115":0,"116":0,"117":0,"118":0,"119":0,"120":0,"121":0,"122":0,"123":0,"124":0,"125":0,"126":0,"127":0,"128":0,"129":0,"130":0,"131":0,"132":0,"133":0,"134":0,"135":0,"136":0,"137":0,"138":0,"139":0,"140":0,"141":0,"142":0,"143":0,"144":0,"145":0,"146":0,"147":0,"148":0,"149":0,"150":0,"151":0,"152":0,"153":0,"154":0,"155":0,"156":0,"157":0,"158":0,"159":0,"160":0,"161":0,"162":0,"163":0,"164":0,"165":0,"166":0,"167":0,"168":0,"169":0,"170":0,"171":0,"172":0,"173":0,"174":0,"175":0,"176":0,"177":0,"178":0,"179":0,"180":0,"181":0,"182":0,"183":0,"184":0,"185":0,"186":0,"187":0,"188":0,"189":0,"190":0,"191":0,"192":0,"193":0,"194":0,"195":0,"196":0,"197":0,"198":0,"199":0,"200":0,"201":0,"202":0,"203":0,"204":0,"205":0,"206":0,"207":0,"208":0,"209":0,"210":0,"211":0,"212":0,"213":0,"214":0,"215":0,"216":0,"217":0,"218":0,"219":0,"220":0,"221":0,"222":0,"223":0,"224":0},"f":{"0":0,"1":0,"2":0,"3":0,"4":0,"5":0,"6":0,"7":0,"8":0,"9":0,"10":0,"11":0,"12":0,"13":0,"14":0,"15":0,"16":0,"17":0,"18":0,"19":0,"20":0,"21":0,"22":0,"23":0,"24":0,"25":0,"26":0,"27":0,"28":0,"29":0,"30":0,"31":0,"32":0,"33":0,"34":0,"35":0,"36":0,"37":0,"38":0,"39":0,"40":0,"41":0,"42":0,"43":0,"44":0,"45":0,"46":0,"47":0,"48":0,"49":0,"50":0,"51":0,"52":0},"b":{"0":[0,0],"1":[0],"2":[0],"3":[0],"4":[0,0],"5":[0,0],"6":[0],"7":[0],"8":[0,0],"9":[0,0],"10":[0,0],"11":[0,0],"12":[0,0],"13":[0,0],"14":[0],"15":[0],"16":[0],"17":[0],"18":[0,0],"19":[0],"20":[0,0],"21":[0],"22":[0,0],"23":[0],"24":[0,0,0,0,0,0],"25":[0,0],"26":[0],"27":[0,0],"28":[0,0],"29":[0,0],"30":[0],"31":[0,0],"32":[0,0],"33":[0,0],"34":[0,0],"35":[0],"36":[0,0,0],"37":[0,0]}}
,"D:\\brief-gen\\app\\practice\\page.tsx": {"path":"D:\\brief-gen\\app\\practice\\page.tsx","statementMap":{"0":{"start":{"line":140,"column":0},"end":{"line":140,"column":24}},"1":{"start":{"line":3,"column":0},"end":{"line":3,"column":51}},"2":{"start":{"line":4,"column":0},"end":{"line":4,"column":76}},"3":{"start":{"line":5,"column":0},"end":{"line":5,"column":76}},"4":{"start":{"line":6,"column":0},"end":{"line":6,"column":70}},"5":{"start":{"line":7,"column":0},"end":{"line":7,"column":64}},"6":{"start":{"line":8,"column":0},"end":{"line":8,"column":47}},"7":{"start":{"line":9,"column":0},"end":{"line":9,"column":49}},"8":{"start":{"line":10,"column":0},"end":{"line":10,"column":46}},"9":{"start":{"line":23,"column":58},"end":{"line":135,"column":null}},"10":{"start":{"line":138,"column":24},"end":{"line":138,"column":44}},"11":{"start":{"line":142,"column":26},"end":{"line":142,"column":60}},"12":{"start":{"line":143,"column":50},"end":{"line":143,"column":70}},"13":{"start":{"line":144,"column":50},"end":{"line":144,"column":69}},"14":{"start":{"line":145,"column":38},"end":{"line":145,"column":63}},"15":{"start":{"line":146,"column":60},"end":{"line":146,"column":71}},"16":{"start":{"line":147,"column":56},"end":{"line":147,"column":75}},"17":{"start":{"line":148,"column":36},"end":{"line":148,"column":51}},"18":{"start":{"line":149,"column":32},"end":{"line":149,"column":47}},"19":{"start":{"line":150,"column":50},"end":{"line":150,"column":65}},"20":{"start":{"line":151,"column":62},"end":{"line":151,"column":77}},"21":{"start":{"line":154,"column":34},"end":{"line":154,"column":45}},"22":{"start":{"line":155,"column":36},"end":{"line":155,"column":50}},"23":{"start":{"line":156,"column":50},"end":{"line":156,"column":61}},"24":{"start":{"line":159,"column":19},"end":{"line":159,"column":49}},"25":{"start":{"line":162,"column":2},"end":{"line":176,"column":null}},"26":{"start":{"line":163,"column":4},"end":{"line":175,"column":5}},"27":{"start":{"line":164,"column":6},"end":{"line":174,"column":7}},"28":{"start":{"line":166,"column":8},"end":{"line":170,"column":null}},"29":{"start":{"line":167,"column":10},"end":{"line":167,"column":null}},"30":{"start":{"line":169,"column":10},"end":{"line":169,"column":null}},"31":{"start":{"line":173,"column":8},"end":{"line":173,"column":null}},"32":{"start":{"line":179,"column":2},"end":{"line":199,"column":null}},"33":{"start":{"line":182,"column":4},"end":{"line":196,"column":5}},"34":{"start":{"line":183,"column":6},"end":{"line":185,"column":null}},"35":{"start":{"line":184,"column":8},"end":{"line":184,"column":null}},"36":{"start":{"line":184,"column":30},"end":{"line":184,"column":38}},"37":{"start":{"line":186,"column":11},"end":{"line":196,"column":5}},"38":{"start":{"line":188,"column":6},"end":{"line":188,"column":null}},"39":{"start":{"line":189,"column":6},"end":{"line":189,"column":null}},"40":{"start":{"line":192,"column":6},"end":{"line":195,"column":7}},"41":{"start":{"line":193,"column":8},"end":{"line":193,"column":null}},"42":{"start":{"line":194,"column":8},"end":{"line":194,"column":null}},"43":{"start":{"line":198,"column":4},"end":{"line":198,"column":null}},"44":{"start":{"line":198,"column":17},"end":{"line":198,"column":40}},"45":{"start":{"line":202,"column":31},"end":{"line":205,"column":3}},"46":{"start":{"line":203,"column":4},"end":{"line":203,"column":null}},"47":{"start":{"line":204,"column":4},"end":{"line":204,"column":null}},"48":{"start":{"line":208,"column":31},"end":{"line":229,"column":3}},"49":{"start":{"line":209,"column":4},"end":{"line":209,"column":null}},"50":{"start":{"line":211,"column":30},"end":{"line":211,"column":43}},"51":{"start":{"line":212,"column":4},"end":{"line":212,"column":null}},"52":{"start":{"line":213,"column":4},"end":{"line":213,"column":null}},"53":{"start":{"line":216,"column":4},"end":{"line":216,"column":null}},"54":{"start":{"line":217,"column":4},"end":{"line":217,"column":null}},"55":{"start":{"line":220,"column":4},"end":{"line":228,"column":null}},"56":{"start":{"line":221,"column":6},"end":{"line":221,"column":null}},"57":{"start":{"line":222,"column":6},"end":{"line":222,"column":null}},"58":{"start":{"line":223,"column":6},"end":{"line":223,"column":null}},"59":{"start":{"line":224,"column":6},"end":{"line":224,"column":null}},"60":{"start":{"line":232,"column":19},"end":{"line":235,"column":null}},"61":{"start":{"line":239,"column":29},"end":{"line":309,"column":3}},"62":{"start":{"line":240,"column":4},"end":{"line":308,"column":5}},"63":{"start":{"line":241,"column":6},"end":{"line":241,"column":null}},"64":{"start":{"line":242,"column":33},"end":{"line":242,"column":77}},"65":{"start":{"line":245,"column":33},"end":{"line":245,"column":63}},"66":{"start":{"line":246,"column":47},"end":{"line":246,"column":49}},"67":{"start":{"line":249,"column":6},"end":{"line":295,"column":7}},"68":{"start":{"line":250,"column":8},"end":{"line":294,"column":9}},"69":{"start":{"line":252,"column":10},"end":{"line":254,"column":11}},"70":{"start":{"line":253,"column":12},"end":{"line":253,"column":68}},"71":{"start":{"line":253,"column":41},"end":{"line":253,"column":66}},"72":{"start":{"line":256,"column":25},"end":{"line":278,"column":null}},"73":{"start":{"line":280,"column":27},"end":{"line":280,"column":66}},"74":{"start":{"line":281,"column":10},"end":{"line":284,"column":null}},"75":{"start":{"line":286,"column":10},"end":{"line":286,"column":null}},"76":{"start":{"line":288,"column":10},"end":{"line":288,"column":null}},"77":{"start":{"line":291,"column":10},"end":{"line":293,"column":11}},"78":{"start":{"line":292,"column":12},"end":{"line":292,"column":68}},"79":{"start":{"line":292,"column":41},"end":{"line":292,"column":66}},"80":{"start":{"line":298,"column":23},"end":{"line":298,"column":79}},"81":{"start":{"line":298,"column":59},"end":{"line":298,"column":78}},"82":{"start":{"line":299,"column":6},"end":{"line":299,"column":null}},"83":{"start":{"line":300,"column":6},"end":{"line":300,"column":null}},"84":{"start":{"line":302,"column":6},"end":{"line":302,"column":null}},"85":{"start":{"line":304,"column":33},"end":{"line":304,"column":77}},"86":{"start":{"line":305,"column":6},"end":{"line":305,"column":null}},"87":{"start":{"line":307,"column":6},"end":{"line":307,"column":null}},"88":{"start":{"line":312,"column":34},"end":{"line":339,"column":3}},"89":{"start":{"line":313,"column":4},"end":{"line":324,"column":5}},"90":{"start":{"line":315,"column":6},"end":{"line":315,"column":null}},"91":{"start":{"line":316,"column":6},"end":{"line":316,"column":null}},"92":{"start":{"line":319,"column":6},"end":{"line":322,"column":7}},"93":{"start":{"line":320,"column":8},"end":{"line":320,"column":null}},"94":{"start":{"line":321,"column":8},"end":{"line":321,"column":null}},"95":{"start":{"line":323,"column":6},"end":{"line":323,"column":12}},"96":{"start":{"line":327,"column":4},"end":{"line":327,"column":null}},"97":{"start":{"line":327,"column":37},"end":{"line":327,"column":45}},"98":{"start":{"line":330,"column":4},"end":{"line":338,"column":5}},"99":{"start":{"line":331,"column":6},"end":{"line":331,"column":null}},"100":{"start":{"line":336,"column":6},"end":{"line":336,"column":null}},"101":{"start":{"line":337,"column":6},"end":{"line":337,"column":null}},"102":{"start":{"line":342,"column":21},"end":{"line":355,"column":3}},"103":{"start":{"line":343,"column":4},"end":{"line":354,"column":5}},"104":{"start":{"line":344,"column":6},"end":{"line":344,"column":null}},"105":{"start":{"line":345,"column":11},"end":{"line":354,"column":5}},"106":{"start":{"line":347,"column":6},"end":{"line":350,"column":7}},"107":{"start":{"line":348,"column":8},"end":{"line":348,"column":null}},"108":{"start":{"line":349,"column":8},"end":{"line":349,"column":null}},"109":{"start":{"line":351,"column":6},"end":{"line":351,"column":null}},"110":{"start":{"line":352,"column":6},"end":{"line":352,"column":null}},"111":{"start":{"line":353,"column":6},"end":{"line":353,"column":null}},"112":{"start":{"line":358,"column":24},"end":{"line":375,"column":3}},"113":{"start":{"line":359,"column":4},"end":{"line":359,"column":null}},"114":{"start":{"line":360,"column":4},"end":{"line":360,"column":null}},"115":{"start":{"line":361,"column":4},"end":{"line":361,"column":null}},"116":{"start":{"line":362,"column":4},"end":{"line":362,"column":null}},"117":{"start":{"line":363,"column":4},"end":{"line":363,"column":null}},"118":{"start":{"line":364,"column":4},"end":{"line":364,"column":null}},"119":{"start":{"line":365,"column":4},"end":{"line":365,"column":null}},"120":{"start":{"line":366,"column":4},"end":{"line":366,"column":null}},"121":{"start":{"line":367,"column":4},"end":{"line":367,"column":null}},"122":{"start":{"line":368,"column":4},"end":{"line":368,"column":null}},"123":{"start":{"line":371,"column":4},"end":{"line":374,"column":5}},"124":{"start":{"line":372,"column":6},"end":{"line":372,"column":null}},"125":{"start":{"line":373,"column":6},"end":{"line":373,"column":null}},"126":{"start":{"line":378,"column":21},"end":{"line":383,"column":3}},"127":{"start":{"line":379,"column":4},"end":{"line":382,"column":5}},"128":{"start":{"line":380,"column":6},"end":{"line":380,"column":null}},"129":{"start":{"line":381,"column":6},"end":{"line":381,"column":null}},"130":{"start":{"line":386,"column":22},"end":{"line":388,"column":3}},"131":{"start":{"line":387,"column":4},"end":{"line":387,"column":null}},"132":{"start":{"line":391,"column":27},"end":{"line":391,"column":60}},"133":{"start":{"line":393,"column":2},"end":{"line":502,"column":null}},"134":{"start":{"line":495,"column":34},"end":{"line":495,"column":58}}},"fnMap":{"0":{"name":"PracticePage","decl":{"start":{"line":140,"column":24},"end":{"line":140,"column":36}},"loc":{"start":{"line":140,"column":36},"end":{"line":503,"column":1}}},"1":{"name":"(anonymous_1)","decl":{"start":{"line":162,"column":12},"end":{"line":162,"column":15}},"loc":{"start":{"line":162,"column":17},"end":{"line":176,"column":3}}},"2":{"name":"(anonymous_2)","decl":{"start":{"line":166,"column":38},"end":{"line":166,"column":39}},"loc":{"start":{"line":166,"column":48},"end":{"line":170,"column":9}}},"3":{"name":"(anonymous_3)","decl":{"start":{"line":179,"column":12},"end":{"line":179,"column":15}},"loc":{"start":{"line":179,"column":17},"end":{"line":199,"column":3}}},"4":{"name":"(anonymous_4)","decl":{"start":{"line":183,"column":29},"end":{"line":183,"column":32}},"loc":{"start":{"line":183,"column":34},"end":{"line":185,"column":7}}},"5":{"name":"(anonymous_5)","decl":{"start":{"line":184,"column":20},"end":{"line":184,"column":21}},"loc":{"start":{"line":184,"column":30},"end":{"line":184,"column":38}}},"6":{"name":"(anonymous_6)","decl":{"start":{"line":198,"column":11},"end":{"line":198,"column":14}},"loc":{"start":{"line":198,"column":17},"end":{"line":198,"column":40}}},"7":{"name":"(anonymous_7)","decl":{"start":{"line":202,"column":31},"end":{"line":202,"column":32}},"loc":{"start":{"line":202,"column":52},"end":{"line":205,"column":3}}},"8":{"name":"(anonymous_8)","decl":{"start":{"line":208,"column":31},"end":{"line":208,"column":32}},"loc":{"start":{"line":208,"column":52},"end":{"line":229,"column":3}}},"9":{"name":"(anonymous_9)","decl":{"start":{"line":220,"column":38},"end":{"line":220,"column":41}},"loc":{"start":{"line":220,"column":43},"end":{"line":228,"column":5}}},"10":{"name":"(anonymous_10)","decl":{"start":{"line":239,"column":29},"end":{"line":239,"column":34}},"loc":{"start":{"line":239,"column":56},"end":{"line":309,"column":3}}},"11":{"name":"(anonymous_11)","decl":{"start":{"line":253,"column":30},"end":{"line":253,"column":37}},"loc":{"start":{"line":253,"column":41},"end":{"line":253,"column":66}}},"12":{"name":"(anonymous_12)","decl":{"start":{"line":292,"column":30},"end":{"line":292,"column":37}},"loc":{"start":{"line":292,"column":41},"end":{"line":292,"column":66}}},"13":{"name":"(anonymous_13)","decl":{"start":{"line":298,"column":53},"end":{"line":298,"column":56}},"loc":{"start":{"line":298,"column":59},"end":{"line":298,"column":78}}},"14":{"name":"(anonymous_14)","decl":{"start":{"line":312,"column":34},"end":{"line":312,"column":35}},"loc":{"start":{"line":312,"column":51},"end":{"line":339,"column":3}}},"15":{"name":"(anonymous_15)","decl":{"start":{"line":327,"column":27},"end":{"line":327,"column":28}},"loc":{"start":{"line":327,"column":37},"end":{"line":327,"column":45}}},"16":{"name":"(anonymous_16)","decl":{"start":{"line":342,"column":21},"end":{"line":342,"column":24}},"loc":{"start":{"line":342,"column":26},"end":{"line":355,"column":3}}},"17":{"name":"(anonymous_17)","decl":{"start":{"line":358,"column":24},"end":{"line":358,"column":27}},"loc":{"start":{"line":358,"column":29},"end":{"line":375,"column":3}}},"18":{"name":"(anonymous_18)","decl":{"start":{"line":378,"column":21},"end":{"line":378,"column":24}},"loc":{"start":{"line":378,"column":26},"end":{"line":383,"column":3}}},"19":{"name":"(anonymous_19)","decl":{"start":{"line":386,"column":22},"end":{"line":386,"column":25}},"loc":{"start":{"line":386,"column":27},"end":{"line":388,"column":3}}},"20":{"name":"(anonymous_20)","decl":{"start":{"line":495,"column":28},"end":{"line":495,"column":31}},"loc":{"start":{"line":495,"column":34},"end":{"line":495,"column":58}}}},"branchMap":{"0":{"loc":{"start":{"line":163,"column":4},"end":{"line":175,"column":5}},"type":"if","locations":[{"start":{"line":163,"column":4},"end":{"line":175,"column":5}}]},"1":{"loc":{"start":{"line":164,"column":6},"end":{"line":174,"column":7}},"type":"if","locations":[{"start":{"line":164,"column":6},"end":{"line":174,"column":7}},{"start":{"line":171,"column":13},"end":{"line":174,"column":7}}]},"2":{"loc":{"start":{"line":182,"column":4},"end":{"line":196,"column":5}},"type":"if","locations":[{"start":{"line":182,"column":4},"end":{"line":196,"column":5}},{"start":{"line":186,"column":11},"end":{"line":196,"column":5}}]},"3":{"loc":{"start":{"line":182,"column":8},"end":{"line":182,"column":33}},"type":"binary-expr","locations":[{"start":{"line":182,"column":8},"end":{"line":182,"column":17}},{"start":{"line":182,"column":21},"end":{"line":182,"column":33}}]},"4":{"loc":{"start":{"line":186,"column":11},"end":{"line":196,"column":5}},"type":"if","locations":[{"start":{"line":186,"column":11},"end":{"line":196,"column":5}}]},"5":{"loc":{"start":{"line":186,"column":15},"end":{"line":186,"column":53}},"type":"binary-expr","locations":[{"start":{"line":186,"column":15},"end":{"line":186,"column":29}},{"start":{"line":186,"column":33},"end":{"line":186,"column":53}}]},"6":{"loc":{"start":{"line":192,"column":6},"end":{"line":195,"column":7}},"type":"if","locations":[{"start":{"line":192,"column":6},"end":{"line":195,"column":7}}]},"7":{"loc":{"start":{"line":233,"column":4},"end":{"line":233,"column":53}},"type":"binary-expr","locations":[{"start":{"line":233,"column":4},"end":{"line":233,"column":47}},{"start":{"line":233,"column":51},"end":{"line":233,"column":53}}]},"8":{"loc":{"start":{"line":234,"column":4},"end":{"line":234,"column":49}},"type":"binary-expr","locations":[{"start":{"line":234,"column":4},"end":{"line":234,"column":43}},{"start":{"line":234,"column":47},"end":{"line":234,"column":49}}]},"9":{"loc":{"start":{"line":235,"column":4},"end":{"line":235,"column":48}},"type":"binary-expr","locations":[{"start":{"line":235,"column":4},"end":{"line":235,"column":42}},{"start":{"line":235,"column":46},"end":{"line":235,"column":48}}]},"10":{"loc":{"start":{"line":242,"column":33},"end":{"line":242,"column":77}},"type":"binary-expr","locations":[{"start":{"line":242,"column":33},"end":{"line":242,"column":71}},{"start":{"line":242,"column":75},"end":{"line":242,"column":77}}]},"11":{"loc":{"start":{"line":252,"column":10},"end":{"line":254,"column":11}},"type":"if","locations":[{"start":{"line":252,"column":10},"end":{"line":254,"column":11}}]},"12":{"loc":{"start":{"line":291,"column":10},"end":{"line":293,"column":11}},"type":"if","locations":[{"start":{"line":291,"column":10},"end":{"line":293,"column":11}}]},"13":{"loc":{"start":{"line":291,"column":14},"end":{"line":291,"column":51}},"type":"cond-expr","locations":[{"start":{"line":291,"column":27},"end":{"line":291,"column":29}},{"start":{"line":291,"column":27},"end":{"line":291,"column":51}}]},"14":{"loc":{"start":{"line":291,"column":14},"end":{"line":291,"column":29}},"type":"binary-expr","locations":[{"start":{"line":291,"column":14},"end":{"line":291,"column":29}},{"start":{"line":291,"column":27},"end":{"line":291,"column":29}}]},"15":{"loc":{"start":{"line":304,"column":33},"end":{"line":304,"column":77}},"type":"binary-expr","locations":[{"start":{"line":304,"column":33},"end":{"line":304,"column":71}},{"start":{"line":304,"column":75},"end":{"line":304,"column":77}}]},"16":{"loc":{"start":{"line":312,"column":35},"end":{"line":312,"column":47}},"type":"default-arg","locations":[{"start":{"line":312,"column":42},"end":{"line":312,"column":47}}]},"17":{"loc":{"start":{"line":313,"column":4},"end":{"line":324,"column":5}},"type":"if","locations":[{"start":{"line":313,"column":4},"end":{"line":324,"column":5}}]},"18":{"loc":{"start":{"line":319,"column":6},"end":{"line":322,"column":7}},"type":"if","locations":[{"start":{"line":319,"column":6},"end":{"line":322,"column":7}}]},"19":{"loc":{"start":{"line":330,"column":4},"end":{"line":338,"column":5}},"type":"if","locations":[{"start":{"line":330,"column":4},"end":{"line":338,"column":5}},{"start":{"line":332,"column":11},"end":{"line":338,"column":5}}]},"20":{"loc":{"start":{"line":343,"column":4},"end":{"line":354,"column":5}},"type":"if","locations":[{"start":{"line":343,"column":4},"end":{"line":354,"column":5}},{"start":{"line":345,"column":11},"end":{"line":354,"column":5}}]},"21":{"loc":{"start":{"line":345,"column":11},"end":{"line":354,"column":5}},"type":"if","locations":[{"start":{"line":345,"column":11},"end":{"line":354,"column":5}}]},"22":{"loc":{"start":{"line":347,"column":6},"end":{"line":350,"column":7}},"type":"if","locations":[{"start":{"line":347,"column":6},"end":{"line":350,"column":7}}]},"23":{"loc":{"start":{"line":371,"column":4},"end":{"line":374,"column":5}},"type":"if","locations":[{"start":{"line":371,"column":4},"end":{"line":374,"column":5}}]},"24":{"loc":{"start":{"line":379,"column":4},"end":{"line":382,"column":5}},"type":"if","locations":[{"start":{"line":379,"column":4},"end":{"line":382,"column":5}}]},"25":{"loc":{"start":{"line":420,"column":13},"end":{"line":428,"column":null}},"type":"binary-expr","locations":[{"start":{"line":420,"column":13},"end":{"line":420,"column":32}},{"start":{"line":420,"column":36},"end":{"line":420,"column":53}},{"start":{"line":421,"column":14},"end":{"line":426,"column":null}}]},"26":{"loc":{"start":{"line":432,"column":13},"end":{"line":440,"column":null}},"type":"binary-expr","locations":[{"start":{"line":432,"column":13},"end":{"line":432,"column":33}},{"start":{"line":432,"column":37},"end":{"line":432,"column":54}},{"start":{"line":433,"column":14},"end":{"line":439,"column":null}}]},"27":{"loc":{"start":{"line":439,"column":17},"end":{"line":439,"column":44}},"type":"cond-expr","locations":[{"start":{"line":439,"column":27},"end":{"line":439,"column":35}},{"start":{"line":439,"column":38},"end":{"line":439,"column":44}}]},"28":{"loc":{"start":{"line":449,"column":13},"end":{"line":449,"column":89}},"type":"binary-expr","locations":[{"start":{"line":449,"column":13},"end":{"line":449,"column":32}},{"start":{"line":449,"column":36},"end":{"line":449,"column":89}}]},"29":{"loc":{"start":{"line":452,"column":13},"end":{"line":452,"column":115}},"type":"binary-expr","locations":[{"start":{"line":452,"column":13},"end":{"line":452,"column":32}},{"start":{"line":452,"column":36},"end":{"line":452,"column":115}}]},"30":{"loc":{"start":{"line":455,"column":15},"end":{"line":459,"column":null}},"type":"binary-expr","locations":[{"start":{"line":455,"column":15},"end":{"line":455,"column":37}},{"start":{"line":456,"column":16},"end":{"line":458,"column":null}}]},"31":{"loc":{"start":{"line":463,"column":15},"end":{"line":472,"column":null}},"type":"binary-expr","locations":[{"start":{"line":463,"column":15},"end":{"line":463,"column":35}},{"start":{"line":463,"column":39},"end":{"line":463,"column":55}},{"start":{"line":463,"column":59},"end":{"line":463,"column":76}},{"start":{"line":463,"column":80},"end":{"line":463,"column":103}},{"start":{"line":464,"column":16},"end":{"line":471,"column":null}}]},"32":{"loc":{"start":{"line":476,"column":15},"end":{"line":485,"column":null}},"type":"binary-expr","locations":[{"start":{"line":476,"column":15},"end":{"line":476,"column":31}},{"start":{"line":477,"column":16},"end":{"line":484,"column":null}}]},"33":{"loc":{"start":{"line":490,"column":13},"end":{"line":498,"column":null}},"type":"binary-expr","locations":[{"start":{"line":490,"column":13},"end":{"line":490,"column":33}},{"start":{"line":490,"column":37},"end":{"line":490,"column":54}},{"start":{"line":491,"column":14},"end":{"line":497,"column":null}}]}},"s":{"0":0,"1":0,"2":0,"3":0,"4":0,"5":0,"6":0,"7":0,"8":0,"9":0,"10":0,"11":0,"12":0,"13":0,"14":0,"15":0,"16":0,"17":0,"18":0,"19":0,"20":0,"21":0,"22":0,"23":0,"24":0,"25":0,"26":0,"27":0,"28":0,"29":0,"30":0,"31":0,"32":0,"33":0,"34":0,"35":0,"36":0,"37":0,"38":0,"39":0,"40":0,"41":0,"42":0,"43":0,"44":0,"45":0,"46":0,"47":0,"48":0,"49":0,"50":0,"51":0,"52":0,"53":0,"54":0,"55":0,"56":0,"57":0,"58":0,"59":0,"60":0,"61":0,"62":0,"63":0,"64":0,"65":0,"66":0,"67":0,"68":0,"69":0,"70":0,"71":0,"72":0,"73":0,"74":0,"75":0,"76":0,"77":0,"78":0,"79":0,"80":0,"81":0,"82":0,"83":0,"84":0,"85":0,"86":0,"87":0,"88":0,"89":0,"90":0,"91":0,"92":0,"93":0,"94":0,"95":0,"96":0,"97":0,"98":0,"99":0,"100":0,"101":0,"102":0,"103":0,"104":0,"105":0,"106":0,"107":0,"108":0,"109":0,"110":0,"111":0,"112":0,"113":0,"114":0,"115":0,"116":0,"117":0,"118":0,"119":0,"120":0,"121":0,"122":0,"123":0,"124":0,"125":0,"126":0,"127":0,"128":0,"129":0,"130":0,"131":0,"132":0,"133":0,"134":0},"f":{"0":0,"1":0,"2":0,"3":0,"4":0,"5":0,"6":0,"7":0,"8":0,"9":0,"10":0,"11":0,"12":0,"13":0,"14":0,"15":0,"16":0,"17":0,"18":0,"19":0,"20":0},"b":{"0":[0],"1":[0,0],"2":[0,0],"3":[0,0],"4":[0],"5":[0,0],"6":[0],"7":[0,0],"8":[0,0],"9":[0,0],"10":[0,0],"11":[0],"12":[0],"13":[0,0],"14":[0,0],"15":[0,0],"16":[0],"17":[0],"18":[0],"19":[0,0],"20":[0,0],"21":[0],"22":[0],"23":[0],"24":[0],"25":[0,0,0],"26":[0,0,0],"27":[0,0],"28":[0,0],"29":[0,0],"30":[0,0],"31":[0,0,0,0,0],"32":[0,0],"33":[0,0,0]}}
,"D:\\brief-gen\\components\\brief-card.tsx": {"path":"D:\\brief-gen\\components\\brief-card.tsx","statementMap":{"0":{"start":{"line":52,"column":0},"end":{"line":52,"column":16}},"1":{"start":{"line":3,"column":0},"end":{"line":3,"column":46}},"2":{"start":{"line":4,"column":0},"end":{"line":4,"column":47}},"3":{"start":{"line":15,"column":19},"end":{"line":15,"column":56}},"4":{"start":{"line":17,"column":2},"end":{"line":19,"column":3}},"5":{"start":{"line":18,"column":4},"end":{"line":18,"column":null}},"6":{"start":{"line":21,"column":2},"end":{"line":49,"column":null}},"7":{"start":{"line":24,"column":36},"end":{"line":24,"column":55}},"8":{"start":{"line":25,"column":31},"end":{"line":25,"column":56}},"9":{"start":{"line":27,"column":8},"end":{"line":46,"column":null}},"10":{"start":{"line":34,"column":16},"end":{"line":41,"column":17}},"11":{"start":{"line":35,"column":18},"end":{"line":40,"column":null}},"12":{"start":{"line":42,"column":16},"end":{"line":42,"column":null}},"13":{"start":{"line":53,"column":2},"end":{"line":84,"column":null}}},"fnMap":{"0":{"name":"formatBriefContent","decl":{"start":{"line":13,"column":9},"end":{"line":13,"column":27}},"loc":{"start":{"line":13,"column":43},"end":{"line":50,"column":1}}},"1":{"name":"(anonymous_1)","decl":{"start":{"line":23,"column":20},"end":{"line":23,"column":21}},"loc":{"start":{"line":23,"column":39},"end":{"line":47,"column":7}}},"2":{"name":"(anonymous_2)","decl":{"start":{"line":33,"column":46},"end":{"line":33,"column":47}},"loc":{"start":{"line":33,"column":58},"end":{"line":43,"column":15}}},"3":{"name":"BriefCard","decl":{"start":{"line":52,"column":16},"end":{"line":52,"column":25}},"loc":{"start":{"line":52,"column":91},"end":{"line":85,"column":1}}}},"branchMap":{"0":{"loc":{"start":{"line":17,"column":2},"end":{"line":19,"column":3}},"type":"if","locations":[{"start":{"line":17,"column":2},"end":{"line":19,"column":3}}]},"1":{"loc":{"start":{"line":30,"column":15},"end":{"line":30,"column":59}},"type":"cond-expr","locations":[{"start":{"line":30,"column":29},"end":{"line":30,"column":51}},{"start":{"line":30,"column":54},"end":{"line":30,"column":59}}]},"2":{"loc":{"start":{"line":34,"column":16},"end":{"line":41,"column":17}},"type":"if","locations":[{"start":{"line":34,"column":16},"end":{"line":41,"column":17}}]},"3":{"loc":{"start":{"line":42,"column":23},"end":{"line":42,"column":49}},"type":"binary-expr","locations":[{"start":{"line":42,"column":23},"end":{"line":42,"column":34}},{"start":{"line":42,"column":38},"end":{"line":42,"column":49}}]},"4":{"loc":{"start":{"line":74,"column":19},"end":{"line":74,"column":68}},"type":"cond-expr","locations":[{"start":{"line":74,"column":36},"end":{"line":74,"column":48}},{"start":{"line":74,"column":51},"end":{"line":74,"column":68}}]}},"s":{"0":0,"1":0,"2":0,"3":0,"4":0,"5":0,"6":0,"7":0,"8":0,"9":0,"10":0,"11":0,"12":0,"13":0},"f":{"0":0,"1":0,"2":0,"3":0},"b":{"0":[0],"1":[0,0],"2":[0],"3":[0,0],"4":[0,0]}}
,"D:\\brief-gen\\components\\design-analyzer.tsx": {"path":"D:\\brief-gen\\components\\design-analyzer.tsx","statementMap":{"0":{"start":{"line":57,"column":0},"end":{"line":57,"column":16}},"1":{"start":{"line":3,"column":0},"end":{"line":3,"column":40}},"2":{"start":{"line":4,"column":0},"end":{"line":4,"column":42}},"3":{"start":{"line":6,"column":0},"end":{"line":6,"column":58}},"4":{"start":{"line":22,"column":31},"end":{"line":28,"column":1}},"5":{"start":{"line":23,"column":2},"end":{"line":27,"column":null}},"6":{"start":{"line":24,"column":21},"end":{"line":24,"column":80}},"7":{"start":{"line":25,"column":26},"end":{"line":25,"column":85}},"8":{"start":{"line":26,"column":4},"end":{"line":26,"column":null}},"9":{"start":{"line":30,"column":26},"end":{"line":55,"column":1}},"10":{"start":{"line":31,"column":23},"end":{"line":31,"column":79}},"11":{"start":{"line":31,"column":59},"end":{"line":31,"column":78}},"12":{"start":{"line":34,"column":21},"end":{"line":37,"column":4}},"13":{"start":{"line":35,"column":4},"end":{"line":35,"column":null}},"14":{"start":{"line":35,"column":17},"end":{"line":35,"column":null}},"15":{"start":{"line":36,"column":4},"end":{"line":36,"column":null}},"16":{"start":{"line":39,"column":23},"end":{"line":42,"column":4}},"17":{"start":{"line":40,"column":4},"end":{"line":40,"column":null}},"18":{"start":{"line":40,"column":17},"end":{"line":40,"column":null}},"19":{"start":{"line":41,"column":4},"end":{"line":41,"column":null}},"20":{"start":{"line":44,"column":21},"end":{"line":49,"column":4}},"21":{"start":{"line":45,"column":4},"end":{"line":45,"column":null}},"22":{"start":{"line":45,"column":17},"end":{"line":45,"column":null}},"23":{"start":{"line":46,"column":4},"end":{"line":46,"column":null}},"24":{"start":{"line":46,"column":17},"end":{"line":46,"column":null}},"25":{"start":{"line":47,"column":4},"end":{"line":47,"column":null}},"26":{"start":{"line":47,"column":17},"end":{"line":47,"column":null}},"27":{"start":{"line":48,"column":4},"end":{"line":48,"column":null}},"28":{"start":{"line":51,"column":2},"end":{"line":51,"column":null}},"29":{"start":{"line":51,"column":18},"end":{"line":51,"column":null}},"30":{"start":{"line":52,"column":2},"end":{"line":52,"column":null}},"31":{"start":{"line":52,"column":18},"end":{"line":52,"column":null}},"32":{"start":{"line":53,"column":2},"end":{"line":53,"column":null}},"33":{"start":{"line":53,"column":20},"end":{"line":53,"column":null}},"34":{"start":{"line":54,"column":2},"end":{"line":54,"column":null}},"35":{"start":{"line":58,"column":28},"end":{"line":58,"column":82}},"36":{"start":{"line":59,"column":44},"end":{"line":59,"column":73}},"37":{"start":{"line":60,"column":42},"end":{"line":60,"column":71}},"38":{"start":{"line":61,"column":20},"end":{"line":61,"column":51}},"39":{"start":{"line":62,"column":40},"end":{"line":62,"column":55}},"40":{"start":{"line":64,"column":28},"end":{"line":99,"column":3}},"41":{"start":{"line":65,"column":4},"end":{"line":65,"column":null}},"42":{"start":{"line":66,"column":4},"end":{"line":98,"column":5}},"43":{"start":{"line":67,"column":19},"end":{"line":67,"column":38}},"44":{"start":{"line":68,"column":6},"end":{"line":93,"column":7}},"45":{"start":{"line":69,"column":28},"end":{"line":69,"column":53}},"46":{"start":{"line":70,"column":20},"end":{"line":70,"column":38}},"47":{"start":{"line":71,"column":8},"end":{"line":71,"column":null}},"48":{"start":{"line":73,"column":8},"end":{"line":76,"column":null}},"49":{"start":{"line":74,"column":10},"end":{"line":74,"column":null}},"50":{"start":{"line":75,"column":10},"end":{"line":75,"column":null}},"51":{"start":{"line":78,"column":26},"end":{"line":78,"column":48}},"52":{"start":{"line":79,"column":8},"end":{"line":79,"column":null}},"53":{"start":{"line":80,"column":23},"end":{"line":80,"column":59}},"54":{"start":{"line":82,"column":32},"end":{"line":82,"column":54}},"55":{"start":{"line":83,"column":8},"end":{"line":92,"column":null}},"56":{"start":{"line":95,"column":6},"end":{"line":95,"column":null}},"57":{"start":{"line":97,"column":6},"end":{"line":97,"column":null}},"58":{"start":{"line":101,"column":2},"end":{"line":149,"column":null}}},"fnMap":{"0":{"name":"(anonymous_0)","decl":{"start":{"line":22,"column":31},"end":{"line":22,"column":32}},"loc":{"start":{"line":22,"column":98},"end":{"line":28,"column":1}}},"1":{"name":"(anonymous_1)","decl":{"start":{"line":23,"column":29},"end":{"line":23,"column":30}},"loc":{"start":{"line":23,"column":46},"end":{"line":27,"column":3}}},"2":{"name":"(anonymous_2)","decl":{"start":{"line":30,"column":26},"end":{"line":30,"column":27}},"loc":{"start":{"line":30,"column":93},"end":{"line":55,"column":1}}},"3":{"name":"(anonymous_3)","decl":{"start":{"line":31,"column":49},"end":{"line":31,"column":50}},"loc":{"start":{"line":31,"column":59},"end":{"line":31,"column":78}}},"4":{"name":"(anonymous_4)","decl":{"start":{"line":34,"column":40},"end":{"line":34,"column":41}},"loc":{"start":{"line":34,"column":58},"end":{"line":37,"column":3}}},"5":{"name":"(anonymous_5)","decl":{"start":{"line":39,"column":42},"end":{"line":39,"column":43}},"loc":{"start":{"line":39,"column":60},"end":{"line":42,"column":3}}},"6":{"name":"(anonymous_6)","decl":{"start":{"line":44,"column":40},"end":{"line":44,"column":41}},"loc":{"start":{"line":44,"column":58},"end":{"line":49,"column":3}}},"7":{"name":"DesignAnalyzer","decl":{"start":{"line":57,"column":16},"end":{"line":57,"column":30}},"loc":{"start":{"line":57,"column":74},"end":{"line":150,"column":1}}},"8":{"name":"(anonymous_8)","decl":{"start":{"line":64,"column":28},"end":{"line":64,"column":33}},"loc":{"start":{"line":64,"column":77},"end":{"line":99,"column":3}}},"9":{"name":"(anonymous_9)","decl":{"start":{"line":73,"column":26},"end":{"line":73,"column":27}},"loc":{"start":{"line":73,"column":46},"end":{"line":76,"column":9}}}},"branchMap":{"0":{"loc":{"start":{"line":24,"column":21},"end":{"line":24,"column":80}},"type":"cond-expr","locations":[{"start":{"line":24,"column":37},"end":{"line":24,"column":42}},{"start":{"line":24,"column":45},"end":{"line":24,"column":80}}]},"1":{"loc":{"start":{"line":24,"column":45},"end":{"line":24,"column":80}},"type":"cond-expr","locations":[{"start":{"line":24,"column":61},"end":{"line":24,"column":69}},{"start":{"line":24,"column":72},"end":{"line":24,"column":80}}]},"2":{"loc":{"start":{"line":25,"column":26},"end":{"line":25,"column":85}},"type":"cond-expr","locations":[{"start":{"line":25,"column":42},"end":{"line":25,"column":48}},{"start":{"line":25,"column":51},"end":{"line":25,"column":85}}]},"3":{"loc":{"start":{"line":25,"column":51},"end":{"line":25,"column":85}},"type":"cond-expr","locations":[{"start":{"line":25,"column":67},"end":{"line":25,"column":74}},{"start":{"line":25,"column":77},"end":{"line":25,"column":85}}]},"4":{"loc":{"start":{"line":35,"column":4},"end":{"line":35,"column":null}},"type":"if","locations":[{"start":{"line":35,"column":4},"end":{"line":35,"column":null}}]},"5":{"loc":{"start":{"line":40,"column":4},"end":{"line":40,"column":null}},"type":"if","locations":[{"start":{"line":40,"column":4},"end":{"line":40,"column":null}}]},"6":{"loc":{"start":{"line":45,"column":4},"end":{"line":45,"column":null}},"type":"if","locations":[{"start":{"line":45,"column":4},"end":{"line":45,"column":null}}]},"7":{"loc":{"start":{"line":46,"column":4},"end":{"line":46,"column":null}},"type":"if","locations":[{"start":{"line":46,"column":4},"end":{"line":46,"column":null}}]},"8":{"loc":{"start":{"line":47,"column":4},"end":{"line":47,"column":null}},"type":"if","locations":[{"start":{"line":47,"column":4},"end":{"line":47,"column":null}}]},"9":{"loc":{"start":{"line":51,"column":2},"end":{"line":51,"column":null}},"type":"if","locations":[{"start":{"line":51,"column":2},"end":{"line":51,"column":null}}]},"10":{"loc":{"start":{"line":52,"column":2},"end":{"line":52,"column":null}},"type":"if","locations":[{"start":{"line":52,"column":2},"end":{"line":52,"column":null}}]},"11":{"loc":{"start":{"line":53,"column":2},"end":{"line":53,"column":null}},"type":"if","locations":[{"start":{"line":53,"column":2},"end":{"line":53,"column":null}}]},"12":{"loc":{"start":{"line":67,"column":19},"end":{"line":67,"column":38}},"type":"cond-expr","locations":[{"start":{"line":67,"column":33},"end":{"line":67,"column":36}},{"start":{"line":67,"column":33},"end":{"line":67,"column":38}}]},"13":{"loc":{"start":{"line":67,"column":19},"end":{"line":67,"column":36}},"type":"binary-expr","locations":[{"start":{"line":67,"column":19},"end":{"line":67,"column":36}},{"start":{"line":67,"column":33},"end":{"line":67,"column":36}}]},"14":{"loc":{"start":{"line":68,"column":6},"end":{"line":93,"column":7}},"type":"if","locations":[{"start":{"line":68,"column":6},"end":{"line":93,"column":7}}]},"15":{"loc":{"start":{"line":104,"column":7},"end":{"line":116,"column":null}},"type":"binary-expr","locations":[{"start":{"line":104,"column":7},"end":{"line":104,"column":25}},{"start":{"line":105,"column":8},"end":{"line":115,"column":null}}]},"16":{"loc":{"start":{"line":120,"column":7},"end":{"line":137,"column":null}},"type":"binary-expr","locations":[{"start":{"line":120,"column":7},"end":{"line":120,"column":26}},{"start":{"line":121,"column":8},"end":{"line":136,"column":null}}]},"17":{"loc":{"start":{"line":141,"column":7},"end":{"line":146,"column":null}},"type":"binary-expr","locations":[{"start":{"line":141,"column":7},"end":{"line":141,"column":18}},{"start":{"line":142,"column":8},"end":{"line":145,"column":null}}]}},"s":{"0":2,"1":2,"2":2,"3":2,"4":2,"5":0,"6":0,"7":0,"8":0,"9":2,"10":0,"11":0,"12":0,"13":0,"14":0,"15":0,"16":0,"17":0,"18":0,"19":0,"20":0,"21":0,"22":0,"23":0,"24":0,"25":0,"26":0,"27":0,"28":0,"29":0,"30":0,"31":0,"32":0,"33":0,"34":0,"35":8,"36":8,"37":8,"38":8,"39":8,"40":8,"41":4,"42":4,"43":4,"44":4,"45":4,"46":4,"47":4,"48":4,"49":4,"50":4,"51":0,"52":0,"53":0,"54":0,"55":0,"56":0,"57":0,"58":8},"f":{"0":0,"1":0,"2":0,"3":0,"4":0,"5":0,"6":0,"7":8,"8":4,"9":4},"b":{"0":[0,0],"1":[0,0],"2":[0,0],"3":[0,0],"4":[0],"5":[0],"6":[0],"7":[0],"8":[0],"9":[0],"10":[0],"11":[0],"12":[0,4],"13":[4,4],"14":[4],"15":[8,8],"16":[8,0],"17":[8,4]}}
[...]
cl":{"start":{"line":145,"column":9},"end":{"line":145,"column":14}},"loc":{"start":{"line":145,"column":34},"end":{"line":172,"column":1}}},"11":{"name":"(anonymous_20)","decl":{"start":{"line":148,"column":17},"end":{"line":148,"column":18}},"loc":{"start":{"line":149,"column":4},"end":{"line":152,"column":6}}},"12":{"name":"(anonymous_21)","decl":{"start":{"line":153,"column":18},"end":{"line":153,"column":21}},"loc":{"start":{"line":153,"column":24},"end":{"line":153,"column":72}}},"13":{"name":"(anonymous_22)","decl":{"start":{"line":161,"column":20},"end":{"line":161,"column":21}},"loc":{"start":{"line":161,"column":29},"end":{"line":163,"column":7}}},"14":{"name":"useToast","decl":{"start":{"line":174,"column":9},"end":{"line":174,"column":17}},"loc":{"start":{"line":174,"column":17},"end":{"line":192,"column":1}}},"15":{"name":"(anonymous_24)","decl":{"start":{"line":177,"column":18},"end":{"line":177,"column":21}},"loc":{"start":{"line":177,"column":23},"end":{"line":185,"column":3}}},"16":{"name":"(anonymous_25)","decl":{"start":{"line":179,"column":11},"end":{"line":179,"column":14}},"loc":{"start":{"line":179,"column":16},"end":{"line":184,"column":5}}},"17":{"name":"(anonymous_26)","decl":{"start":{"line":190,"column":13},"end":{"line":190,"column":14}},"loc":{"start":{"line":190,"column":35},"end":{"line":190,"column":79}}}},"branchMap":{"0":{"loc":{"start":{"line":62,"column":2},"end":{"line":64,"column":3}},"type":"if","locations":[{"start":{"line":62,"column":2},"end":{"line":64,"column":3}}]},"1":{"loc":{"start":{"line":78,"column":2},"end":{"line":129,"column":3}},"type":"switch","locations":[{"start":{"line":79,"column":4},"end":{"line":83,"column":null}},{"start":{"line":85,"column":4},"end":{"line":91,"column":null}},{"start":{"line":93,"column":4},"end":{"line":117,"column":5}},{"start":{"line":118,"column":4},"end":{"line":128,"column":null}}]},"2":{"loc":{"start":{"line":89,"column":10},"end":{"line":89,"column":66}},"type":"cond-expr","locations":[{"start":{"line":89,"column":37},"end":{"line":89,"column":62}},{"start":{"line":89,"column":65},"end":{"line":89,"column":66}}]},"3":{"loc":{"start":{"line":98,"column":6},"end":{"line":104,"column":7}},"type":"if","locations":[{"start":{"line":98,"column":6},"end":{"line":104,"column":7}},{"start":{"line":100,"column":13},"end":{"line":104,"column":7}}]},"4":{"loc":{"start":{"line":109,"column":10},"end":{"line":114,"column":15}},"type":"cond-expr","locations":[{"start":{"line":110,"column":14},"end":{"line":113,"column":null}},{"start":{"line":114,"column":14},"end":{"line":114,"column":15}}]},"5":{"loc":{"start":{"line":109,"column":10},"end":{"line":109,"column":51}},"type":"binary-expr","locations":[{"start":{"line":109,"column":10},"end":{"line":109,"column":26}},{"start":{"line":109,"column":30},"end":{"line":109,"column":51}}]},"6":{"loc":{"start":{"line":119,"column":6},"end":{"line":124,"column":7}},"type":"if","locations":[{"start":{"line":119,"column":6},"end":{"line":124,"column":7}}]},"7":{"loc":{"start":{"line":162,"column":8},"end":{"line":162,"column":null}},"type":"if","locations":[{"start":{"line":162,"column":8},"end":{"line":162,"column":null}}]},"8":{"loc":{"start":{"line":181,"column":6},"end":{"line":183,"column":7}},"type":"if","locations":[{"start":{"line":181,"column":6},"end":{"line":183,"column":7}}]}},"s":{"0":0,"1":0,"2":0,"3":0,"4":0,"5":0,"6":0,"7":0,"8":0,"9":0,"10":0,"11":0,"12":0,"13":0,"14":0,"15":0,"16":0,"17":0,"18":0,"19":0,"20":0,"21":0,"22":0,"23":0,"24":0,"25":0,"26":0,"27":0,"28":0,"29":0,"30":0,"31":0,"32":0,"33":0,"34":0,"35":0,"36":0,"37":0,"38":0,"39":0,"40":0,"41":0,"42":0,"43":0,"44":0,"45":0,"46":0,"47":0,"48":0,"49":0,"50":0,"51":0,"52":0,"53":0,"54":0,"55":0,"56":0},"f":{"0":0,"1":0,"2":0,"3":0,"4":0,"5":0,"6":0,"7":0,"8":0,"9":0,"10":0,"11":0,"12":0,"13":0,"14":0,"15":0,"16":0,"17":0},"b":{"0":[0],"1":[0,0,0,0],"2":[0,0],"3":[0,0],"4":[0,0],"5":[0,0],"6":[0],"7":[0],"8":[0]}}
,"D:\\brief-gen\\lib\\heatmap-generator.ts": {"path":"D:\\brief-gen\\lib\\heatmap-generator.ts","statementMap":{"0":{"start":{"line":1,"column":0},"end":{"line":1,"column":38}},"1":{"start":{"line":3,"column":0},"end":{"line":3,"column":35}},"2":{"start":{"line":12,"column":10},"end":{"line":12,"column":null}},"3":{"start":{"line":13,"column":10},"end":{"line":13,"column":null}},"4":{"start":{"line":14,"column":10},"end":{"line":14,"column":null}},"5":{"start":{"line":15,"column":10},"end":{"line":15,"column":null}},"6":{"start":{"line":18,"column":4},"end":{"line":20,"column":5}},"7":{"start":{"line":19,"column":6},"end":{"line":19,"column":null}},"8":{"start":{"line":24,"column":4},"end":{"line":24,"column":26}},"9":{"start":{"line":24,"column":20},"end":{"line":24,"column":26}},"10":{"start":{"line":25,"column":4},"end":{"line":28,"column":5}},"11":{"start":{"line":26,"column":6},"end":{"line":26,"column":null}},"12":{"start":{"line":27,"column":6},"end":{"line":27,"column":12}},"13":{"start":{"line":30,"column":4},"end":{"line":45,"column":5}},"14":{"start":{"line":31,"column":6},"end":{"line":31,"column":null}},"15":{"start":{"line":33,"column":6},"end":{"line":39,"column":7}},"16":{"start":{"line":34,"column":8},"end":{"line":34,"column":null}},"17":{"start":{"line":36,"column":8},"end":{"line":36,"column":null}},"18":{"start":{"line":38,"column":8},"end":{"line":38,"column":null}},"19":{"start":{"line":41,"column":6},"end":{"line":41,"column":null}},"20":{"start":{"line":42,"column":6},"end":{"line":42,"column":null}},"21":{"start":{"line":44,"column":6},"end":{"line":44,"column":null}},"22":{"start":{"line":49,"column":4},"end":{"line":51,"column":5}},"23":{"start":{"line":50,"column":6},"end":{"line":50,"column":null}},"24":{"start":{"line":50,"column":35},"end":{"line":50,"column":59}},"25":{"start":{"line":55,"column":4},"end":{"line":65,"column":5}},"26":{"start":{"line":56,"column":6},"end":{"line":64,"column":7}},"27":{"start":{"line":57,"column":8},"end":{"line":57,"column":null}},"28":{"start":{"line":59,"column":8},"end":{"line":63,"column":null}},"29":{"start":{"line":67,"column":37},"end":{"line":67,"column":41}},"30":{"start":{"line":68,"column":38},"end":{"line":68,"column":42}},"31":{"start":{"line":69,"column":39},"end":{"line":69,"column":43}},"32":{"start":{"line":71,"column":4},"end":{"line":153,"column":5}},"33":{"start":{"line":73,"column":6},"end":{"line":73,"column":null}},"34":{"start":{"line":74,"column":6},"end":{"line":79,"column":null}},"35":{"start":{"line":76,"column":24},"end":{"line":76,"column":68}},"36":{"start":{"line":78,"column":8},"end":{"line":78,"column":null}},"37":{"start":{"line":82,"column":6},"end":{"line":82,"column":null}},"38":{"start":{"line":83,"column":26},"end":{"line":83,"column":49}},"39":{"start":{"line":86,"column":24},"end":{"line":86,"column":53}},"40":{"start":{"line":87,"column":6},"end":{"line":87,"column":null}},"41":{"start":{"line":88,"column":6},"end":{"line":88,"column":null}},"42":{"start":{"line":89,"column":6},"end":{"line":89,"column":null}},"43":{"start":{"line":90,"column":6},"end":{"line":90,"column":null}},"44":{"start":{"line":93,"column":30},"end":{"line":99,"column":8}},"45":{"start":{"line":102,"column":67},"end":{"line":102,"column":69}},"46":{"start":{"line":103,"column":20},"end":{"line":103,"column":38}},"47":{"start":{"line":104,"column":21},"end":{"line":104,"column":40}},"48":{"start":{"line":105,"column":21},"end":{"line":105,"column":32}},"49":{"start":{"line":106,"column":21},"end":{"line":106,"column":33}},"50":{"start":{"line":108,"column":6},"end":{"line":119,"column":7}},"51":{"start":{"line":108,"column":19},"end":{"line":108,"column":20}},"52":{"start":{"line":109,"column":8},"end":{"line":118,"column":9}},"53":{"start":{"line":109,"column":21},"end":{"line":109,"column":22}},"54":{"start":{"line":110,"column":24},"end":{"line":110,"column":48}},"55":{"start":{"line":111,"column":10},"end":{"line":117,"column":11}},"56":{"start":{"line":112,"column":12},"end":{"line":116,"column":null}},"57":{"start":{"line":122,"column":6},"end":{"line":125,"column":null}},"58":{"start":{"line":128,"column":25},"end":{"line":128,"column":77}},"59":{"start":{"line":131,"column":6},"end":{"line":131,"column":null}},"60":{"start":{"line":134,"column":30},"end":{"line":134,"column":62}},"61":{"start":{"line":136,"column":6},"end":{"line":139,"column":null}},"62":{"start":{"line":142,"column":6},"end":{"line":142,"column":null}},"63":{"start":{"line":143,"column":6},"end":{"line":147,"column":null}},"64":{"start":{"line":150,"column":6},"end":{"line":150,"column":null}},"65":{"start":{"line":150,"column":18},"end":{"line":150,"column":null}},"66":{"start":{"line":151,"column":6},"end":{"line":151,"column":null}},"67":{"start":{"line":151,"column":21},"end":{"line":151,"column":null}},"68":{"start":{"line":152,"column":6},"end":{"line":152,"column":null}},"69":{"start":{"line":152,"column":22},"end":{"line":152,"column":null}},"70":{"start":{"line":158,"column":4},"end":{"line":165,"column":null}},"71":{"start":{"line":159,"column":22},"end":{"line":159,"column":39}},"72":{"start":{"line":161,"column":21},"end":{"line":165,"column":8}},"73":{"start":{"line":11,"column":0},"end":{"line":11,"column":13}}},"fnMap":{"0":{"name":"(anonymous_10)","decl":{"start":{"line":17,"column":2},"end":{"line":17,"column":14}},"loc":{"start":{"line":17,"column":32},"end":{"line":21,"column":3}}},"1":{"name":"(anonymous_11)","decl":{"start":{"line":23,"column":2},"end":{"line":23,"column":7}},"loc":{"start":{"line":23,"column":18},"end":{"line":46,"column":3}}},"2":{"name":"(anonymous_12)","decl":{"start":{"line":48,"column":10},"end":{"line":48,"column":15}},"loc":{"start":{"line":48,"column":37},"end":{"line":52,"column":3}}},"3":{"name":"(anonymous_13)","decl":{"start":{"line":50,"column":24},"end":{"line":50,"column":31}},"loc":{"start":{"line":50,"column":35},"end":{"line":50,"column":59}}},"4":{"name":"(anonymous_14)","decl":{"start":{"line":54,"column":2},"end":{"line":54,"column":7}},"loc":{"start":{"line":54,"column":54},"end":{"line":154,"column":3}}},"5":{"name":"(anonymous_15)","decl":{"start":{"line":74,"column":26},"end":{"line":74,"column":29}},"loc":{"start":{"line":74,"column":31},"end":{"line":79,"column":7}}},"6":{"name":"(anonymous_16)","decl":{"start":{"line":156,"column":10},"end":{"line":156,"column":29}},"loc":{"start":{"line":156,"column":82},"end":{"line":166,"column":3}}},"7":{"name":"(anonymous_17)","decl":{"start":{"line":159,"column":12},"end":{"line":159,"column":13}},"loc":{"start":{"line":159,"column":22},"end":{"line":159,"column":39}}},"8":{"name":"(anonymous_18)","decl":{"start":{"line":161,"column":11},"end":{"line":161,"column":16}},"loc":{"start":{"line":161,"column":21},"end":{"line":165,"column":8}}}},"branchMap":{"0":{"loc":{"start":{"line":18,"column":4},"end":{"line":20,"column":5}},"type":"if","locations":[{"start":{"line":18,"column":4},"end":{"line":20,"column":5}}]},"1":{"loc":{"start":{"line":24,"column":4},"end":{"line":24,"column":26}},"type":"if","locations":[{"start":{"line":24,"column":4},"end":{"line":24,"column":26}}]},"2":{"loc":{"start":{"line":25,"column":4},"end":{"line":28,"column":5}},"type":"if","locations":[{"start":{"line":25,"column":4},"end":{"line":28,"column":5}}]},"3":{"loc":{"start":{"line":55,"column":4},"end":{"line":65,"column":5}},"type":"if","locations":[{"start":{"line":55,"column":4},"end":{"line":65,"column":5}}]},"4":{"loc":{"start":{"line":111,"column":10},"end":{"line":117,"column":11}},"type":"if","locations":[{"start":{"line":111,"column":10},"end":{"line":117,"column":11}}]},"5":{"loc":{"start":{"line":128,"column":25},"end":{"line":128,"column":77}},"type":"binary-expr","locations":[{"start":{"line":128,"column":25},"end":{"line":128,"column":71}},{"start":{"line":128,"column":75},"end":{"line":128,"column":77}}]},"6":{"loc":{"start":{"line":128,"column":25},"end":{"line":128,"column":71}},"type":"cond-expr","locations":[{"start":{"line":128,"column":58},"end":{"line":128,"column":60}},{"start":{"line":128,"column":58},"end":{"line":128,"column":71}}]},"7":{"loc":{"start":{"line":128,"column":25},"end":{"line":128,"column":60}},"type":"binary-expr","locations":[{"start":{"line":128,"column":25},"end":{"line":128,"column":60}},{"start":{"line":128,"column":58},"end":{"line":128,"column":60}}]},"8":{"loc":{"start":{"line":150,"column":6},"end":{"line":150,"column":null}},"type":"if","locations":[{"start":{"line":150,"column":6},"end":{"line":150,"column":null}}]},"9":{"loc":{"start":{"line":151,"column":6},"end":{"line":151,"column":null}},"type":"if","locations":[{"start":{"line":151,"column":6},"end":{"line":151,"column":null}}]},"10":{"loc":{"start":{"line":152,"column":6},"end":{"line":152,"column":null}},"type":"if","locations":[{"start":{"line":152,"column":6},"end":{"line":152,"column":null}}]}},"s":{"0":2,"1":2,"2":1,"3":1,"4":1,"5":1,"6":1,"7":0,"8":1,"9":0,"10":1,"11":0,"12":0,"13":1,"14":1,"15":1,"16":1,"17":0,"18":0,"19":0,"20":0,"21":1,"22":0,"23":0,"24":0,"25":1,"26":0,"27":0,"28":0,"29":1,"30":1,"31":1,"32":1,"33":1,"34":0,"35":0,"36":0,"37":0,"38":0,"39":0,"40":0,"41":0,"42":0,"43":0,"44":0,"45":0,"46":0,"47":0,"48":0,"49":0,"50":0,"51":0,"52":0,"53":0,"54":0,"55":0,"56":0,"57":0,"58":0,"59":0,"60":0,"61":0,"62":1,"63":1,"64":1,"65":0,"66":1,"67":0,"68":1,"69":0,"70":0,"71":0,"72":0,"73":2},"f":{"0":1,"1":1,"2":0,"3":0,"4":1,"5":0,"6":0,"7":0,"8":0},"b":{"0":[0],"1":[0],"2":[0],"3":[0],"4":[0],"5":[0,0],"6":[0,0],"7":[0,0],"8":[0],"9":[0],"10":[0]}}
,"D:\\brief-gen\\lib\\ollama-client.ts": {"path":"D:\\brief-gen\\lib\\ollama-client.ts","statementMap":{"0":{"start":{"line":13,"column":10},"end":{"line":13,"column":null}},"1":{"start":{"line":14,"column":10},"end":{"line":14,"column":36}},"2":{"start":{"line":17,"column":4},"end":{"line":17,"column":null}},"3":{"start":{"line":18,"column":4},"end":{"line":18,"column":null}},"4":{"start":{"line":19,"column":4},"end":{"line":19,"column":null}},"5":{"start":{"line":20,"column":4},"end":{"line":20,"column":null}},"6":{"start":{"line":21,"column":4},"end":{"line":21,"column":null}},"7":{"start":{"line":25,"column":4},"end":{"line":25,"column":null}},"8":{"start":{"line":25,"column":34},"end":{"line":25,"column":57}},"9":{"start":{"line":29,"column":4},"end":{"line":49,"column":5}},"10":{"start":{"line":30,"column":23},"end":{"line":30,"column":48}},"11":{"start":{"line":32,"column":6},"end":{"line":39,"column":7}},"12":{"start":{"line":33,"column":8},"end":{"line":37,"column":9}},"13":{"start":{"line":35,"column":10},"end":{"line":35,"column":null}},"14":{"start":{"line":36,"column":10},"end":{"line":36,"column":null}},"15":{"start":{"line":38,"column":8},"end":{"line":38,"column":null}},"16":{"start":{"line":41,"column":6},"end":{"line":41,"column":null}},"17":{"start":{"line":43,"column":6},"end":{"line":47,"column":7}},"18":{"start":{"line":45,"column":8},"end":{"line":45,"column":null}},"19":{"start":{"line":46,"column":8},"end":{"line":46,"column":null}},"20":{"start":{"line":48,"column":6},"end":{"line":48,"column":null}},"21":{"start":{"line":53,"column":4},"end":{"line":55,"column":5}},"22":{"start":{"line":54,"column":6},"end":{"line":54,"column":null}},"23":{"start":{"line":57,"column":4},"end":{"line":110,"column":5}},"24":{"start":{"line":58,"column":28},"end":{"line":82,"column":null}},"25":{"start":{"line":84,"column":23},"end":{"line":102,"column":8}},"26":{"start":{"line":104,"column":21},"end":{"line":104,"column":42}},"27":{"start":{"line":105,"column":6},"end":{"line":105,"column":null}},"28":{"start":{"line":106,"column":6},"end":{"line":106,"column":null}},"29":{"start":{"line":108,"column":6},"end":{"line":108,"column":null}},"30":{"start":{"line":109,"column":6},"end":{"line":109,"column":null}},"31":{"start":{"line":114,"column":4},"end":{"line":116,"column":5}},"32":{"start":{"line":115,"column":6},"end":{"line":115,"column":null}},"33":{"start":{"line":118,"column":4},"end":{"line":160,"column":5}},"34":{"start":{"line":119,"column":23},"end":{"line":152,"column":8}},"35":{"start":{"line":154,"column":21},"end":{"line":154,"column":42}},"36":{"start":{"line":155,"column":6},"end":{"line":155,"column":null}},"37":{"start":{"line":156,"column":6},"end":{"line":156,"column":null}},"38":{"start":{"line":158,"column":6},"end":{"line":158,"column":null}},"39":{"start":{"line":159,"column":6},"end":{"line":159,"column":null}},"40":{"start":{"line":7,"column":0},"end":{"line":7,"column":13}}},"fnMap":{"0":{"name":"(anonymous_0)","decl":{"start":{"line":16,"column":2},"end":{"line":16,"column":14}},"loc":{"start":{"line":16,"column":74},"end":{"line":22,"column":3}}},"1":{"name":"(anonymous_1)","decl":{"start":{"line":24,"column":10},"end":{"line":24,"column":15}},"loc":{"start":{"line":24,"column":32},"end":{"line":26,"column":3}}},"2":{"name":"(anonymous_2)","decl":{"start":{"line":25,"column":23},"end":{"line":25,"column":30}},"loc":{"start":{"line":25,"column":34},"end":{"line":25,"column":57}}},"3":{"name":"(anonymous_3)","decl":{"start":{"line":28,"column":10},"end":{"line":28,"column":15}},"loc":{"start":{"line":28,"column":85},"end":{"line":50,"column":3}}},"4":{"name":"(anonymous_4)","decl":{"start":{"line":52,"column":2},"end":{"line":52,"column":7}},"loc":{"start":{"line":52,"column":39},"end":{"line":111,"column":3}}},"5":{"name":"(anonymous_5)","decl":{"start":{"line":113,"column":2},"end":{"line":113,"column":7}},"loc":{"start":{"line":113,"column":40},"end":{"line":161,"column":3}}}},"branchMap":{"0":{"loc":{"start":{"line":28,"column":63},"end":{"line":28,"column":85}},"type":"default-arg","locations":[{"start":{"line":28,"column":84},"end":{"line":28,"column":85}}]},"1":{"loc":{"start":{"line":32,"column":6},"end":{"line":39,"column":7}},"type":"if","locations":[{"start":{"line":32,"column":6},"end":{"line":39,"column":7}}]},"2":{"loc":{"start":{"line":33,"column":8},"end":{"line":37,"column":9}},"type":"if","locations":[{"start":{"line":33,"column":8},"end":{"line":37,"column":9}}]},"3":{"loc":{"start":{"line":33,"column":12},"end":{"line":33,"column":67}},"type":"binary-expr","locations":[{"start":{"line":33,"column":12},"end":{"line":33,"column":35}},{"start":{"line":33,"column":39},"end":{"line":33,"column":67}}]},"4":{"loc":{"start":{"line":43,"column":6},"end":{"line":47,"column":7}},"type":"if","locations":[{"start":{"line":43,"column":6},"end":{"line":47,"column":7}}]},"5":{"loc":{"start":{"line":53,"column":4},"end":{"line":55,"column":5}},"type":"if","locations":[{"start":{"line":53,"column":4},"end":{"line":55,"column":5}}]},"6":{"loc":{"start":{"line":114,"column":4},"end":{"line":116,"column":5}},"type":"if","locations":[{"start":{"line":114,"column":4},"end":{"line":116,"column":5}}]}},"s":{"0":0,"1":0,"2":0,"3":0,"4":0,"5":0,"6":0,"7":0,"8":0,"9":0,"10":0,"11":0,"12":0,"13":0,"14":0,"15":0,"16":0,"17":0,"18":0,"19":0,"20":0,"21":0,"22":0,"23":0,"24":0,"25":0,"26":0,"27":0,"28":0,"29":0,"30":0,"31":0,"32":0,"33":0,"34":0,"35":0,"36":0,"37":0,"38":0,"39":0,"40":0},"f":{"0":0,"1":0,"2":0,"3":0,"4":0,"5":0},"b":{"0":[0],"1":[0],"2":[0],"3":[0,0],"4":[0],"5":[0],"6":[0]}}
,"D:\\brief-gen\\lib\\predefined-briefs.ts": {"path":"D:\\brief-gen\\lib\\predefined-briefs.ts","statementMap":{"0":{"start":{"line":14,"column":13},"end":{"line":292,"column":null}}},"fnMap":{},"branchMap":{},"s":{"0":0},"f":{},"b":{}}
,"D:\\brief-gen\\lib\\utils.ts": {"path":"D:\\brief-gen\\lib\\utils.ts","statementMap":{"0":{"start":{"line":4,"column":0},"end":{"line":4,"column":16}},"1":{"start":{"line":1,"column":0},"end":{"line":1,"column":44}},"2":{"start":{"line":2,"column":0},"end":{"line":2,"column":40}},"3":{"start":{"line":5,"column":2},"end":{"line":5,"column":null}}},"fnMap":{"0":{"name":"cn","decl":{"start":{"line":4,"column":16},"end":{"line":4,"column":18}},"loc":{"start":{"line":4,"column":42},"end":{"line":6,"column":1}}}},"branchMap":{},"s":{"0":0,"1":0,"2":0,"3":0},"f":{"0":0},"b":{}}
}
