TN:
SF:app\layout.tsx
FN:10,RootLayout
FNF:1
FNH:0
FNDA:0,RootLayout
DA:2,0
DA:4,0
DA:10,0
DA:15,0
LF:4
LH:0
BRF:0
BRH:0
end_of_record
TN:
SF:app\page.tsx
FN:4,Home
FN:56,(anonymous_1)
FNF:2
FNH:0
FNDA:0,Home
FNDA:0,(anonymous_1)
DA:1,0
DA:2,0
DA:4,0
DA:5,0
DA:35,0
DA:57,0
LF:6
LH:0
BRF:0
BRH:0
end_of_record
TN:
SF:app\briefs\page.tsx
FN:15,BriefsPage
FN:23,(anonymous_1)
FN:49,(anonymous_2)
FN:58,(anonymous_3)
FN:92,(anonymous_4)
FNF:5
FNH:0
FNDA:0,BriefsPage
FNDA:0,(anonymous_1)
FNDA:0,(anonymous_2)
FNDA:0,(anonymous_3)
FNDA:0,(anonymous_4)
DA:3,0
DA:4,0
DA:5,0
DA:6,0
DA:8,0
DA:15,0
DA:16,0
DA:17,0
DA:18,0
DA:19,0
DA:20,0
DA:23,0
DA:24,0
DA:25,0
DA:26,0
DA:27,0
DA:28,0
DA:29,0
DA:33,0
DA:35,0
DA:36,0
DA:37,0
DA:38,0
DA:39,0
DA:40,0
DA:43,0
DA:44,0
DA:45,0
DA:46,0
DA:49,0
DA:50,0
DA:52,0
DA:53,0
DA:54,0
DA:55,0
DA:58,0
DA:59,0
DA:61,0
DA:62,0
DA:65,0
DA:93,0
LF:41
LH:0
BRDA:24,0,0,0
BRDA:33,1,0,0
BRDA:33,1,1,0
BRDA:35,2,0,0
BRDA:50,3,0,0
BRDA:59,4,0,0
BRDA:62,5,0,0
BRDA:62,5,1,0
BRF:8
BRH:0
end_of_record
TN:
SF:app\chat\page.tsx
FN:14,(anonymous_0)
FN:79,ChatPage
FN:107,(anonymous_2)
FN:111,(anonymous_3)
FN:116,(anonymous_4)
FN:127,(anonymous_5)
FN:137,(anonymous_6)
FN:148,(anonymous_7)
FN:152,(anonymous_8)
FN:163,(anonymous_9)
FN:169,(anonymous_10)
FN:182,(anonymous_11)
FN:200,(anonymous_12)
FN:210,(anonymous_13)
FN:211,(anonymous_14)
FN:221,(anonymous_15)
FN:228,(anonymous_16)
FN:246,(anonymous_17)
FN:256,(anonymous_18)
FN:266,(anonymous_19)
FN:275,(anonymous_20)
FN:275,(anonymous_21)
FN:286,(anonymous_22)
FN:307,(anonymous_23)
FN:308,(anonymous_24)
FN:313,(anonymous_25)
FN:313,(anonymous_26)
FN:321,(anonymous_27)
FN:328,(anonymous_28)
FN:347,(anonymous_29)
FN:365,(anonymous_30)
FN:375,(anonymous_31)
FN:376,(anonymous_32)
FN:386,(anonymous_33)
FN:393,(anonymous_34)
FN:400,(anonymous_35)
FN:410,(anonymous_36)
FN:435,(anonymous_37)
FN:452,(anonymous_38)
FN:461,(anonymous_39)
FN:466,(anonymous_40)
FN:469,(anonymous_41)
FN:469,(anonymous_42)
FN:479,(anonymous_43)
FN:487,(anonymous_44)
FN:533,(anonymous_45)
FN:534,(anonymous_46)
FN:543,(anonymous_47)
FN:550,(anonymous_48)
FN:558,(anonymous_49)
FN:561,(anonymous_50)
FN:597,(anonymous_51)
FN:634,(anonymous_52)
FNF:53
FNH:0
FNDA:0,(anonymous_0)
FNDA:0,ChatPage
FNDA:0,(anonymous_2)
FNDA:0,(anonymous_3)
FNDA:0,(anonymous_4)
FNDA:0,(anonymous_5)
FNDA:0,(anonymous_6)
FNDA:0,(anonymous_7)
FNDA:0,(anonymous_8)
FNDA:0,(anonymous_9)
FNDA:0,(anonymous_10)
FNDA:0,(anonymous_11)
FNDA:0,(anonymous_12)
FNDA:0,(anonymous_13)
FNDA:0,(anonymous_14)
FNDA:0,(anonymous_15)
FNDA:0,(anonymous_16)
FNDA:0,(anonymous_17)
FNDA:0,(anonymous_18)
FNDA:0,(anonymous_19)
FNDA:0,(anonymous_20)
FNDA:0,(anonymous_21)
FNDA:0,(anonymous_22)
FNDA:0,(anonymous_23)
FNDA:0,(anonymous_24)
FNDA:0,(anonymous_25)
FNDA:0,(anonymous_26)
FNDA:0,(anonymous_27)
FNDA:0,(anonymous_28)
FNDA:0,(anonymous_29)
FNDA:0,(anonymous_30)
FNDA:0,(anonymous_31)
FNDA:0,(anonymous_32)
FNDA:0,(anonymous_33)
FNDA:0,(anonymous_34)
FNDA:0,(anonymous_35)
FNDA:0,(anonymous_36)
FNDA:0,(anonymous_37)
FNDA:0,(anonymous_38)
FNDA:0,(anonymous_39)
FNDA:0,(anonymous_40)
FNDA:0,(anonymous_41)
FNDA:0,(anonymous_42)
FNDA:0,(anonymous_43)
FNDA:0,(anonymous_44)
FNDA:0,(anonymous_45)
FNDA:0,(anonymous_46)
FNDA:0,(anonymous_47)
FNDA:0,(anonymous_48)
FNDA:0,(anonymous_49)
FNDA:0,(anonymous_50)
FNDA:0,(anonymous_51)
FNDA:0,(anonymous_52)
DA:3,0
DA:4,0
DA:5,0
DA:6,0
DA:7,0
DA:8,0
DA:9,0
DA:10,0
DA:14,0
DA:15,0
DA:16,0
DA:17,0
DA:19,0
DA:20,0
DA:23,0
DA:25,0
DA:26,0
DA:30,0
DA:31,0
DA:34,0
DA:35,0
DA:36,0
DA:42,0
DA:43,0
DA:47,0
DA:48,0
DA:54,0
DA:79,0
DA:80,0
DA:93,0
DA:94,0
DA:95,0
DA:96,0
DA:97,0
DA:100,0
DA:107,0
DA:108,0
DA:111,0
DA:112,0
DA:116,0
DA:117,0
DA:120,0
DA:127,0
DA:128,0
DA:130,0
DA:131,0
DA:134,0
DA:135,0
DA:137,0
DA:138,0
DA:148,0
DA:149,0
DA:152,0
DA:153,0
DA:163,0
DA:164,0
DA:168,0
DA:169,0
DA:171,0
DA:172,0
DA:182,0
DA:183,0
DA:187,0
DA:188,0
DA:200,0
DA:203,0
DA:204,0
DA:210,0
DA:211,0
DA:214,0
DA:215,0
DA:221,0
DA:223,0
DA:228,0
DA:229,0
DA:230,0
DA:231,0
DA:235,0
DA:238,0
DA:246,0
DA:247,0
DA:250,0
DA:256,0
DA:258,0
DA:260,0
DA:261,0
DA:264,0
DA:265,0
DA:266,0
DA:267,0
DA:268,0
DA:272,0
DA:275,0
DA:278,0
DA:286,0
DA:289,0
DA:299,0
DA:300,0
DA:307,0
DA:308,0
DA:311,0
DA:313,0
DA:315,0
DA:321,0
DA:323,0
DA:328,0
DA:329,0
DA:330,0
DA:331,0
DA:334,0
DA:335,0
DA:337,0
DA:339,0
DA:341,0
DA:347,0
DA:348,0
DA:352,0
DA:353,0
DA:365,0
DA:368,0
DA:369,0
DA:375,0
DA:376,0
DA:379,0
DA:380,0
DA:386,0
DA:388,0
DA:393,0
DA:394,0
DA:395,0
DA:396,0
DA:400,0
DA:402,0
DA:403,0
DA:410,0
DA:412,0
DA:413,0
DA:414,0
DA:416,0
DA:417,0
DA:420,0
DA:422,0
DA:435,0
DA:436,0
DA:437,0
DA:439,0
DA:440,0
DA:443,0
DA:445,0
DA:452,0
DA:453,0
DA:455,0
DA:461,0
DA:462,0
DA:465,0
DA:466,0
DA:469,0
DA:472,0
DA:473,0
DA:479,0
DA:481,0
DA:487,0
DA:489,0
DA:491,0
DA:493,0
DA:518,0
DA:521,0
DA:523,0
DA:533,0
DA:534,0
DA:536,0
DA:537,0
DA:543,0
DA:545,0
DA:550,0
DA:551,0
DA:558,0
DA:561,0
DA:571,0
DA:597,0
DA:609,0
DA:612,0
DA:635,0
LF:183
LH:0
BRDA:23,0,0,0
BRDA:23,0,1,0
BRDA:25,1,0,0
BRDA:34,2,0,0
BRDA:35,3,0,0
BRDA:35,4,0,0
BRDA:35,4,1,0
BRDA:36,5,0,0
BRDA:36,5,1,0
BRDA:42,6,0,0
BRDA:47,7,0,0
BRDA:47,8,0,0
BRDA:47,8,1,0
BRDA:101,9,0,0
BRDA:101,9,1,0
BRDA:102,10,0,0
BRDA:102,10,1,0
BRDA:103,11,0,0
BRDA:103,11,1,0
BRDA:108,12,0,0
BRDA:108,12,1,0
BRDA:108,13,0,0
BRDA:108,13,1,0
BRDA:117,14,0,0
BRDA:137,15,0,0
BRDA:152,16,0,0
BRDA:171,17,0,0
BRDA:187,18,0,0
BRDA:187,18,1,0
BRDA:229,19,0,0
BRDA:229,20,0,0
BRDA:229,20,1,0
BRDA:329,21,0,0
BRDA:329,22,0,0
BRDA:329,22,1,0
BRDA:339,23,0,0
BRDA:339,24,0,0
BRDA:339,24,1,0
BRDA:339,24,2,0
BRDA:339,24,3,0
BRDA:339,24,4,0
BRDA:339,24,5,0
BRDA:352,25,0,0
BRDA:352,25,1,0
BRDA:394,26,0,0
BRDA:394,27,0,0
BRDA:394,27,1,0
BRDA:400,28,0,0
BRDA:400,28,1,0
BRDA:400,29,0,0
BRDA:400,29,1,0
BRDA:402,30,0,0
BRDA:413,31,0,0
BRDA:413,31,1,0
BRDA:420,32,0,0
BRDA:420,32,1,0
BRDA:436,33,0,0
BRDA:436,33,1,0
BRDA:443,34,0,0
BRDA:443,34,1,0
BRDA:453,35,0,0
BRDA:642,36,0,0
BRDA:642,36,1,0
BRDA:642,36,2,0
BRDA:648,37,0,0
BRDA:648,37,1,0
BRF:66
BRH:0
end_of_record
TN:
SF:app\practice\page.tsx
FN:140,PracticePage
FN:162,(anonymous_1)
FN:166,(anonymous_2)
FN:179,(anonymous_3)
FN:183,(anonymous_4)
FN:184,(anonymous_5)
FN:198,(anonymous_6)
FN:202,(anonymous_7)
FN:208,(anonymous_8)
FN:220,(anonymous_9)
FN:239,(anonymous_10)
FN:253,(anonymous_11)
FN:292,(anonymous_12)
FN:298,(anonymous_13)
FN:312,(anonymous_14)
FN:327,(anonymous_15)
FN:342,(anonymous_16)
FN:358,(anonymous_17)
FN:378,(anonymous_18)
FN:386,(anonymous_19)
FN:495,(anonymous_20)
FNF:21
FNH:0
FNDA:0,PracticePage
FNDA:0,(anonymous_1)
FNDA:0,(anonymous_2)
FNDA:0,(anonymous_3)
FNDA:0,(anonymous_4)
FNDA:0,(anonymous_5)
FNDA:0,(anonymous_6)
FNDA:0,(anonymous_7)
FNDA:0,(anonymous_8)
FNDA:0,(anonymous_9)
FNDA:0,(anonymous_10)
FNDA:0,(anonymous_11)
FNDA:0,(anonymous_12)
FNDA:0,(anonymous_13)
FNDA:0,(anonymous_14)
FNDA:0,(anonymous_15)
FNDA:0,(anonymous_16)
FNDA:0,(anonymous_17)
FNDA:0,(anonymous_18)
FNDA:0,(anonymous_19)
FNDA:0,(anonymous_20)
DA:3,0
DA:4,0
DA:5,0
DA:6,0
DA:7,0
DA:8,0
DA:9,0
DA:10,0
DA:23,0
DA:138,0
DA:140,0
DA:142,0
DA:143,0
DA:144,0
DA:145,0
DA:146,0
DA:147,0
DA:148,0
DA:149,0
DA:150,0
DA:151,0
DA:154,0
DA:155,0
DA:156,0
DA:159,0
DA:162,0
DA:163,0
DA:164,0
DA:166,0
DA:167,0
DA:169,0
DA:173,0
DA:179,0
DA:182,0
DA:183,0
DA:184,0
DA:186,0
DA:188,0
DA:189,0
DA:192,0
DA:193,0
DA:194,0
DA:198,0
DA:202,0
DA:203,0
DA:204,0
DA:208,0
DA:209,0
DA:211,0
DA:212,0
DA:213,0
DA:216,0
DA:217,0
DA:220,0
DA:221,0
DA:222,0
DA:223,0
DA:224,0
DA:232,0
DA:239,0
DA:240,0
DA:241,0
DA:242,0
DA:245,0
DA:246,0
DA:249,0
DA:250,0
DA:252,0
DA:253,0
DA:256,0
DA:280,0
DA:281,0
DA:286,0
DA:288,0
DA:291,0
DA:292,0
DA:298,0
DA:299,0
DA:300,0
DA:302,0
DA:304,0
DA:305,0
DA:307,0
DA:312,0
DA:313,0
DA:315,0
DA:316,0
DA:319,0
DA:320,0
DA:321,0
DA:323,0
DA:327,0
DA:330,0
DA:331,0
DA:336,0
DA:337,0
DA:342,0
DA:343,0
DA:344,0
DA:345,0
DA:347,0
DA:348,0
DA:349,0
DA:351,0
DA:352,0
DA:353,0
DA:358,0
DA:359,0
DA:360,0
DA:361,0
DA:362,0
DA:363,0
DA:364,0
DA:365,0
DA:366,0
DA:367,0
DA:368,0
DA:371,0
DA:372,0
DA:373,0
DA:378,0
DA:379,0
DA:380,0
DA:381,0
DA:386,0
DA:387,0
DA:391,0
DA:393,0
DA:495,0
LF:129
LH:0
BRDA:163,0,0,0
BRDA:164,1,0,0
BRDA:164,1,1,0
BRDA:182,2,0,0
BRDA:182,2,1,0
BRDA:182,3,0,0
BRDA:182,3,1,0
BRDA:186,4,0,0
BRDA:186,5,0,0
BRDA:186,5,1,0
BRDA:192,6,0,0
BRDA:233,7,0,0
BRDA:233,7,1,0
BRDA:234,8,0,0
BRDA:234,8,1,0
BRDA:235,9,0,0
BRDA:235,9,1,0
BRDA:242,10,0,0
BRDA:242,10,1,0
BRDA:252,11,0,0
BRDA:291,12,0,0
BRDA:291,13,0,0
BRDA:291,13,1,0
BRDA:291,14,0,0
BRDA:291,14,1,0
BRDA:304,15,0,0
BRDA:304,15,1,0
BRDA:312,16,0,0
BRDA:313,17,0,0
BRDA:319,18,0,0
BRDA:330,19,0,0
BRDA:330,19,1,0
BRDA:343,20,0,0
BRDA:343,20,1,0
BRDA:345,21,0,0
BRDA:347,22,0,0
BRDA:371,23,0,0
BRDA:379,24,0,0
BRDA:420,25,0,0
BRDA:420,25,1,0
BRDA:420,25,2,0
BRDA:432,26,0,0
BRDA:432,26,1,0
BRDA:432,26,2,0
BRDA:439,27,0,0
BRDA:439,27,1,0
BRDA:449,28,0,0
BRDA:449,28,1,0
BRDA:452,29,0,0
BRDA:452,29,1,0
BRDA:455,30,0,0
BRDA:455,30,1,0
BRDA:463,31,0,0
BRDA:463,31,1,0
BRDA:463,31,2,0
BRDA:463,31,3,0
BRDA:463,31,4,0
BRDA:476,32,0,0
BRDA:476,32,1,0
BRDA:490,33,0,0
BRDA:490,33,1,0
BRDA:490,33,2,0
BRF:62
BRH:0
end_of_record
TN:
SF:components\brief-card.tsx
FN:13,formatBriefContent
FN:23,(anonymous_1)
FN:33,(anonymous_2)
FN:52,BriefCard
FNF:4
FNH:0
FNDA:0,formatBriefContent
FNDA:0,(anonymous_1)
FNDA:0,(anonymous_2)
FNDA:0,BriefCard
DA:3,0
DA:4,0
DA:15,0
DA:17,0
DA:18,0
DA:21,0
DA:24,0
DA:25,0
DA:27,0
DA:34,0
DA:35,0
DA:42,0
DA:52,0
DA:53,0
LF:14
LH:0
BRDA:17,0,0,0
BRDA:30,1,0,0
BRDA:30,1,1,0
BRDA:34,2,0,0
BRDA:42,3,0,0
BRDA:42,3,1,0
BRDA:74,4,0,0
BRDA:74,4,1,0
BRF:8
BRH:0
end_of_record
TN:
SF:components\design-analyzer.tsx
FN:22,(anonymous_0)
FN:23,(anonymous_1)
FN:30,(anonymous_2)
FN:31,(anonymous_3)
FN:34,(anonymous_4)
FN:39,(anonymous_5)
FN:44,(anonymous_6)
FN:57,DesignAnalyzer
FN:64,(anonymous_8)
FN:73,(anonymous_9)
FNF:10
FNH:3
FNDA:0,(anonymous_0)
FNDA:0,(anonymous_1)
FNDA:0,(anonymous_2)
FNDA:0,(anonymous_3)
FNDA:0,(anonymous_4)
FNDA:0,(anonymous_5)
FNDA:0,(anonymous_6)
FNDA:8,DesignAnalyzer
FNDA:4,(anonymous_8)
FNDA:4,(anonymous_9)
DA:3,2
DA:4,2
DA:6,2
DA:22,2
DA:23,0
DA:24,0
DA:25,0
DA:26,0
DA:30,2
DA:31,0
DA:34,0
DA:35,0
DA:36,0
DA:39,0
DA:40,0
DA:41,0
DA:44,0
DA:45,0
DA:46,0
DA:47,0
DA:48,0
DA:51,0
DA:52,0
DA:53,0
DA:54,0
DA:57,2
DA:58,8
DA:59,8
DA:60,8
DA:61,8
DA:62,8
DA:64,8
DA:65,4
DA:66,4
DA:67,4
DA:68,4
DA:69,4
DA:70,4
DA:71,4
DA:73,4
DA:74,4
DA:75,4
DA:78,0
DA:79,0
DA:80,0
DA:82,0
DA:83,0
DA:95,0
DA:97,0
DA:101,8
LF:50
LH:23
BRDA:24,0,0,0
BRDA:24,0,1,0
BRDA:24,1,0,0
BRDA:24,1,1,0
BRDA:25,2,0,0
BRDA:25,2,1,0
BRDA:25,3,0,0
BRDA:25,3,1,0
BRDA:35,4,0,0
BRDA:40,5,0,0
BRDA:45,6,0,0
BRDA:46,7,0,0
BRDA:47,8,0,0
BRDA:51,9,0,0
BRDA:52,10,0,0
BRDA:53,11,0,0
BRDA:67,12,0,0
BRDA:67,12,1,4
BRDA:67,13,0,4
BRDA:67,13,1,4
BRDA:68,14,0,4
BRDA:104,15,0,8
BRDA:104,15,1,8
BRDA:120,16,0,8
BRDA:120,16,1,0
BRDA:141,17,0,8
BRDA:141,17,1,4
BRF:27
BRH:9
end_of_record
TN:
SF:components\glassmorphic-card.tsx
FN:17,GlassmorphicCard
FNF:1
FNH:0
FNDA:0,GlassmorphicCard
DA:2,0
DA:3,0
DA:4,0
DA:5,0
DA:17,0
DA:18,0
DA:24,0
DA:30,0
LF:8
LH:0
BRF:0
BRH:0
end_of_record
TN:
SF:components\theme-provider.tsx
FN:9,ThemeProvider
FNF:1
FNH:0
FNDA:0,ThemeProvider
DA:4,0
DA:9,0
DA:10,0
LF:3
LH:0
BRF:0
BRH:0
end_of_record
TN:
SF:components\chat\chat-container.tsx
FN:10,ChatContainer
FNF:1
FNH:0
FNDA:0,ChatContainer
DA:2,0
DA:10,0
DA:11,0
LF:3
LH:0
BRDA:10,0,0,0
BRDA:12,1,0,0
BRDA:12,1,1,0
BRDA:14,2,0,0
BRDA:14,2,1,0
BRF:5
BRH:0
end_of_record
TN:
SF:components\chat\chat-input.tsx
FN:16,ChatInput
FN:20,(anonymous_1)
FN:28,(anonymous_2)
FN:46,(anonymous_3)
FN:64,(anonymous_4)
FNF:5
FNH:0
FNDA:0,ChatInput
FNDA:0,(anonymous_1)
FNDA:0,(anonymous_2)
FNDA:0,(anonymous_3)
FNDA:0,(anonymous_4)
DA:5,0
DA:6,0
DA:7,0
DA:8,0
DA:16,0
DA:17,0
DA:18,0
DA:20,0
DA:21,0
DA:22,0
DA:23,0
DA:24,0
DA:28,0
DA:29,0
DA:30,0
DA:31,0
DA:33,0
DA:34,0
DA:39,0
DA:46,0
DA:64,0
LF:21
LH:0
BRDA:16,0,0,0
BRDA:22,1,0,0
BRDA:22,2,0,0
BRDA:22,2,1,0
BRDA:29,3,0,0
BRDA:29,3,1,0
BRDA:29,4,0,0
BRDA:29,4,1,0
BRDA:30,5,0,0
BRDA:30,6,0,0
BRDA:30,6,1,0
BRDA:33,7,0,0
BRDA:46,8,0,0
BRDA:46,8,1,0
BRDA:46,9,0,0
BRDA:46,9,1,0
BRDA:65,10,0,0
BRDA:65,10,1,0
BRDA:74,11,0,0
BRDA:74,11,1,0
BRF:20
BRH:0
end_of_record
TN:
SF:components\chat\heatmap-feedback.tsx
FN:13,HeatmapFeedback
FN:39,(anonymous_2)
FNF:2
FNH:0
FNDA:0,HeatmapFeedback
FNDA:0,(anonymous_2)
DA:3,0
DA:4,0
DA:5,0
DA:6,0
DA:13,0
DA:14,0
DA:16,0
DA:39,0
LF:8
LH:0
BRDA:20,0,0,0
BRDA:20,0,1,0
BRDA:23,1,0,0
BRDA:23,1,1,0
BRDA:26,2,0,0
BRDA:26,2,1,0
BRDA:41,3,0,0
BRDA:41,3,1,0
BRF:8
BRH:0
end_of_record
TN:
SF:components\chat\message.tsx
FN:31,Message
FN:48,(anonymous_2)
FN:58,(anonymous_3)
FNF:3
FNH:0
FNDA:0,Message
FNDA:0,(anonymous_2)
FNDA:0,(anonymous_3)
DA:3,0
DA:4,0
DA:5,0
DA:31,0
DA:32,0
DA:34,0
DA:49,0
DA:59,0
LF:8
LH:0
BRDA:35,0,0,0
BRDA:35,0,1,0
BRDA:37,1,0,0
BRDA:37,1,1,0
BRDA:38,2,0,0
BRDA:38,2,1,0
BRDA:43,3,0,0
BRDA:43,3,1,0
BRDA:46,4,0,0
BRDA:46,4,1,0
BRDA:46,4,2,0
BRDA:54,5,0,0
BRDA:54,5,1,0
BRDA:54,5,2,0
BRDA:78,6,0,0
BRDA:78,6,1,0
BRDA:83,7,0,0
BRDA:83,7,1,0
BRDA:93,8,0,0
BRDA:93,8,1,0
BRDA:96,9,0,0
BRDA:96,9,1,0
BRDA:101,10,0,0
BRDA:101,10,1,0
BRDA:105,11,0,0
BRDA:105,11,1,0
BRDA:106,12,0,0
BRDA:106,12,1,0
BRF:28
BRH:0
end_of_record
TN:
SF:components\chat\option-buttons.tsx
FN:10,OptionButtons
FN:13,(anonymous_1)
FN:18,(anonymous_2)
FNF:3
FNH:0
FNDA:0,OptionButtons
FNDA:0,(anonymous_1)
FNDA:0,(anonymous_2)
DA:3,0
DA:10,0
DA:11,0
DA:14,0
DA:18,0
LF:5
LH:0
BRF:0
BRH:0
end_of_record
TN:
SF:components\chat\subscription-banner.tsx
FN:4,SubscriptionBanner
FNF:1
FNH:0
FNDA:0,SubscriptionBanner
DA:1,0
DA:2,0
DA:4,0
DA:5,0
LF:4
LH:0
BRF:0
BRH:0
end_of_record
TN:
SF:components\chat\typing-indicator.tsx
FN:10,TypingIndicator
FNF:1
FNH:0
FNDA:0,TypingIndicator
DA:4,0
DA:10,0
DA:11,0
LF:3
LH:0
BRF:0
BRH:0
end_of_record
TN:
SF:components\chat\usage-limit-banner.tsx
FN:7,UsageLimitBanner
FNF:1
FNH:0
FNDA:0,UsageLimitBanner
DA:7,0
DA:8,0
DA:10,0
LF:3
LH:0
BRDA:8,0,0,0
BRDA:14,1,0,0
BRDA:14,1,1,0
BRF:3
BRH:0
end_of_record
TN:
SF:components\design\heatmap-visualization.tsx
FN:14,HeatmapVisualization
FN:23,(anonymous_2)
FN:27,(anonymous_3)
FN:36,(anonymous_4)
FN:108,(anonymous_5)
FNF:5
FNH:0
FNDA:0,HeatmapVisualization
FNDA:0,(anonymous_2)
FNDA:0,(anonymous_3)
FNDA:0,(anonymous_4)
FNDA:0,(anonymous_5)
DA:1,0
DA:2,0
DA:4,0
DA:5,0
DA:14,0
DA:20,0
DA:21,0
DA:23,0
DA:25,0
DA:26,0
DA:27,0
DA:29,0
DA:30,0
DA:31,0
DA:36,0
DA:39,0
DA:40,0
DA:57,0
DA:109,0
LF:19
LH:0
BRDA:39,0,0,0
BRDA:39,1,0,0
BRDA:39,1,1,0
BRDA:39,2,0,0
BRDA:39,2,1,0
BRDA:39,3,0,0
BRDA:39,3,1,0
BRDA:43,4,0,0
BRDA:43,4,1,0
BRDA:43,5,0,0
BRDA:43,5,1,0
BRDA:43,6,0,0
BRDA:43,6,1,0
BRDA:44,7,0,0
BRDA:44,7,1,0
BRDA:64,8,0,0
BRDA:64,8,1,0
BRDA:82,9,0,0
BRDA:82,9,1,0
BRDA:88,10,0,0
BRDA:88,10,1,0
BRDA:88,11,0,0
BRDA:88,11,1,0
BRDA:88,12,0,0
BRDA:88,12,1,0
BRDA:104,13,0,0
BRDA:104,13,1,0
BRDA:104,13,2,0
BRDA:104,14,0,0
BRDA:104,14,1,0
BRDA:104,15,0,0
BRDA:104,15,1,0
BRF:32
BRH:0
end_of_record
TN:
SF:components\practice\audio-player.tsx
FN:13,AudioPlayer
FNF:1
FNH:0
FNDA:0,AudioPlayer
DA:3,0
DA:4,0
DA:13,0
DA:14,0
LF:4
LH:0
BRDA:23,0,0,0
BRDA:23,0,1,0
BRDA:34,1,0,0
BRDA:34,1,1,0
BRF:4
BRH:0
end_of_record
TN:
SF:components\practice\category-selection.tsx
FN:9,CategorySelection
FN:42,(anonymous_1)
FN:48,(anonymous_2)
FNF:3
FNH:0
FNDA:0,CategorySelection
FNDA:0,(anonymous_1)
FNDA:0,(anonymous_2)
DA:3,0
DA:9,0
DA:10,0
DA:37,0
DA:43,0
DA:48,0
LF:6
LH:0
BRF:0
BRH:0
end_of_record
TN:
SF:components\practice\challenge-timer.tsx
FN:20,ChallengeTimer
FN:30,(anonymous_1)
FN:52,(anonymous_2)
FN:62,(anonymous_3)
FN:116,(anonymous_4)
FN:121,(anonymous_5)
FNF:6
FNH:0
FNDA:0,ChallengeTimer
FNDA:0,(anonymous_1)
FNDA:0,(anonymous_2)
FNDA:0,(anonymous_3)
FNDA:0,(anonymous_4)
FNDA:0,(anonymous_5)
DA:3,0
DA:4,0
DA:20,0
DA:30,0
DA:31,0
DA:32,0
DA:33,0
DA:37,0
DA:39,0
DA:53,0
DA:55,0
DA:56,0
DA:58,0
DA:63,0
DA:64,0
DA:67,0
DA:68,0
DA:76,0
DA:116,0
DA:121,0
LF:20
LH:0
BRDA:53,0,0,0
BRDA:64,1,0,0
BRDA:67,2,0,0
BRDA:67,3,0,0
BRDA:67,3,1,0
BRDA:132,4,0,0
BRDA:132,4,1,0
BRF:7
BRH:0
end_of_record
TN:
SF:components\practice\duration-selection.tsx
FN:10,DurationSelection
FN:16,(anonymous_1)
FN:22,(anonymous_2)
FNF:3
FNH:0
FNDA:0,DurationSelection
FNDA:0,(anonymous_1)
FNDA:0,(anonymous_2)
DA:3,0
DA:10,0
DA:11,0
DA:17,0
DA:22,0
LF:5
LH:0
BRDA:28,0,0,0
BRDA:28,0,1,0
BRDA:28,1,0,0
BRDA:28,1,1,0
BRF:4
BRH:0
end_of_record
TN:
SF:components\ui\accordion.tsx
FN:14,(anonymous_9)
FN:26,(anonymous_10)
FN:46,(anonymous_11)
FNF:3
FNH:0
FNDA:0,(anonymous_9)
FNDA:0,(anonymous_10)
FNDA:0,(anonymous_11)
DA:3,0
DA:4,0
DA:5,0
DA:7,0
DA:9,0
DA:11,0
DA:15,0
DA:21,0
DA:23,0
DA:27,0
DA:41,0
DA:43,0
DA:47,0
DA:56,0
DA:58,0
LF:15
LH:0
BRF:0
BRH:0
end_of_record
TN:
SF:components\ui\alert-dialog.tsx
FN:18,(anonymous_9)
FN:33,(anonymous_10)
FN:48,(anonymous_11)
FN:62,(anonymous_12)
FN:79,(anonymous_13)
FN:91,(anonymous_14)
FN:104,(anonymous_15)
FN:116,(anonymous_16)
FNF:8
FNH:0
FNDA:0,(anonymous_9)
FNDA:0,(anonymous_10)
FNDA:0,(anonymous_11)
FNDA:0,(anonymous_12)
FNDA:0,(anonymous_13)
FNDA:0,(anonymous_14)
FNDA:0,(anonymous_15)
FNDA:0,(anonymous_16)
DA:3,0
DA:4,0
DA:6,0
DA:7,0
DA:9,0
DA:11,0
DA:13,0
DA:15,0
DA:19,0
DA:28,0
DA:30,0
DA:34,0
DA:46,0
DA:48,0
DA:52,0
DA:60,0
DA:62,0
DA:66,0
DA:74,0
DA:76,0
DA:80,0
DA:86,0
DA:88,0
DA:92,0
DA:98,0
DA:101,0
DA:105,0
DA:111,0
DA:113,0
DA:117,0
DA:127,0
DA:130,0
DA:131,0
DA:132,0
DA:133,0
DA:134,0
DA:135,0
DA:136,0
DA:137,0
DA:138,0
DA:139,0
DA:140,0
LF:42
LH:0
BRF:0
BRH:0
end_of_record
TN:
SF:components\ui\alert.tsx
FN:25,(anonymous_9)
FN:38,(anonymous_10)
FN:50,(anonymous_11)
FNF:3
FNH:0
FNDA:0,(anonymous_9)
FNDA:0,(anonymous_10)
FNDA:0,(anonymous_11)
DA:1,0
DA:2,0
DA:4,0
DA:6,0
DA:22,0
DA:26,0
DA:33,0
DA:35,0
DA:39,0
DA:45,0
DA:47,0
DA:51,0
DA:57,0
DA:59,0
LF:14
LH:0
BRF:0
BRH:0
end_of_record
TN:
SF:components\ui\aspect-ratio.tsx
FNF:0
FNH:0
DA:3,0
DA:5,0
DA:7,0
LF:3
LH:0
BRF:0
BRH:0
end_of_record
TN:
SF:components\ui\avatar.tsx
FN:11,(anonymous_9)
FN:26,(anonymous_10)
FN:38,(anonymous_11)
FNF:3
FNH:0
FNDA:0,(anonymous_9)
FNDA:0,(anonymous_10)
FNDA:0,(anonymous_11)
DA:3,0
DA:4,0
DA:6,0
DA:8,0
DA:12,0
DA:21,0
DA:23,0
DA:27,0
DA:33,0
DA:35,0
DA:39,0
DA:48,0
DA:50,0
LF:13
LH:0
BRF:0
BRH:0
end_of_record
TN:
SF:components\ui\badge.tsx
FN:30,Badge
FNF:1
FNH:0
FNDA:0,Badge
DA:2,0
DA:4,0
DA:6,0
DA:31,0
DA:36,0
LF:5
LH:0
BRF:0
BRH:0
end_of_record
TN:
SF:components\ui\breadcrumb.tsx
FN:12,(anonymous_9)
FN:18,(anonymous_10)
FN:33,(anonymous_11)
FN:47,(anonymous_12)
FN:63,(anonymous_13)
FN:75,(anonymous_14)
FN:91,(anonymous_15)
FNF:7
FNH:0
FNDA:0,(anonymous_9)
FNDA:0,(anonymous_10)
FNDA:0,(anonymous_11)
FNDA:0,(anonymous_12)
FNDA:0,(anonymous_13)
FNDA:0,(anonymous_14)
FNDA:0,(anonymous_15)
DA:1,0
DA:2,0
DA:3,0
DA:5,0
DA:7,0
DA:12,0
DA:13,0
DA:15,0
DA:19,0
DA:28,0
DA:30,0
DA:34,0
DA:40,0
DA:42,0
DA:48,0
DA:50,0
DA:58,0
DA:60,0
DA:64,0
DA:73,0
DA:75,0
DA:80,0
DA:89,0
DA:91,0
DA:95,0
DA:105,0
DA:108,0
DA:109,0
DA:110,0
DA:111,0
DA:112,0
DA:113,0
DA:114,0
LF:33
LH:0
BRDA:48,0,0,0
BRDA:48,0,1,0
BRDA:86,1,0,0
BRDA:86,1,1,0
BRDA:86,2,0,0
BRDA:86,2,1,0
BRF:6
BRH:0
end_of_record
TN:
SF:components\ui\button.tsx
FN:43,(anonymous_9)
FNF:1
FNH:0
FNDA:0,(anonymous_9)
DA:1,0
DA:2,0
DA:3,0
DA:5,0
DA:7,0
DA:42,0
DA:44,0
DA:45,0
DA:54,0
DA:56,0
LF:10
LH:0
BRDA:43,0,0,0
BRDA:44,1,0,0
BRDA:44,1,1,0
BRF:3
BRH:0
end_of_record
TN:
SF:components\ui\calendar.tsx
FN:12,Calendar
FN:57,(anonymous_1)
FN:58,(anonymous_2)
FNF:3
FNH:0
FNDA:0,Calendar
FNDA:0,(anonymous_1)
FNDA:0,(anonymous_2)
DA:4,0
DA:5,0
DA:7,0
DA:8,0
DA:18,0
DA:57,0
DA:58,0
DA:64,0
DA:66,0
LF:9
LH:0
BRDA:15,0,0,0
BRF:1
BRH:0
end_of_record
TN:
SF:components\ui\card.tsx
FN:8,(anonymous_9)
FN:23,(anonymous_10)
FN:35,(anonymous_11)
FN:50,(anonymous_12)
FN:62,(anonymous_13)
FN:70,(anonymous_14)
FNF:6
FNH:0
FNDA:0,(anonymous_9)
FNDA:0,(anonymous_10)
FNDA:0,(anonymous_11)
FNDA:0,(anonymous_12)
FNDA:0,(anonymous_13)
FNDA:0,(anonymous_14)
DA:1,0
DA:3,0
DA:5,0
DA:9,0
DA:18,0
DA:20,0
DA:24,0
DA:30,0
DA:32,0
DA:36,0
DA:45,0
DA:47,0
DA:51,0
DA:57,0
DA:59,0
DA:63,0
DA:65,0
DA:67,0
DA:71,0
DA:77,0
DA:79,0
LF:21
LH:0
BRF:0
BRH:0
end_of_record
TN:
SF:components\ui\carousel.tsx
FN:35,useCarousel
FN:49,(anonymous_11)
FN:71,(anonymous_12)
FN:80,(anonymous_13)
FN:84,(anonymous_14)
FN:89,(anonymous_15)
FN:101,(anonymous_16)
FN:109,(anonymous_17)
FN:118,(anonymous_18)
FN:156,(anonymous_19)
FN:178,(anonymous_20)
FN:200,(anonymous_21)
FN:229,(anonymous_22)
FNF:13
FNH:0
FNDA:0,useCarousel
FNDA:0,(anonymous_11)
FNDA:0,(anonymous_12)
FNDA:0,(anonymous_13)
FNDA:0,(anonymous_14)
FNDA:0,(anonymous_15)
FNDA:0,(anonymous_16)
FNDA:0,(anonymous_17)
FNDA:0,(anonymous_18)
FNDA:0,(anonymous_19)
FNDA:0,(anonymous_20)
FNDA:0,(anonymous_21)
FNDA:0,(anonymous_22)
DA:3,0
DA:4,0
DA:7,0
DA:9,0
DA:10,0
DA:33,0
DA:36,0
DA:38,0
DA:39,0
DA:42,0
DA:45,0
DA:61,0
DA:68,0
DA:69,0
DA:71,0
DA:72,0
DA:73,0
DA:76,0
DA:77,0
DA:80,0
DA:81,0
DA:84,0
DA:85,0
DA:88,0
DA:90,0
DA:91,0
DA:92,0
DA:93,0
DA:94,0
DA:95,0
DA:101,0
DA:102,0
DA:103,0
DA:106,0
DA:109,0
DA:110,0
DA:111,0
DA:114,0
DA:115,0
DA:116,0
DA:118,0
DA:119,0
DA:123,0
DA:151,0
DA:153,0
DA:157,0
DA:159,0
DA:173,0
DA:175,0
DA:179,0
DA:181,0
DA:195,0
DA:197,0
DA:201,0
DA:203,0
DA:224,0
DA:226,0
DA:230,0
DA:232,0
DA:253,0
DA:257,0
DA:258,0
DA:259,0
DA:260,0
DA:261,0
LF:65
LH:0
BRDA:38,0,0,0
BRDA:51,1,0,0
BRDA:64,2,0,0
BRDA:64,2,1,0
BRDA:72,3,0,0
BRDA:81,4,0,0
BRDA:81,4,1,0
BRDA:81,5,0,0
BRDA:81,5,1,0
BRDA:85,6,0,0
BRDA:85,6,1,0
BRDA:85,7,0,0
BRDA:85,7,1,0
BRDA:90,8,0,0
BRDA:90,8,1,0
BRDA:93,9,0,0
BRDA:102,10,0,0
BRDA:102,11,0,0
BRDA:102,11,1,0
BRDA:110,12,0,0
BRDA:119,13,0,0
BRDA:119,13,1,0
BRDA:119,14,0,0
BRDA:119,14,1,0
BRDA:130,15,0,0
BRDA:130,15,1,0
BRDA:130,16,0,0
BRDA:130,16,1,0
BRDA:130,17,0,0
BRDA:130,17,1,0
BRDA:130,18,0,0
BRDA:130,18,1,0
BRDA:165,19,0,0
BRDA:165,19,1,0
BRDA:188,20,0,0
BRDA:188,20,1,0
BRDA:200,21,0,0
BRDA:200,22,0,0
BRDA:210,23,0,0
BRDA:210,23,1,0
BRDA:229,24,0,0
BRDA:229,25,0,0
BRDA:239,26,0,0
BRDA:239,26,1,0
BRF:44
BRH:0
end_of_record
TN:
SF:components\ui\chart.tsx
FN:27,useChart
FN:45,(anonymous_10)
FN:70,(anonymous_11)
FN:72,(anonymous_12)
FN:84,(anonymous_13)
FN:87,(anonymous_14)
FN:116,(anonymous_15)
FN:136,(anonymous_16)
FN:188,(anonymous_17)
FN:269,(anonymous_18)
FN:288,(anonymous_19)
FN:320,getPayloadConfigFromPayload
FNF:12
FNH:0
FNDA:0,useChart
FNDA:0,(anonymous_10)
FNDA:0,(anonymous_11)
FNDA:0,(anonymous_12)
FNDA:0,(anonymous_13)
FNDA:0,(anonymous_14)
FNDA:0,(anonymous_15)
FNDA:0,(anonymous_16)
FNDA:0,(anonymous_17)
FNDA:0,(anonymous_18)
FNDA:0,(anonymous_19)
FNDA:0,getPayloadConfigFromPayload
DA:3,0
DA:4,0
DA:6,0
DA:9,0
DA:25,0
DA:28,0
DA:30,0
DA:31,0
DA:34,0
DA:37,0
DA:46,0
DA:47,0
DA:49,0
DA:68,0
DA:70,0
DA:71,0
DA:72,0
DA:75,0
DA:76,0
DA:79,0
DA:84,0
DA:89,0
DA:91,0
DA:103,0
DA:105,0
DA:134,0
DA:136,0
DA:137,0
DA:138,0
DA:141,0
DA:142,0
DA:143,0
DA:145,0
DA:149,0
DA:150,0
DA:157,0
DA:158,0
DA:161,0
DA:172,0
DA:173,0
DA:176,0
DA:178,0
DA:189,0
DA:190,0
DA:191,0
DA:193,0
DA:257,0
DA:259,0
DA:261,0
DA:273,0
DA:275,0
DA:276,0
DA:279,0
DA:289,0
DA:290,0
DA:292,0
DA:317,0
DA:325,0
DA:326,0
DA:330,0
DA:336,0
DA:338,0
DA:342,0
DA:343,0
DA:348,0
DA:353,0
DA:359,0
DA:360,0
DA:361,0
DA:362,0
DA:363,0
DA:364,0
LF:72
LH:0
BRDA:30,0,0,0
BRDA:47,1,0,0
BRDA:47,1,1,0
BRDA:72,2,0,0
BRDA:72,2,1,0
BRDA:75,3,0,0
BRDA:89,4,0,0
BRDA:89,4,1,0
BRDA:89,5,0,0
BRDA:89,5,1,0
BRDA:89,6,0,0
BRDA:89,6,1,0
BRDA:91,7,0,0
BRDA:91,7,1,0
BRDA:121,8,0,0
BRDA:122,9,0,0
BRDA:123,10,0,0
BRDA:137,11,0,0
BRDA:137,12,0,0
BRDA:137,12,1,0
BRDA:137,13,0,0
BRDA:137,13,1,0
BRDA:137,14,0,0
BRDA:137,14,1,0
BRDA:142,15,0,0
BRDA:142,15,1,0
BRDA:142,15,2,0
BRDA:142,15,3,0
BRDA:145,16,0,0
BRDA:145,16,1,0
BRDA:145,17,0,0
BRDA:145,17,1,0
BRDA:146,18,0,0
BRDA:146,18,1,0
BRDA:146,19,0,0
BRDA:146,19,1,0
BRDA:146,20,0,0
BRDA:146,20,1,0
BRDA:147,21,0,0
BRDA:147,21,1,0
BRDA:147,22,0,0
BRDA:147,22,1,0
BRDA:149,23,0,0
BRDA:157,24,0,0
BRDA:172,25,0,0
BRDA:172,26,0,0
BRDA:172,26,1,0
BRDA:172,27,0,0
BRDA:172,27,1,0
BRDA:172,28,0,0
BRDA:172,28,1,0
BRDA:176,29,0,0
BRDA:176,29,1,0
BRDA:186,30,0,0
BRDA:186,30,1,0
BRDA:189,31,0,0
BRDA:189,31,1,0
BRDA:189,31,2,0
BRDA:189,31,3,0
BRDA:191,32,0,0
BRDA:191,32,1,0
BRDA:191,32,2,0
BRDA:198,33,0,0
BRDA:198,33,1,0
BRDA:201,34,0,0
BRDA:201,34,1,0
BRDA:201,35,0,0
BRDA:201,35,1,0
BRDA:201,35,2,0
BRDA:201,36,0,0
BRDA:201,36,1,0
BRDA:201,37,0,0
BRDA:201,37,1,0
BRDA:205,38,0,0
BRDA:205,38,1,0
BRDA:205,39,0,0
BRDA:205,39,1,0
BRDA:205,40,0,0
BRDA:205,40,1,0
BRDA:208,41,0,0
BRDA:208,41,1,0
BRDA:217,42,0,0
BRDA:217,42,1,0
BRDA:232,43,0,0
BRDA:232,43,1,0
BRDA:236,44,0,0
BRDA:236,44,1,0
BRDA:238,45,0,0
BRDA:238,45,1,0
BRDA:238,46,0,0
BRDA:238,46,1,0
BRDA:238,47,0,0
BRDA:238,47,1,0
BRDA:241,48,0,0
BRDA:241,48,1,0
BRDA:270,49,0,0
BRDA:270,50,0,0
BRDA:275,51,0,0
BRDA:275,52,0,0
BRDA:275,52,1,0
BRDA:275,53,0,0
BRDA:275,53,1,0
BRDA:284,54,0,0
BRDA:284,54,1,0
BRDA:289,55,0,0
BRDA:289,55,1,0
BRDA:289,55,2,0
BRDA:299,56,0,0
BRDA:299,56,1,0
BRDA:299,57,0,0
BRDA:299,57,1,0
BRDA:299,58,0,0
BRDA:299,58,1,0
BRDA:299,59,0,0
BRDA:299,59,1,0
BRDA:309,60,0,0
BRDA:309,60,1,0
BRDA:309,61,0,0
BRDA:309,61,1,0
BRDA:325,62,0,0
BRDA:325,63,0,0
BRDA:325,63,1,0
BRDA:330,64,0,0
BRDA:330,64,1,0
BRDA:330,65,0,0
BRDA:330,65,1,0
BRDA:330,65,2,0
BRDA:338,66,0,0
BRDA:338,66,1,0
BRDA:339,67,0,0
BRDA:339,67,1,0
BRDA:343,68,0,0
BRDA:344,69,0,0
BRDA:344,69,1,0
BRDA:344,69,2,0
BRDA:353,70,0,0
BRDA:353,70,1,0
BRF:137
BRH:0
end_of_record
TN:
SF:components\ui\checkbox.tsx
FN:12,(anonymous_9)
FNF:1
FNH:0
FNDA:0,(anonymous_9)
DA:3,0
DA:4,0
DA:5,0
DA:7,0
DA:9,0
DA:13,0
DA:28,0
DA:30,0
LF:8
LH:0
BRF:0
BRH:0
end_of_record
TN:
SF:components\ui\collapsible.tsx
FNF:0
FNH:0
DA:3,0
DA:5,0
DA:7,0
DA:9,0
DA:11,0
LF:5
LH:0
BRF:0
BRH:0
end_of_record
TN:
SF:components\ui\command.tsx
FN:14,(anonymous_9)
FN:26,(anonymous_10)
FN:41,(anonymous_11)
FN:60,(anonymous_12)
FN:73,(anonymous_13)
FN:86,(anonymous_14)
FN:102,(anonymous_15)
FN:114,(anonymous_16)
FN:127,(anonymous_17)
FNF:9
FNH:0
FNDA:0,(anonymous_9)
FNDA:0,(anonymous_10)
FNDA:0,(anonymous_11)
FNDA:0,(anonymous_12)
FNDA:0,(anonymous_13)
FNDA:0,(anonymous_14)
FNDA:0,(anonymous_15)
FNDA:0,(anonymous_16)
FNDA:0,(anonymous_17)
DA:3,0
DA:5,0
DA:6,0
DA:8,0
DA:9,0
DA:11,0
DA:15,0
DA:24,0
DA:26,0
DA:27,0
DA:38,0
DA:42,0
DA:55,0
DA:57,0
DA:61,0
DA:68,0
DA:70,0
DA:74,0
DA:81,0
DA:83,0
DA:87,0
DA:97,0
DA:99,0
DA:103,0
DA:109,0
DA:111,0
DA:115,0
DA:125,0
DA:127,0
DA:131,0
DA:141,0
DA:144,0
DA:145,0
DA:146,0
DA:147,0
DA:148,0
DA:149,0
DA:150,0
DA:151,0
DA:152,0
LF:40
LH:0
BRF:0
BRH:0
end_of_record
TN:
SF:components\ui\context-menu.tsx
FN:26,(anonymous_9)
FN:45,(anonymous_10)
FN:60,(anonymous_11)
FN:79,(anonymous_12)
FN:95,(anonymous_13)
FN:119,(anonymous_14)
FN:143,(anonymous_15)
FN:159,(anonymous_16)
FN:168,(anonymous_17)
FNF:9
FNH:0
FNDA:0,(anonymous_9)
FNDA:0,(anonymous_10)
FNDA:0,(anonymous_11)
FNDA:0,(anonymous_12)
FNDA:0,(anonymous_13)
FNDA:0,(anonymous_14)
FNDA:0,(anonymous_15)
FNDA:0,(anonymous_16)
FNDA:0,(anonymous_17)
DA:3,0
DA:4,0
DA:5,0
DA:7,0
DA:9,0
DA:11,0
DA:13,0
DA:15,0
DA:17,0
DA:19,0
DA:21,0
DA:27,0
DA:40,0
DA:42,0
DA:46,0
DA:55,0
DA:57,0
DA:61,0
DA:72,0
DA:74,0
DA:80,0
DA:90,0
DA:92,0
DA:96,0
DA:113,0
DA:116,0
DA:120,0
DA:136,0
DA:138,0
DA:144,0
DA:154,0
DA:156,0
DA:160,0
DA:166,0
DA:168,0
DA:172,0
DA:182,0
DA:185,0
DA:186,0
DA:187,0
DA:188,0
DA:189,0
DA:190,0
DA:191,0
DA:192,0
DA:193,0
DA:194,0
DA:195,0
DA:196,0
DA:197,0
DA:198,0
DA:199,0
LF:52
LH:0
BRDA:31,0,0,0
BRDA:31,0,1,0
BRDA:84,1,0,0
BRDA:84,1,1,0
BRDA:148,2,0,0
BRDA:148,2,1,0
BRF:6
BRH:0
end_of_record
TN:
SF:components\ui\dialog.tsx
FN:20,(anonymous_9)
FN:35,(anonymous_10)
FN:56,(anonymous_11)
FN:70,(anonymous_12)
FN:87,(anonymous_13)
FN:102,(anonymous_14)
FNF:6
FNH:0
FNDA:0,(anonymous_9)
FNDA:0,(anonymous_10)
FNDA:0,(anonymous_11)
FNDA:0,(anonymous_12)
FNDA:0,(anonymous_13)
FNDA:0,(anonymous_14)
DA:3,0
DA:4,0
DA:5,0
DA:7,0
DA:9,0
DA:11,0
DA:13,0
DA:15,0
DA:17,0
DA:21,0
DA:30,0
DA:32,0
DA:36,0
DA:54,0
DA:56,0
DA:60,0
DA:68,0
DA:70,0
DA:74,0
DA:82,0
DA:84,0
DA:88,0
DA:97,0
DA:99,0
DA:103,0
DA:109,0
DA:112,0
DA:113,0
DA:114,0
DA:115,0
DA:116,0
DA:117,0
DA:118,0
DA:119,0
DA:120,0
DA:121,0
LF:36
LH:0
BRF:0
BRH:0
end_of_record
TN:
SF:components\ui\drawer.tsx
FN:8,(anonymous_9)
FN:28,(anonymous_10)
FN:40,(anonymous_11)
FN:58,(anonymous_12)
FN:69,(anonymous_13)
FN:83,(anonymous_14)
FN:98,(anonymous_15)
FNF:7
FNH:0
FNDA:0,(anonymous_9)
FNDA:0,(anonymous_10)
FNDA:0,(anonymous_11)
FNDA:0,(anonymous_12)
FNDA:0,(anonymous_13)
FNDA:0,(anonymous_14)
FNDA:0,(anonymous_15)
DA:3,0
DA:4,0
DA:6,0
DA:8,0
DA:12,0
DA:17,0
DA:19,0
DA:21,0
DA:23,0
DA:25,0
DA:29,0
DA:35,0
DA:37,0
DA:41,0
DA:56,0
DA:58,0
DA:62,0
DA:67,0
DA:69,0
DA:73,0
DA:78,0
DA:80,0
DA:84,0
DA:93,0
DA:95,0
DA:99,0
DA:105,0
DA:108,0
DA:109,0
DA:110,0
DA:111,0
DA:112,0
DA:113,0
DA:114,0
DA:115,0
DA:116,0
DA:117,0
LF:37
LH:0
BRDA:9,0,0,0
BRF:1
BRH:0
end_of_record
TN:
SF:components\ui\dropdown-menu.tsx
FN:26,(anonymous_9)
FN:46,(anonymous_10)
FN:62,(anonymous_11)
FN:82,(anonymous_12)
FN:98,(anonymous_13)
FN:122,(anonymous_14)
FN:146,(anonymous_15)
FN:162,(anonymous_16)
FN:171,(anonymous_17)
FNF:9
FNH:0
FNDA:0,(anonymous_9)
FNDA:0,(anonymous_10)
FNDA:0,(anonymous_11)
FNDA:0,(anonymous_12)
FNDA:0,(anonymous_13)
FNDA:0,(anonymous_14)
FNDA:0,(anonymous_15)
FNDA:0,(anonymous_16)
FNDA:0,(anonymous_17)
DA:3,0
DA:4,0
DA:5,0
DA:7,0
DA:9,0
DA:11,0
DA:13,0
DA:15,0
DA:17,0
DA:19,0
DA:21,0
DA:27,0
DA:40,0
DA:43,0
DA:47,0
DA:56,0
DA:59,0
DA:63,0
DA:75,0
DA:77,0
DA:83,0
DA:93,0
DA:95,0
DA:99,0
DA:116,0
DA:119,0
DA:123,0
DA:139,0
DA:141,0
DA:147,0
DA:157,0
DA:159,0
DA:163,0
DA:169,0
DA:171,0
DA:175,0
DA:182,0
DA:185,0
DA:186,0
DA:187,0
DA:188,0
DA:189,0
DA:190,0
DA:191,0
DA:192,0
DA:193,0
DA:194,0
DA:195,0
DA:196,0
DA:197,0
DA:198,0
DA:199,0
LF:52
LH:0
BRDA:31,0,0,0
BRDA:31,0,1,0
BRDA:62,1,0,0
BRDA:87,2,0,0
BRDA:87,2,1,0
BRDA:151,3,0,0
BRDA:151,3,1,0
BRF:7
BRH:0
end_of_record
TN:
SF:components\ui\form.tsx
FN:31,(anonymous_9)
FN:44,(anonymous_10)
FN:78,(anonymous_11)
FN:92,(anonymous_12)
FN:109,(anonymous_13)
FN:131,(anonymous_14)
FN:148,(anonymous_15)
FNF:7
FNH:0
FNDA:0,(anonymous_9)
FNDA:0,(anonymous_10)
FNDA:0,(anonymous_11)
FNDA:0,(anonymous_12)
FNDA:0,(anonymous_13)
FNDA:0,(anonymous_14)
FNDA:0,(anonymous_15)
DA:3,0
DA:5,0
DA:6,0
DA:15,0
DA:16,0
DA:18,0
DA:27,0
DA:31,0
DA:37,0
DA:44,0
DA:45,0
DA:46,0
DA:47,0
DA:49,0
DA:51,0
DA:52,0
DA:55,0
DA:57,0
DA:71,0
DA:75,0
DA:79,0
DA:81,0
DA:87,0
DA:89,0
DA:93,0
DA:95,0
DA:104,0
DA:106,0
DA:110,0
DA:112,0
DA:126,0
DA:128,0
DA:132,0
DA:134,0
DA:143,0
DA:145,0
DA:149,0
DA:150,0
DA:152,0
DA:153,0
DA:156,0
DA:167,0
DA:170,0
DA:171,0
DA:172,0
DA:173,0
DA:174,0
DA:175,0
DA:176,0
DA:177,0
LF:50
LH:0
BRDA:51,0,0,0
BRDA:98,1,0,0
BRDA:98,1,1,0
BRDA:117,2,0,0
BRDA:117,2,1,0
BRDA:150,3,0,0
BRDA:150,3,1,0
BRDA:150,4,0,0
BRDA:150,4,1,0
BRDA:150,5,0,0
BRDA:150,5,1,0
BRDA:152,6,0,0
BRF:12
BRH:0
end_of_record
TN:
SF:components\ui\hover-card.tsx
FN:15,(anonymous_9)
FNF:1
FNH:0
FNDA:0,(anonymous_9)
DA:3,0
DA:4,0
DA:6,0
DA:8,0
DA:10,0
DA:12,0
DA:16,0
DA:27,0
DA:29,0
LF:9
LH:0
BRDA:15,0,0,0
BRDA:15,1,0,0
BRF:2
BRH:0
end_of_record
TN:
SF:components\ui\input-otp.tsx
FN:12,(anonymous_9)
FN:28,(anonymous_10)
FN:36,(anonymous_11)
FN:64,(anonymous_12)
FNF:4
FNH:0
FNDA:0,(anonymous_9)
FNDA:0,(anonymous_10)
FNDA:0,(anonymous_11)
FNDA:0,(anonymous_12)
DA:3,0
DA:4,0
DA:5,0
DA:7,0
DA:9,0
DA:13,0
DA:23,0
DA:25,0
DA:29,0
DA:31,0
DA:33,0
DA:37,0
DA:38,0
DA:40,0
DA:59,0
DA:61,0
DA:65,0
DA:69,0
DA:71,0
LF:19
LH:0
BRDA:45,0,0,0
BRDA:45,0,1,0
BRDA:51,1,0,0
BRDA:51,1,1,0
BRF:4
BRH:0
end_of_record
TN:
SF:components\ui\input.tsx
FN:6,(anonymous_9)
FNF:1
FNH:0
FNDA:0,(anonymous_9)
DA:1,0
DA:3,0
DA:5,0
DA:7,0
DA:20,0
DA:22,0
LF:6
LH:0
BRF:0
BRH:0
end_of_record
TN:
SF:components\ui\label.tsx
FN:17,(anonymous_9)
FNF:1
FNH:0
FNDA:0,(anonymous_9)
DA:3,0
DA:4,0
DA:5,0
DA:7,0
DA:9,0
DA:13,0
DA:18,0
DA:24,0
DA:26,0
LF:9
LH:0
BRF:0
BRH:0
end_of_record
TN:
SF:components\ui\menubar.tsx
FN:22,(anonymous_9)
FN:37,(anonymous_10)
FN:54,(anonymous_11)
FN:73,(anonymous_12)
FN:89,(anonymous_13)
FN:115,(anonymous_14)
FN:131,(anonymous_15)
FN:154,(anonymous_16)
FN:178,(anonymous_17)
FN:194,(anonymous_18)
FN:203,(anonymous_19)
FNF:11
FNH:0
FNDA:0,(anonymous_9)
FNDA:0,(anonymous_10)
FNDA:0,(anonymous_11)
FNDA:0,(anonymous_12)
FNDA:0,(anonymous_13)
FNDA:0,(anonymous_14)
FNDA:0,(anonymous_15)
FNDA:0,(anonymous_16)
FNDA:0,(anonymous_17)
FNDA:0,(anonymous_18)
FNDA:0,(anonymous_19)
DA:3,0
DA:4,0
DA:5,0
DA:7,0
DA:9,0
DA:11,0
DA:13,0
DA:15,0
DA:17,0
DA:19,0
DA:23,0
DA:32,0
DA:34,0
DA:38,0
DA:47,0
DA:49,0
DA:55,0
DA:68,0
DA:70,0
DA:74,0
DA:83,0
DA:85,0
DA:93,0
DA:108,0
DA:110,0
DA:116,0
DA:126,0
DA:128,0
DA:132,0
DA:149,0
DA:151,0
DA:155,0
DA:171,0
DA:173,0
DA:179,0
DA:189,0
DA:191,0
DA:195,0
DA:201,0
DA:203,0
DA:207,0
DA:217,0
DA:220,0
DA:221,0
DA:222,0
DA:223,0
DA:224,0
DA:225,0
DA:226,0
DA:227,0
DA:228,0
DA:229,0
DA:230,0
DA:231,0
DA:232,0
DA:233,0
DA:234,0
DA:235,0
LF:58
LH:0
BRDA:59,0,0,0
BRDA:59,0,1,0
BRDA:90,1,0,0
BRDA:90,2,0,0
BRDA:90,3,0,0
BRDA:120,4,0,0
BRDA:120,4,1,0
BRDA:183,5,0,0
BRDA:183,5,1,0
BRF:9
BRH:0
end_of_record
TN:
SF:components\ui\navigation-menu.tsx
FN:11,(anonymous_9)
FN:29,(anonymous_10)
FN:50,(anonymous_11)
FN:68,(anonymous_12)
FN:85,(anonymous_13)
FN:103,(anonymous_14)
FNF:6
FNH:0
FNDA:0,(anonymous_9)
FNDA:0,(anonymous_10)
FNDA:0,(anonymous_11)
FNDA:0,(anonymous_12)
FNDA:0,(anonymous_13)
FNDA:0,(anonymous_14)
DA:1,0
DA:2,0
DA:3,0
DA:4,0
DA:6,0
DA:8,0
DA:12,0
DA:24,0
DA:26,0
DA:30,0
DA:39,0
DA:41,0
DA:43,0
DA:47,0
DA:51,0
DA:63,0
DA:65,0
DA:69,0
DA:78,0
DA:80,0
DA:82,0
DA:86,0
DA:97,0
DA:100,0
DA:104,0
DA:115,0
DA:119,0
DA:120,0
DA:121,0
DA:122,0
DA:123,0
DA:124,0
DA:125,0
DA:126,0
DA:127,0
LF:35
LH:0
BRF:0
BRH:0
end_of_record
TN:
SF:components\ui\pagination.tsx
FN:7,(anonymous_9)
FN:20,(anonymous_10)
FN:32,(anonymous_11)
FN:42,(anonymous_12)
FN:62,(anonymous_13)
FN:78,(anonymous_14)
FN:94,(anonymous_15)
FNF:7
FNH:0
FNDA:0,(anonymous_9)
FNDA:0,(anonymous_10)
FNDA:0,(anonymous_11)
FNDA:0,(anonymous_12)
FNDA:0,(anonymous_13)
FNDA:0,(anonymous_14)
FNDA:0,(anonymous_15)
DA:1,0
DA:2,0
DA:4,0
DA:5,0
DA:7,0
DA:8,0
DA:15,0
DA:17,0
DA:21,0
DA:27,0
DA:29,0
DA:33,0
DA:35,0
DA:42,0
DA:48,0
DA:60,0
DA:62,0
DA:66,0
DA:76,0
DA:78,0
DA:82,0
DA:92,0
DA:94,0
DA:98,0
DA:107,0
DA:110,0
DA:111,0
DA:112,0
DA:113,0
DA:114,0
DA:115,0
DA:116,0
LF:32
LH:0
BRDA:45,0,0,0
BRDA:49,1,0,0
BRDA:49,1,1,0
BRDA:52,2,0,0
BRDA:52,2,1,0
BRF:5
BRH:0
end_of_record
TN:
SF:components\ui\popover.tsx
FN:15,(anonymous_9)
FNF:1
FNH:0
FNDA:0,(anonymous_9)
DA:3,0
DA:4,0
DA:6,0
DA:8,0
DA:10,0
DA:12,0
DA:16,0
DA:29,0
DA:31,0
LF:9
LH:0
BRDA:15,0,0,0
BRDA:15,1,0,0
BRF:2
BRH:0
end_of_record
TN:
SF:components\ui\progress.tsx
FN:11,(anonymous_9)
FNF:1
FNH:0
FNDA:0,(anonymous_9)
DA:3,0
DA:4,0
DA:6,0
DA:8,0
DA:12,0
DA:26,0
DA:28,0
LF:7
LH:0
BRDA:22,0,0,0
BRDA:22,0,1,0
BRF:2
BRH:0
end_of_record
TN:
SF:components\ui\radio-group.tsx
FN:12,(anonymous_9)
FN:26,(anonymous_10)
FNF:2
FNH:0
FNDA:0,(anonymous_9)
FNDA:0,(anonymous_10)
DA:3,0
DA:4,0
DA:5,0
DA:7,0
DA:9,0
DA:13,0
DA:21,0
DA:23,0
DA:27,0
DA:42,0
DA:44,0
LF:11
LH:0
BRF:0
BRH:0
end_of_record
TN:
SF:components\ui\resizable.tsx
FN:8,(anonymous_9)
FN:23,(anonymous_10)
FNF:2
FNH:0
FNDA:0,(anonymous_9)
FNDA:0,(anonymous_10)
DA:3,0
DA:4,0
DA:6,0
DA:8,0
DA:12,0
DA:21,0
DA:23,0
DA:30,0
DA:45,0
LF:9
LH:0
BRDA:37,0,0,0
BRDA:37,0,1,0
BRF:2
BRH:0
end_of_record
TN:
SF:components\ui\scroll-area.tsx
FN:11,(anonymous_9)
FN:29,(anonymous_10)
FNF:2
FNH:0
FNDA:0,(anonymous_9)
FNDA:0,(anonymous_10)
DA:3,0
DA:4,0
DA:6,0
DA:8,0
DA:12,0
DA:24,0
DA:26,0
DA:30,0
DA:46,0
DA:48,0
LF:10
LH:0
BRDA:29,0,0,0
BRDA:35,1,0,0
BRDA:35,1,1,0
BRDA:37,2,0,0
BRDA:37,2,1,0
BRF:5
BRH:0
end_of_record
TN:
SF:components\ui\select.tsx
FN:18,(anonymous_9)
FN:38,(anonymous_10)
FN:55,(anonymous_11)
FN:73,(anonymous_12)
FN:105,(anonymous_13)
FN:117,(anonymous_14)
FN:140,(anonymous_15)
FNF:7
FNH:0
FNDA:0,(anonymous_9)
FNDA:0,(anonymous_10)
FNDA:0,(anonymous_11)
FNDA:0,(anonymous_12)
FNDA:0,(anonymous_13)
FNDA:0,(anonymous_14)
FNDA:0,(anonymous_15)
DA:3,0
DA:4,0
DA:5,0
DA:7,0
DA:9,0
DA:11,0
DA:13,0
DA:15,0
DA:19,0
DA:33,0
DA:35,0
DA:39,0
DA:50,0
DA:52,0
DA:56,0
DA:67,0
DA:70,0
DA:74,0
DA:100,0
DA:102,0
DA:106,0
DA:112,0
DA:114,0
DA:118,0
DA:135,0
DA:137,0
DA:141,0
DA:147,0
DA:150,0
DA:151,0
DA:152,0
DA:153,0
DA:154,0
DA:155,0
DA:156,0
DA:157,0
DA:158,0
DA:159,0
LF:38
LH:0
BRDA:73,0,0,0
BRDA:79,1,0,0
BRDA:79,1,1,0
BRDA:90,2,0,0
BRDA:90,2,1,0
BRF:5
BRH:0
end_of_record
TN:
SF:components\ui\separator.tsx
FN:12,(anonymous_9)
FNF:1
FNH:0
FNDA:0,(anonymous_9)
DA:3,0
DA:4,0
DA:6,0
DA:8,0
DA:16,0
DA:29,0
DA:31,0
LF:7
LH:0
BRDA:13,0,0,0
BRDA:13,1,0,0
BRDA:22,2,0,0
BRDA:22,2,1,0
BRF:4
BRH:0
end_of_record
TN:
SF:components\ui\sheet.tsx
FN:21,(anonymous_9)
FN:59,(anonymous_10)
FN:77,(anonymous_11)
FN:91,(anonymous_12)
FN:108,(anonymous_13)
FN:120,(anonymous_14)
FNF:6
FNH:0
FNDA:0,(anonymous_9)
FNDA:0,(anonymous_10)
FNDA:0,(anonymous_11)
FNDA:0,(anonymous_12)
FNDA:0,(anonymous_13)
FNDA:0,(anonymous_14)
DA:3,0
DA:4,0
DA:5,0
DA:6,0
DA:8,0
DA:10,0
DA:12,0
DA:14,0
DA:16,0
DA:18,0
DA:22,0
DA:31,0
DA:33,0
DA:56,0
DA:60,0
DA:75,0
DA:77,0
DA:81,0
DA:89,0
DA:91,0
DA:95,0
DA:103,0
DA:105,0
DA:109,0
DA:115,0
DA:117,0
DA:121,0
DA:127,0
DA:130,0
DA:131,0
DA:132,0
DA:133,0
DA:134,0
DA:135,0
DA:136,0
DA:137,0
DA:138,0
DA:139,0
LF:38
LH:0
BRDA:59,0,0,0
BRF:1
BRH:0
end_of_record
TN:
SF:components\ui\sidebar.tsx
FN:41,useSidebar
FN:58,(anonymous_10)
FN:78,(anonymous_11)
FN:93,(anonymous_12)
FN:95,(anonymous_13)
FN:96,(anonymous_14)
FN:100,(anonymous_15)
FN:101,(anonymous_16)
FN:112,(anonymous_17)
FN:120,(anonymous_18)
FN:167,(anonymous_19)
FN:265,(anonymous_20)
FN:275,(anonymous_21)
FN:291,(anonymous_22)
FN:320,(anonymous_23)
FN:338,(anonymous_24)
FN:356,(anonymous_25)
FN:371,(anonymous_26)
FN:386,(anonymous_27)
FN:401,(anonymous_28)
FN:419,(anonymous_29)
FN:434,(anonymous_30)
FN:455,(anonymous_31)
FN:478,(anonymous_32)
FN:491,(anonymous_33)
FN:504,(anonymous_34)
FN:544,(anonymous_35)
FN:601,(anonymous_36)
FN:629,(anonymous_37)
FN:652,(anonymous_38)
FN:654,(anonymous_39)
FN:688,(anonymous_40)
FN:705,(anonymous_41)
FN:715,(anonymous_42)
FNF:34
FNH:0
FNDA:0,useSidebar
FNDA:0,(anonymous_10)
FNDA:0,(anonymous_11)
FNDA:0,(anonymous_12)
FNDA:0,(anonymous_13)
FNDA:0,(anonymous_14)
FNDA:0,(anonymous_15)
FNDA:0,(anonymous_16)
FNDA:0,(anonymous_17)
FNDA:0,(anonymous_18)
FNDA:0,(anonymous_19)
FNDA:0,(anonymous_20)
FNDA:0,(anonymous_21)
FNDA:0,(anonymous_22)
FNDA:0,(anonymous_23)
FNDA:0,(anonymous_24)
FNDA:0,(anonymous_25)
FNDA:0,(anonymous_26)
FNDA:0,(anonymous_27)
FNDA:0,(anonymous_28)
FNDA:0,(anonymous_29)
FNDA:0,(anonymous_30)
FNDA:0,(anonymous_31)
FNDA:0,(anonymous_32)
FNDA:0,(anonymous_33)
FNDA:0,(anonymous_34)
FNDA:0,(anonymous_35)
FNDA:0,(anonymous_36)
FNDA:0,(anonymous_37)
FNDA:0,(anonymous_38)
FNDA:0,(anonymous_39)
FNDA:0,(anonymous_40)
FNDA:0,(anonymous_41)
FNDA:0,(anonymous_42)
DA:3,0
DA:4,0
DA:5,0
DA:6,0
DA:8,0
DA:9,0
DA:10,0
DA:11,0
DA:12,0
DA:13,0
DA:14,0
DA:15,0
DA:22,0
DA:23,0
DA:24,0
DA:25,0
DA:26,0
DA:27,0
DA:39,0
DA:42,0
DA:43,0
DA:44,0
DA:47,0
DA:50,0
DA:70,0
DA:71,0
DA:75,0
DA:76,0
DA:77,0
DA:79,0
DA:80,0
DA:81,0
DA:83,0
DA:87,0
DA:93,0
DA:94,0
DA:95,0
DA:96,0
DA:100,0
DA:101,0
DA:102,0
DA:106,0
DA:107,0
DA:111,0
DA:112,0
DA:117,0
DA:119,0
DA:120,0
DA:132,0
DA:157,0
DA:159,0
DA:178,0
DA:180,0
DA:181,0
DA:195,0
DA:196,0
DA:215,0
DA:260,0
DA:262,0
DA:266,0
DA:268,0
DA:276,0
DA:277,0
DA:286,0
DA:288,0
DA:292,0
DA:294,0
DA:315,0
DA:317,0
DA:321,0
DA:333,0
DA:335,0
DA:339,0
DA:351,0
DA:353,0
DA:357,0
DA:366,0
DA:368,0
DA:372,0
DA:381,0
DA:383,0
DA:387,0
DA:396,0
DA:398,0
DA:402,0
DA:414,0
DA:416,0
DA:420,0
DA:429,0
DA:431,0
DA:435,0
DA:437,0
DA:450,0
DA:452,0
DA:456,0
DA:458,0
DA:473,0
DA:475,0
DA:479,0
DA:486,0
DA:488,0
DA:492,0
DA:499,0
DA:501,0
DA:505,0
DA:512,0
DA:514,0
DA:536,0
DA:556,0
DA:557,0
DA:560,0
DA:570,0
DA:571,0
DA:574,0
DA:575,0
DA:580,0
DA:593,0
DA:595,0
DA:602,0
DA:604,0
DA:624,0
DA:626,0
DA:630,0
DA:645,0
DA:647,0
DA:654,0
DA:655,0
DA:658,0
DA:683,0
DA:685,0
DA:689,0
DA:700,0
DA:702,0
DA:705,0
DA:706,0
DA:708,0
DA:716,0
DA:718,0
DA:736,0
DA:739,0
DA:740,0
DA:741,0
DA:742,0
DA:743,0
DA:744,0
DA:745,0
DA:746,0
DA:747,0
DA:748,0
DA:749,0
DA:750,0
DA:751,0
DA:752,0
DA:753,0
DA:754,0
DA:755,0
DA:756,0
DA:757,0
DA:758,0
DA:759,0
DA:760,0
DA:761,0
DA:762,0
LF:163
LH:0
BRDA:43,0,0,0
BRDA:60,1,0,0
BRDA:76,2,0,0
BRDA:76,2,1,0
BRDA:76,3,0,0
BRDA:76,3,1,0
BRDA:79,4,0,0
BRDA:79,4,1,0
BRDA:80,5,0,0
BRDA:80,5,1,0
BRDA:94,6,0,0
BRDA:94,6,1,0
BRDA:102,7,0,0
BRDA:103,8,0,0
BRDA:103,8,1,0
BRDA:103,8,2,0
BRDA:117,9,0,0
BRDA:117,9,1,0
BRDA:169,10,0,0
BRDA:170,11,0,0
BRDA:171,12,0,0
BRDA:180,13,0,0
BRDA:195,14,0,0
BRDA:220,15,0,0
BRDA:220,15,1,0
BRDA:230,16,0,0
BRDA:230,16,1,0
BRDA:230,17,0,0
BRDA:230,17,1,0
BRDA:238,18,0,0
BRDA:238,18,1,0
BRDA:242,19,0,0
BRDA:242,19,1,0
BRDA:242,20,0,0
BRDA:242,20,1,0
BRDA:276,21,0,0
BRDA:276,21,1,0
BRDA:276,22,0,0
BRDA:276,22,1,0
BRDA:434,23,0,0
BRDA:435,24,0,0
BRDA:435,24,1,0
BRDA:455,25,0,0
BRDA:456,26,0,0
BRDA:456,26,1,0
BRDA:546,27,0,0
BRDA:547,28,0,0
BRDA:548,29,0,0
BRDA:549,30,0,0
BRDA:556,31,0,0
BRDA:556,31,1,0
BRDA:570,32,0,0
BRDA:574,33,0,0
BRDA:586,34,0,0
BRDA:586,34,1,0
BRDA:601,35,0,0
BRDA:601,36,0,0
BRDA:602,37,0,0
BRDA:602,37,1,0
BRDA:616,38,0,0
BRDA:616,38,1,0
BRDA:652,39,0,0
BRDA:665,40,0,0
BRDA:665,40,1,0
BRDA:715,41,0,0
BRDA:715,42,0,0
BRDA:716,43,0,0
BRDA:716,43,1,0
BRDA:727,44,0,0
BRDA:727,44,1,0
BRDA:728,45,0,0
BRDA:728,45,1,0
BRF:72
BRH:0
end_of_record
TN:
SF:components\ui\skeleton.tsx
FN:3,Skeleton
FNF:1
FNH:0
FNDA:0,Skeleton
DA:1,0
DA:7,0
DA:15,0
LF:3
LH:0
BRF:0
BRH:0
end_of_record
TN:
SF:components\ui\slider.tsx
FN:11,(anonymous_9)
FNF:1
FNH:0
FNDA:0,(anonymous_9)
DA:3,0
DA:4,0
DA:6,0
DA:8,0
DA:12,0
DA:26,0
DA:28,0
LF:7
LH:0
BRF:0
BRH:0
end_of_record
TN:
SF:components\ui\sonner.tsx
FN:8,(anonymous_0)
FNF:1
FNH:0
FNDA:0,(anonymous_0)
DA:3,0
DA:4,0
DA:8,0
DA:9,0
DA:11,0
DA:31,0
LF:6
LH:0
BRDA:9,0,0,0
BRF:1
BRH:0
end_of_record
TN:
SF:components\ui\switch.tsx
FN:11,(anonymous_9)
FNF:1
FNH:0
FNDA:0,(anonymous_9)
DA:3,0
DA:4,0
DA:6,0
DA:8,0
DA:12,0
DA:27,0
DA:29,0
LF:7
LH:0
BRF:0
BRH:0
end_of_record
TN:
SF:components\ui\table.tsx
FN:8,(anonymous_9)
FN:22,(anonymous_10)
FN:30,(anonymous_11)
FN:42,(anonymous_12)
FN:57,(anonymous_13)
FN:72,(anonymous_14)
FN:87,(anonymous_15)
FN:99,(anonymous_16)
FNF:8
FNH:0
FNDA:0,(anonymous_9)
FNDA:0,(anonymous_10)
FNDA:0,(anonymous_11)
FNDA:0,(anonymous_12)
FNDA:0,(anonymous_13)
FNDA:0,(anonymous_14)
FNDA:0,(anonymous_15)
FNDA:0,(anonymous_16)
DA:1,0
DA:3,0
DA:5,0
DA:9,0
DA:17,0
DA:19,0
DA:23,0
DA:25,0
DA:27,0
DA:31,0
DA:37,0
DA:39,0
DA:43,0
DA:52,0
DA:54,0
DA:58,0
DA:67,0
DA:69,0
DA:73,0
DA:82,0
DA:84,0
DA:88,0
DA:94,0
DA:96,0
DA:100,0
DA:106,0
DA:109,0
DA:110,0
DA:111,0
DA:112,0
DA:113,0
DA:114,0
DA:115,0
DA:116,0
LF:34
LH:0
BRF:0
BRH:0
end_of_record
TN:
SF:components\ui\tabs.tsx
FN:13,(anonymous_9)
FN:28,(anonymous_10)
FN:43,(anonymous_11)
FNF:3
FNH:0
FNDA:0,(anonymous_9)
FNDA:0,(anonymous_10)
FNDA:0,(anonymous_11)
DA:3,0
DA:4,0
DA:6,0
DA:8,0
DA:10,0
DA:14,0
DA:23,0
DA:25,0
DA:29,0
DA:38,0
DA:40,0
DA:44,0
DA:53,0
DA:55,0
LF:14
LH:0
BRF:0
BRH:0
end_of_record
TN:
SF:components\ui\textarea.tsx
FN:8,(anonymous_9)
FNF:1
FNH:0
FNDA:0,(anonymous_9)
DA:1,0
DA:3,0
DA:5,0
DA:9,0
DA:20,0
DA:22,0
LF:6
LH:0
BRF:0
BRH:0
end_of_record
TN:
SF:components\ui\toast.tsx
FN:15,(anonymous_9)
FN:47,(anonymous_10)
FN:61,(anonymous_11)
FN:76,(anonymous_12)
FN:94,(anonymous_13)
FN:106,(anonymous_14)
FNF:6
FNH:0
FNDA:0,(anonymous_9)
FNDA:0,(anonymous_10)
FNDA:0,(anonymous_11)
FNDA:0,(anonymous_12)
FNDA:0,(anonymous_13)
FNDA:0,(anonymous_14)
DA:3,0
DA:4,0
DA:5,0
DA:6,0
DA:8,0
DA:10,0
DA:12,0
DA:16,0
DA:25,0
DA:27,0
DA:43,0
DA:48,0
DA:56,0
DA:58,0
DA:62,0
DA:71,0
DA:73,0
DA:77,0
DA:89,0
DA:91,0
DA:95,0
DA:101,0
DA:103,0
DA:107,0
DA:113,0
DA:122,0
DA:123,0
DA:124,0
DA:125,0
DA:126,0
DA:127,0
DA:128,0
LF:32
LH:0
BRF:0
BRH:0
end_of_record
TN:
SF:components\ui\toaster.tsx
FN:13,Toaster
FN:18,(anonymous_1)
FNF:2
FNH:0
FNDA:0,Toaster
FNDA:0,(anonymous_1)
DA:3,0
DA:4,0
DA:13,0
DA:14,0
DA:16,0
DA:19,0
LF:6
LH:0
BRDA:22,0,0,0
BRDA:22,0,1,0
BRDA:23,1,0,0
BRDA:23,1,1,0
BRF:4
BRH:0
end_of_record
TN:
SF:components\ui\toggle-group.tsx
FN:21,(anonymous_9)
FN:39,(anonymous_10)
FNF:2
FNH:0
FNDA:0,(anonymous_9)
FNDA:0,(anonymous_10)
DA:3,0
DA:4,0
DA:7,0
DA:8,0
DA:10,0
DA:17,0
DA:22,0
DA:33,0
DA:35,0
DA:40,0
DA:42,0
DA:59,0
DA:61,0
LF:13
LH:0
BRDA:47,0,0,0
BRDA:47,0,1,0
BRDA:48,1,0,0
BRDA:48,1,1,0
BRF:4
BRH:0
end_of_record
TN:
SF:components\ui\toggle.tsx
FN:35,(anonymous_9)
FNF:1
FNH:0
FNDA:0,(anonymous_9)
DA:3,0
DA:4,0
DA:5,0
DA:7,0
DA:9,0
DA:31,0
DA:36,0
DA:43,0
DA:45,0
LF:9
LH:0
BRF:0
BRH:0
end_of_record
TN:
SF:components\ui\tooltip.tsx
FN:17,(anonymous_9)
FNF:1
FNH:0
FNDA:0,(anonymous_9)
DA:3,0
DA:4,0
DA:6,0
DA:8,0
DA:10,0
DA:12,0
DA:14,0
DA:18,0
DA:28,0
DA:30,0
LF:10
LH:0
BRDA:17,0,0,0
BRF:1
BRH:0
end_of_record
TN:
SF:components\ui\use-mobile.tsx
FN:5,useIsMobile
FN:8,(anonymous_10)
FN:10,(anonymous_11)
FN:15,(anonymous_12)
FNF:4
FNH:0
FNDA:0,useIsMobile
FNDA:0,(anonymous_10)
FNDA:0,(anonymous_11)
FNDA:0,(anonymous_12)
DA:1,0
DA:3,0
DA:5,0
DA:6,0
DA:8,0
DA:9,0
DA:10,0
DA:11,0
DA:13,0
DA:14,0
DA:15,0
DA:18,0
LF:12
LH:0
BRF:0
BRH:0
end_of_record
TN:
SF:components\ui\use-toast.ts
FN:30,genId
FN:61,(anonymous_10)
FN:66,(anonymous_11)
FN:77,(anonymous_12)
FN:88,(anonymous_13)
FN:101,(anonymous_14)
FN:108,(anonymous_15)
FN:127,(anonymous_16)
FN:136,dispatch
FN:138,(anonymous_18)
FN:145,toast
FN:148,(anonymous_20)
FN:153,(anonymous_21)
FN:161,(anonymous_22)
FN:174,useToast
FN:177,(anonymous_24)
FN:179,(anonymous_25)
FN:190,(anonymous_26)
FNF:18
FNH:0
FNDA:0,genId
FNDA:0,(anonymous_10)
FNDA:0,(anonymous_11)
FNDA:0,(anonymous_12)
FNDA:0,(anonymous_13)
FNDA:0,(anonymous_14)
FNDA:0,(anonymous_15)
FNDA:0,(anonymous_16)
FNDA:0,dispatch
FNDA:0,(anonymous_18)
FNDA:0,toast
FNDA:0,(anonymous_20)
FNDA:0,(anonymous_21)
FNDA:0,(anonymous_22)
FNDA:0,useToast
FNDA:0,(anonymous_24)
FNDA:0,(anonymous_25)
FNDA:0,(anonymous_26)
DA:4,0
DA:11,0
DA:12,0
DA:21,0
DA:28,0
DA:31,0
DA:32,0
DA:59,0
DA:61,0
DA:62,0
DA:63,0
DA:66,0
DA:67,0
DA:68,0
DA:74,0
DA:77,0
DA:78,0
DA:80,0
DA:86,0
DA:89,0
DA:94,0
DA:98,0
DA:99,0
DA:101,0
DA:102,0
DA:106,0
DA:109,0
DA:119,0
DA:120,0
DA:125,0
DA:127,0
DA:132,0
DA:134,0
DA:137,0
DA:138,0
DA:139,0
DA:146,0
DA:148,0
DA:149,0
DA:153,0
DA:155,0
DA:162,0
DA:167,0
DA:175,0
DA:177,0
DA:178,0
DA:179,0
DA:180,0
DA:181,0
DA:182,0
DA:187,0
DA:190,0
DA:194,0
LF:53
LH:0
BRDA:62,0,0,0
BRDA:78,1,0,0
BRDA:78,1,1,0
BRDA:78,1,2,0
BRDA:78,1,3,0
BRDA:89,2,0,0
BRDA:89,2,1,0
BRDA:98,3,0,0
BRDA:98,3,1,0
BRDA:109,4,0,0
BRDA:109,4,1,0
BRDA:109,5,0,0
BRDA:109,5,1,0
BRDA:119,6,0,0
BRDA:162,7,0,0
BRDA:181,8,0,0
BRF:16
BRH:0
end_of_record
TN:
SF:lib\heatmap-generator.ts
FN:17,(anonymous_10)
FN:23,(anonymous_11)
FN:48,(anonymous_12)
FN:50,(anonymous_13)
FN:54,(anonymous_14)
FN:74,(anonymous_15)
FN:156,(anonymous_16)
FN:159,(anonymous_17)
FN:161,(anonymous_18)
FNF:9
FNH:3
FNDA:1,(anonymous_10)
FNDA:1,(anonymous_11)
FNDA:0,(anonymous_12)
FNDA:0,(anonymous_13)
FNDA:1,(anonymous_14)
FNDA:0,(anonymous_15)
FNDA:0,(anonymous_16)
FNDA:0,(anonymous_17)
FNDA:0,(anonymous_18)
DA:1,2
DA:3,2
DA:11,2
DA:12,1
DA:13,1
DA:14,1
DA:15,1
DA:18,1
DA:19,0
DA:24,1
DA:25,1
DA:26,0
DA:27,0
DA:30,1
DA:31,1
DA:33,1
DA:34,1
DA:36,0
DA:38,0
DA:41,0
DA:42,0
DA:44,1
DA:49,0
DA:50,0
DA:55,1
DA:56,0
DA:57,0
DA:59,0
DA:67,1
DA:68,1
DA:69,1
DA:71,1
DA:73,1
DA:74,0
DA:76,0
DA:78,0
DA:82,0
DA:83,0
DA:86,0
DA:87,0
DA:88,0
DA:89,0
DA:90,0
DA:93,0
DA:102,0
DA:103,0
DA:104,0
DA:105,0
DA:106,0
DA:108,0
DA:109,0
DA:110,0
DA:111,0
DA:112,0
DA:122,0
DA:128,0
DA:131,0
DA:134,0
DA:136,0
DA:142,1
DA:143,1
DA:150,1
DA:151,1
DA:152,1
DA:158,0
DA:159,0
DA:161,0
LF:67
LH:26
BRDA:18,0,0,0
BRDA:24,1,0,0
BRDA:25,2,0,0
BRDA:55,3,0,0
BRDA:111,4,0,0
BRDA:128,5,0,0
BRDA:128,5,1,0
BRDA:128,6,0,0
BRDA:128,6,1,0
BRDA:128,7,0,0
BRDA:128,7,1,0
BRDA:150,8,0,0
BRDA:151,9,0,0
BRDA:152,10,0,0
BRF:14
BRH:0
end_of_record
TN:
SF:lib\ollama-client.ts
FN:16,(anonymous_0)
FN:24,(anonymous_1)
FN:25,(anonymous_2)
FN:28,(anonymous_3)
FN:52,(anonymous_4)
FN:113,(anonymous_5)
FNF:6
FNH:0
FNDA:0,(anonymous_0)
FNDA:0,(anonymous_1)
FNDA:0,(anonymous_2)
FNDA:0,(anonymous_3)
FNDA:0,(anonymous_4)
FNDA:0,(anonymous_5)
DA:7,0
DA:13,0
DA:14,0
DA:17,0
DA:18,0
DA:19,0
DA:20,0
DA:21,0
DA:25,0
DA:29,0
DA:30,0
DA:32,0
DA:33,0
DA:35,0
DA:36,0
DA:38,0
DA:41,0
DA:43,0
DA:45,0
DA:46,0
DA:48,0
DA:53,0
DA:54,0
DA:57,0
DA:58,0
DA:84,0
DA:104,0
DA:105,0
DA:106,0
DA:108,0
DA:109,0
DA:114,0
DA:115,0
DA:118,0
DA:119,0
DA:154,0
DA:155,0
DA:156,0
DA:158,0
DA:159,0
LF:40
LH:0
BRDA:28,0,0,0
BRDA:32,1,0,0
BRDA:33,2,0,0
BRDA:33,3,0,0
BRDA:33,3,1,0
BRDA:43,4,0,0
BRDA:53,5,0,0
BRDA:114,6,0,0
BRF:8
BRH:0
end_of_record
TN:
SF:lib\predefined-briefs.ts
FNF:0
FNH:0
DA:14,0
LF:1
LH:0
BRF:0
BRH:0
end_of_record
TN:
SF:lib\utils.ts
FN:4,cn
FNF:1
FNH:0
FNDA:0,cn
DA:1,0
DA:2,0
DA:4,0
DA:5,0
LF:4
LH:0
BRF:0
BRH:0
end_of_record
